<?xml version="1.0" encoding="utf-8"?>
<TestRun id="e81e5943-4b15-4393-a979-2825949e0075" name="@ip-10-130-163-171 2025-09-12 12:49:31" xmlns="http://microsoft.com/schemas/VisualStudio/TeamTest/2010">
  <Times creation="2025-09-12T12:49:32.0090733+12:00" queuing="2025-09-12T12:49:32.0090734+12:00" start="2025-09-12T12:47:46.8380467+12:00" finish="2025-09-12T12:52:14.0096673+12:00" />
  <TestSettings name="default" id="cb37170f-a285-445e-a1b3-b7ff128f27cb">
    <Deployment runDeploymentRoot="_ip-10-130-163-171_2025-09-12_12_49_31" />
  </TestSettings>
  <Results>
    <UnitTestResult executionId="31cafbc6-6fa6-4ae9-b348-1c414a8940ea" testId="77b189ce-eb39-7c71-e2c3-21da24d1bcc0" testName="POrchAPI_Invalid_Creditor_Particulars_Return_Error (\,400,)" computerName="ip-10-130-163-171" duration="00:00:00.0089757" startTime="2025-09-12T12:50:37.8225934+12:00" endTime="2025-09-12T12:50:37.8317391+12:00" testType="13cdc9d9-ddb5-4fa4-a97d-d965ccfc6d4b" outcome="Passed" testListId="8c84fa94-04c1-424b-9868-57a2d4851a1d" relativeResultsDirectory="31cafbc6-6fa6-4ae9-b348-1c414a8940ea">
      <Output>
        <StdOut>[2025-09-12 12:50:37 INF] Starting Test Execution: POrchAPI_Invalid_Creditor_Particulars_Return_Error:["[PayeeParticularsValue, \\]","[StatusCode, 400]"]
[2025-09-12 12:50:37 INF] Finished Test Execution: POrchAPI_Invalid_Creditor_Particulars_Return_Error
[2025-09-12 12:50:37 INF] ---------------------------------------------------



TestContext Messages:
Given a POrch PaymentRequest is created
-&gt; done: POrchAPIStepDefinitions.GivenAPOrchPaymentRequestIsCreated() (0.0s)
And the Payment Creditor particulars is \
-&gt; done: POrchAPIStepDefinitions.WhenTheCreditorParticularsIs("Payment", "\") (0.0s)
When POrch Payment API is called
-&gt; done: POrchAPIStepDefinitions.WhenPOrchAPIIsCalled("Payment") (0.0s)
Then the request should return status code 400
-&gt; done: POrchAPIStepDefinitions.ThenTheRequestShouldReturnStatusCode(400) (0.0s)</StdOut>
      </Output>
    </UnitTestResult>
    <UnitTestResult executionId="2f22897a-b327-4534-9440-4b791444f744" testId="9949895d-04f1-c413-02a3-f5fbc14f55ed" testName="POrchAPI_Other_Middleware_Responses_Do_Not_Retry (UnknownError,500,)" computerName="ip-10-130-163-171" duration="00:00:01.0846202" startTime="2025-09-12T12:51:18.4243474+12:00" endTime="2025-09-12T12:51:19.5091258+12:00" testType="13cdc9d9-ddb5-4fa4-a97d-d965ccfc6d4b" outcome="Passed" testListId="8c84fa94-04c1-424b-9868-57a2d4851a1d" relativeResultsDirectory="2f22897a-b327-4534-9440-4b791444f744">
      <Output>
        <StdOut>[2025-09-12 12:51:18 INF] Starting Test Execution: POrchAPI_Other_Middleware_Responses_Do_Not_Retry:["[Response, UnknownError]","[StatusCode, 500]"]
[2025-09-12 12:51:18 INF] Mocks are not ready after 1 / 5 attempt(s). Expected 3 mock(s) to be registered with the manager and got 0.
[2025-09-12 12:51:18 INF] Successfully created map FraudcheckMock_Authorize_73d15109-d428-46c8-93ce-8dc05c3be08e for /api/v1/financial-transaction-fraud-checks
[2025-09-12 12:51:18 INF] Successfully created map MiddlewareSuccess_e362ae75-c9b9-47b8-8fa6-312aaaa5b418 for /initialisepaymentorder/basic
[2025-09-12 12:51:18 INF] Successfully created map MiddlewareFailure_UnknownError_ce153f0c-faa7-4b7d-b07e-cb8445d81bf0_1 for /initialisepaymentorder/basic
[2025-09-12 12:51:19 INF] Finished Test Execution: POrchAPI_Other_Middleware_Responses_Do_Not_Retry
[2025-09-12 12:51:19 INF] ---------------------------------------------------



TestContext Messages:
Given a POrch PaymentRequest is created
-&gt; done: POrchAPIStepDefinitions.GivenAPOrchPaymentRequestIsCreated() (0.0s)
And the credit Account is 389300099302202
-&gt; done: POrchAPIStepDefinitions.WhenTheCreditAccountIs("389300099302202") (0.0s)
And FraudCheck Response is Authorize
-&gt; done: POrchAPIStepDefinitions.SetFraudCheckResponse("Authorize") (0.0s)
And the Middleware responses will be UnknownError then 201
-&gt; done: POrchAPIStepDefinitions.GivenTheMiddlewareResponsesWillBe("UnknownError") (0.0s)
When POrch Payment API is called
-&gt; done: POrchAPIStepDefinitions.WhenPOrchAPIIsCalled("Payment") (1.1s)
Then the request should return status code 500
-&gt; done: POrchAPIStepDefinitions.ThenTheRequestShouldReturnStatusCode(500) (0.0s)</StdOut>
      </Output>
    </UnitTestResult>
    <UnitTestResult executionId="c2bf5666-a1d9-4437-92ce-a67b11271137" testId="0c35ab26-c024-d956-23a5-b4f2d6aef4c2" testName="POrchAPI_UltracsTMV_Transfer_Invalid_Transfer_Reference_Return_Error (transfer,400,)" computerName="ip-10-130-163-171" duration="00:00:00.0098801" startTime="2025-09-12T12:52:13.8217950+12:00" endTime="2025-09-12T12:52:13.8317912+12:00" testType="13cdc9d9-ddb5-4fa4-a97d-d965ccfc6d4b" outcome="Passed" testListId="8c84fa94-04c1-424b-9868-57a2d4851a1d" relativeResultsDirectory="c2bf5666-a1d9-4437-92ce-a67b11271137">
      <Output>
        <StdOut>[2025-09-12 12:52:13 INF] Starting Test Execution: POrchAPI_UltracsTMV_Transfer_Invalid_Transfer_Reference_Return_Error:["[TransferRefValue, transfer]","[StatusCode, 400]"]
[2025-09-12 12:52:13 INF] Finished Test Execution: POrchAPI_UltracsTMV_Transfer_Invalid_Transfer_Reference_Return_Error
[2025-09-12 12:52:13 INF] ---------------------------------------------------



TestContext Messages:
Given a Ultracs to TMV POrch TransferRequest is created
-&gt; done: POrchAPIStepDefinitions.ConditionalPOrchTransferRequestIsCreated("Ultracs", "TMV") (0.0s)
And the Transfer Reference is transfer
-&gt; done: POrchAPIStepDefinitions.TheTransferReferenceIs("transfer") (0.0s)
When POrch Transfer API is called
-&gt; done: POrchAPIStepDefinitions.WhenPOrchAPIIsCalled("Transfer") (0.0s)
Then the request should return status code 400
-&gt; done: POrchAPIStepDefinitions.ThenTheRequestShouldReturnStatusCode(400) (0.0s)</StdOut>
      </Output>
    </UnitTestResult>
    <UnitTestResult executionId="39d23a05-3877-43f2-a0ca-a7f15a7f1d08" testId="566b1200-57eb-44bd-2743-4b05607b5df1" testName="POrchAPI_Valid_Debtor_Code_Return_Success (()+$*!;-/?:,201,)" computerName="ip-10-130-163-171" duration="00:00:01.0836874" startTime="2025-09-12T12:49:51.6196925+12:00" endTime="2025-09-12T12:49:52.7036210+12:00" testType="13cdc9d9-ddb5-4fa4-a97d-d965ccfc6d4b" outcome="Passed" testListId="8c84fa94-04c1-424b-9868-57a2d4851a1d" relativeResultsDirectory="39d23a05-3877-43f2-a0ca-a7f15a7f1d08">
      <Output>
        <StdOut>[2025-09-12 12:49:51 INF] Starting Test Execution: POrchAPI_Valid_Debtor_Code_Return_Success:["[DebtorCodeValue, ()+$*!;-/?:]","[StatusCode, 201]"]
[2025-09-12 12:49:51 INF] Mocks are not ready after 1 / 5 attempt(s). Expected 2 mock(s) to be registered with the manager and got 0.
[2025-09-12 12:49:51 INF] Successfully created map FraudcheckMock_Authorize_6293da55-be7b-4c54-aecf-85ae070a2cb5 for /api/v1/financial-transaction-fraud-checks
[2025-09-12 12:49:51 INF] Successfully created map MiddlewareMock_Success_d073a21e-3092-4f58-802b-f8846e3f9ab9 for /initialisepaymentorder/basic
[2025-09-12 12:49:52 INF] Response has PaymentId: c9879abf-a7c5-4ca7-898c-616527645b50
[2025-09-12 12:49:52 INF] Finished Test Execution: POrchAPI_Valid_Debtor_Code_Return_Success
[2025-09-12 12:49:52 INF] ---------------------------------------------------



TestContext Messages:
Given a POrch PaymentRequest is created
-&gt; done: POrchAPIStepDefinitions.GivenAPOrchPaymentRequestIsCreated() (0.0s)
And the Payment Debtor Code is ()+$*!;-/?:
-&gt; done: POrchAPIStepDefinitions.WhenTheDebtorCodeIs("Payment", "()+$*!;-/?:") (0.0s)
And FraudCheck Response is Authorize
-&gt; done: POrchAPIStepDefinitions.SetFraudCheckResponse("Authorize") (0.0s)
And MiddleWare Response is Success
-&gt; done: POrchAPIStepDefinitions.SetMiddlewareResponse("Success") (0.0s)
When POrch Payment API is called
-&gt; done: POrchAPIStepDefinitions.WhenPOrchAPIIsCalled("Payment") (1.1s)
Then the request should return status code 201
-&gt; done: POrchAPIStepDefinitions.ThenTheRequestShouldReturnStatusCode(201) (0.0s)</StdOut>
      </Output>
    </UnitTestResult>
    <UnitTestResult executionId="935b6288-ab2b-477a-a881-468291b7f825" testId="b8ce9f29-cdc4-e1d3-26c0-ac7a8c66e827" testName="POrchAPI_TMVToUltracs_Valid_Debtor_Particulars_Return_Success (=@#_%,.,201,)" computerName="ip-10-130-163-171" duration="00:00:01.1020710" startTime="2025-09-12T12:51:35.6966091+12:00" endTime="2025-09-12T12:51:36.7988357+12:00" testType="13cdc9d9-ddb5-4fa4-a97d-d965ccfc6d4b" outcome="Passed" testListId="8c84fa94-04c1-424b-9868-57a2d4851a1d" relativeResultsDirectory="935b6288-ab2b-477a-a881-468291b7f825">
      <Output>
        <StdOut>[2025-09-12 12:51:35 INF] Starting Test Execution: POrchAPI_TMVToUltracs_Valid_Debtor_Particulars_Return_Success:["[DebtorParticularsValue, =@#_%,.]","[StatusCode, 201]"]
[2025-09-12 12:51:35 INF] Mocks are not ready after 1 / 5 attempt(s). Expected 2 mock(s) to be registered with the manager and got 0.
[2025-09-12 12:51:35 INF] Successfully created map AdpsMock_Success_df5fd163-35c7-4ab1-984c-dba257bb6731 for /api/v1/payment-instruction/domestic/immediate
[2025-09-12 12:51:35 INF] Successfully created map MiddlewareMock_Success_3957167e-67a6-43d2-a0c0-f69acdf0e828 for /initialisepaymentorder/basic
[2025-09-12 12:51:36 INF] Response has PaymentId: f14dea67-91be-4c02-a10a-ee181d8f4c8e
[2025-09-12 12:51:36 INF] Finished Test Execution: POrchAPI_TMVToUltracs_Valid_Debtor_Particulars_Return_Success
[2025-09-12 12:51:36 INF] ---------------------------------------------------



TestContext Messages:
Given a TMV to Ultracs POrch TransferRequest is created
-&gt; done: POrchAPIStepDefinitions.ConditionalPOrchTransferRequestIsCreated("TMV", "Ultracs") (0.0s)
And the Transfer Debtor particulars is =@#_%,.
-&gt; done: POrchAPIStepDefinitions.WhenTheDebtorParticularsIs("Transfer", "=@#_%,.") (0.0s)
And ADPS Response is Success
-&gt; done: POrchAPIStepDefinitions.SetAdpsResponse("Success") (0.0s)
And MiddleWare Response is Success
-&gt; done: POrchAPIStepDefinitions.SetMiddlewareResponse("Success") (0.0s)
When POrch Transfer API is called
-&gt; done: POrchAPIStepDefinitions.WhenPOrchAPIIsCalled("Transfer") (1.1s)
Then the request should return status code 201
-&gt; done: POrchAPIStepDefinitions.ThenTheRequestShouldReturnStatusCode(201) (0.0s)</StdOut>
      </Output>
    </UnitTestResult>
    <UnitTestResult executionId="e38ea98a-b46d-46aa-9d76-755f7a7386c0" testId="429a1c3b-e939-1746-62d9-442bf834c169" testName="POrchAPI_Fraud_Retries (503,,)" computerName="ip-10-130-163-171" duration="00:00:01.6319944" startTime="2025-09-12T12:50:53.0892077+12:00" endTime="2025-09-12T12:50:54.7213469+12:00" testType="13cdc9d9-ddb5-4fa4-a97d-d965ccfc6d4b" outcome="Passed" testListId="8c84fa94-04c1-424b-9868-57a2d4851a1d" relativeResultsDirectory="e38ea98a-b46d-46aa-9d76-755f7a7386c0">
      <Output>
        <StdOut>[2025-09-12 12:50:53 INF] Starting Test Execution: POrchAPI_Fraud_Retries:["[ErrorCode, 503]"]
[2025-09-12 12:50:53 INF] Mocks are not ready after 1 / 5 attempt(s). Expected 3 mock(s) to be registered with the manager and got 0.
[2025-09-12 12:50:53 INF] Successfully created map FraudErrorResponse_503_f3562770-53d2-4bca-afe9-529f8dbaeb1f_1 for /api/v1/financial-transaction-fraud-checks
[2025-09-12 12:50:53 INF] Successfully created map FraudSuccess_64de8973-cf29-4042-a69e-bc8e79e152ad for /api/v1/financial-transaction-fraud-checks
[2025-09-12 12:50:53 INF] Successfully created map MiddlewareMock_Success_e007fe48-f89a-4647-a1e2-d4bab1c46b9a for /initialisepaymentorder/basic
[2025-09-12 12:50:54 INF] Response has PaymentId: 9fcde5f3-1314-4777-a8f1-d41709fdd7d3
[2025-09-12 12:50:54 INF] Finished Test Execution: POrchAPI_Fraud_Retries
[2025-09-12 12:50:54 INF] ---------------------------------------------------



TestContext Messages:
Given a POrch PaymentRequest is created
-&gt; done: POrchAPIStepDefinitions.GivenAPOrchPaymentRequestIsCreated() (0.0s)
And the credit Account is 389300099302202
-&gt; done: POrchAPIStepDefinitions.WhenTheCreditAccountIs("389300099302202") (0.0s)
And the Fraudcheck mock response will return 503 then 200
-&gt; done: POrchAPIStepDefinitions.GivenTheFraudcheckMockResponseWillReturnThen("503") (0.0s)
And MiddleWare Response is Success
-&gt; done: POrchAPIStepDefinitions.SetMiddlewareResponse("Success") (0.0s)
When POrch Payment API is called
-&gt; done: POrchAPIStepDefinitions.WhenPOrchAPIIsCalled("Payment") (1.6s)
Then the request should return status code 201
-&gt; done: POrchAPIStepDefinitions.ThenTheRequestShouldReturnStatusCode(201) (0.0s)</StdOut>
      </Output>
    </UnitTestResult>
    <UnitTestResult executionId="df7a7467-a2c4-4cc0-ae6d-d13366a81637" testId="2312b328-8686-77ae-427a-1dc0d27ceadb" testName="POrchAPI_Transfer_Invalid_Creditor_Account_Source_Return_Error (External,400,'CreditorAccountSource' can only be Ultracs or TMV for transfers.,)" computerName="ip-10-130-163-171" duration="00:00:00.0077572" startTime="2025-09-12T12:52:13.7988502+12:00" endTime="2025-09-12T12:52:13.8067241+12:00" testType="13cdc9d9-ddb5-4fa4-a97d-d965ccfc6d4b" outcome="Passed" testListId="8c84fa94-04c1-424b-9868-57a2d4851a1d" relativeResultsDirectory="df7a7467-a2c4-4cc0-ae6d-d13366a81637">
      <Output>
        <StdOut>[2025-09-12 12:52:13 INF] Starting Test Execution: POrchAPI_Transfer_Invalid_Creditor_Account_Source_Return_Error:["[AccountSource, External]","[StatusCode, 400]","[ErrorMessage, 'CreditorAccountSource' can only be Ultracs or TMV for transfers.]"]
[2025-09-12 12:52:13 INF] Finished Test Execution: POrchAPI_Transfer_Invalid_Creditor_Account_Source_Return_Error
[2025-09-12 12:52:13 INF] ---------------------------------------------------



TestContext Messages:
Given a POrch TransferRequest is created
-&gt; done: POrchAPIStepDefinitions.GivenAPOrchTransferRequestIsCreated() (0.0s)
And the transfer Creditor Account Source is External
-&gt; done: POrchAPIStepDefinitions.GivenTheTransferCreditorAccountSourceIs("External") (0.0s)
When POrch Transfer API is called
-&gt; done: POrchAPIStepDefinitions.WhenPOrchAPIIsCalled("Transfer") (0.0s)
Then the request should return status code 400
-&gt; done: POrchAPIStepDefinitions.ThenTheRequestShouldReturnStatusCode(400) (0.0s)
And the error message should be 'CreditorAccountSource' can only be Ultracs or TMV for transfers.
-&gt; done: POrchAPIStepDefinitions.ThenTheErrorMessageShouldBeErrorMessage("'CreditorAccountS...") (0.0s)</StdOut>
      </Output>
    </UnitTestResult>
    <UnitTestResult executionId="9dd61406-84a9-49db-ae0c-f80101a1fbd1" testId="ab6d71d0-ee6a-f04c-a6dd-a8a8852d24a1" testName="POrchAPI_Invalid_Debit_Account_Return_Error (38123456789765,400,)" computerName="ip-10-130-163-171" duration="00:00:00.0079233" startTime="2025-09-12T12:50:37.7277232+12:00" endTime="2025-09-12T12:50:37.7358017+12:00" testType="13cdc9d9-ddb5-4fa4-a97d-d965ccfc6d4b" outcome="Passed" testListId="8c84fa94-04c1-424b-9868-57a2d4851a1d" relativeResultsDirectory="9dd61406-84a9-49db-ae0c-f80101a1fbd1">
      <Output>
        <StdOut>[2025-09-12 12:50:37 INF] Starting Test Execution: POrchAPI_Invalid_Debit_Account_Return_Error:["[DebitAccountValue, 38123456789765]","[StatusCode, 400]"]
[2025-09-12 12:50:37 INF] Finished Test Execution: POrchAPI_Invalid_Debit_Account_Return_Error
[2025-09-12 12:50:37 INF] ---------------------------------------------------



TestContext Messages:
Given a POrch PaymentRequest is created
-&gt; done: POrchAPIStepDefinitions.GivenAPOrchPaymentRequestIsCreated() (0.0s)
And the Payment Debit Account field is 38123456789765
-&gt; done: POrchAPIStepDefinitions.WhenTheDebitAccountFieldIs("Payment", "38123456789765") (0.0s)
When POrch Payment API is called
-&gt; done: POrchAPIStepDefinitions.WhenPOrchAPIIsCalled("Payment") (0.0s)
Then the request should return status code 400
-&gt; done: POrchAPIStepDefinitions.ThenTheRequestShouldReturnStatusCode(400) (0.0s)</StdOut>
      </Output>
    </UnitTestResult>
    <UnitTestResult executionId="c5deb0f0-40b6-47c5-a152-3b4d16dcf79e" testId="4ce7a7b1-260a-ec58-a1fb-b116afa545c9" testName="POrchAPI_UltracsToTMV_Negative_MiddleWare_Response_409 (UnknownError,500,)" computerName="ip-10-130-163-171" duration="00:00:01.0423451" startTime="2025-09-12T12:52:12.4237775+12:00" endTime="2025-09-12T12:52:13.4667167+12:00" testType="13cdc9d9-ddb5-4fa4-a97d-d965ccfc6d4b" outcome="Passed" testListId="8c84fa94-04c1-424b-9868-57a2d4851a1d" relativeResultsDirectory="c5deb0f0-40b6-47c5-a152-3b4d16dcf79e">
      <Output>
        <StdOut>[2025-09-12 12:52:12 INF] Starting Test Execution: POrchAPI_UltracsToTMV_Negative_MiddleWare_Response_409:["[Result, UnknownError]","[StatusCode, 500]"]
[2025-09-12 12:52:12 INF] Mocks are not ready after 1 / 5 attempt(s). Expected 1 mock(s) to be registered with the manager and got 0.
[2025-09-12 12:52:12 INF] Successfully created map MiddlewareMock_UnknownError_9005bfd4-3714-46dc-9049-3b159a393aff for /initialisepaymentorder/basic
[2025-09-12 12:52:13 INF] Finished Test Execution: POrchAPI_UltracsToTMV_Negative_MiddleWare_Response_409
[2025-09-12 12:52:13 INF] ---------------------------------------------------



TestContext Messages:
Given a Ultracs to TMV POrch TransferRequest is created
-&gt; done: POrchAPIStepDefinitions.ConditionalPOrchTransferRequestIsCreated("Ultracs", "TMV") (0.0s)
And MiddleWare Response is UnknownError
-&gt; done: POrchAPIStepDefinitions.SetMiddlewareResponse("UnknownError") (0.0s)
When POrch Transfer API is called
-&gt; done: POrchAPIStepDefinitions.WhenPOrchAPIIsCalled("Transfer") (1.0s)
Then the request should return status code 500
-&gt; done: POrchAPIStepDefinitions.ThenTheRequestShouldReturnStatusCode(500) (0.0s)</StdOut>
      </Output>
    </UnitTestResult>
    <UnitTestResult executionId="0a774e4f-9cb9-4fe3-9795-2338ba762a9b" testId="5a784b05-d140-3c48-a864-8715e0cfaed9" testName="POrchAPI_Transfer_Invalid_Credit_Account_Return_Error (3800000000000000,400,)" computerName="ip-10-130-163-171" duration="00:00:00.0086871" startTime="2025-09-12T12:52:13.5727990+12:00" endTime="2025-09-12T12:52:13.5816024+12:00" testType="13cdc9d9-ddb5-4fa4-a97d-d965ccfc6d4b" outcome="Passed" testListId="8c84fa94-04c1-424b-9868-57a2d4851a1d" relativeResultsDirectory="0a774e4f-9cb9-4fe3-9795-2338ba762a9b">
      <Output>
        <StdOut>[2025-09-12 12:52:13 INF] Starting Test Execution: POrchAPI_Transfer_Invalid_Credit_Account_Return_Error:["[CreditAccounValue, 3800000000000000]","[StatusCode, 400]"]
[2025-09-12 12:52:13 INF] Finished Test Execution: POrchAPI_Transfer_Invalid_Credit_Account_Return_Error
[2025-09-12 12:52:13 INF] ---------------------------------------------------



TestContext Messages:
Given a POrch TransferRequest is created
-&gt; done: POrchAPIStepDefinitions.GivenAPOrchTransferRequestIsCreated() (0.0s)
And the Transfer Credit Account field is &lt;CreditAccountValue&gt;
-&gt; done: POrchAPIStepDefinitions.WhenTheCreditAccountFieldIs("Transfer", "&lt;CreditAccountValue&gt;") (0.0s)
When POrch Transfer API is called
-&gt; done: POrchAPIStepDefinitions.WhenPOrchAPIIsCalled("Transfer") (0.0s)
Then the request should return status code 400
-&gt; done: POrchAPIStepDefinitions.ThenTheRequestShouldReturnStatusCode(400) (0.0s)</StdOut>
      </Output>
    </UnitTestResult>
    <UnitTestResult executionId="98b49efd-7afd-4b8e-a3db-d913433e16fc" testId="f2eac08d-8d7d-c6e7-2cda-0b64c57484bd" testName="POrchAPI_Invalid_Creditor_Reference_Return_Error (abcdefghijklmnsey,400,)" computerName="ip-10-130-163-171" duration="00:00:00.0100890" startTime="2025-09-12T12:50:37.9109233+12:00" endTime="2025-09-12T12:50:37.9211826+12:00" testType="13cdc9d9-ddb5-4fa4-a97d-d965ccfc6d4b" outcome="Passed" testListId="8c84fa94-04c1-424b-9868-57a2d4851a1d" relativeResultsDirectory="98b49efd-7afd-4b8e-a3db-d913433e16fc">
      <Output>
        <StdOut>[2025-09-12 12:50:37 INF] Starting Test Execution: POrchAPI_Invalid_Creditor_Reference_Return_Error:["[CreditorReferenceValue, abcdefghijklmnsey]","[StatusCode, 400]"]
[2025-09-12 12:50:37 INF] Finished Test Execution: POrchAPI_Invalid_Creditor_Reference_Return_Error
[2025-09-12 12:50:37 INF] ---------------------------------------------------



TestContext Messages:
Given a POrch PaymentRequest is created
-&gt; done: POrchAPIStepDefinitions.GivenAPOrchPaymentRequestIsCreated() (0.0s)
And the Payment Creditor Reference is abcdefghijklmnsey
-&gt; done: POrchAPIStepDefinitions.WhenTheCreditorReferenceIs("Payment", "abcdefghijklmnsey") (0.0s)
When POrch Payment API is called
-&gt; done: POrchAPIStepDefinitions.WhenPOrchAPIIsCalled("Payment") (0.0s)
Then the request should return status code 400
-&gt; done: POrchAPIStepDefinitions.ThenTheRequestShouldReturnStatusCode(400) (0.0s)</StdOut>
      </Output>
    </UnitTestResult>
    <UnitTestResult executionId="e656d47d-a26f-46cc-89c0-de1934a19c52" testId="a3c39b41-51e1-a78c-afd1-34265f9d4312" testName="POrchAPI_Invalid_Credit_Account_Return_Error (3800000000000000,400,)" computerName="ip-10-130-163-171" duration="00:00:00.0089859" startTime="2025-09-12T12:50:37.7734777+12:00" endTime="2025-09-12T12:50:37.7825913+12:00" testType="13cdc9d9-ddb5-4fa4-a97d-d965ccfc6d4b" outcome="Passed" testListId="8c84fa94-04c1-424b-9868-57a2d4851a1d" relativeResultsDirectory="e656d47d-a26f-46cc-89c0-de1934a19c52">
      <Output>
        <StdOut>[2025-09-12 12:50:37 INF] Starting Test Execution: POrchAPI_Invalid_Credit_Account_Return_Error:["[CreditAccounValue, 3800000000000000]","[StatusCode, 400]"]
[2025-09-12 12:50:37 INF] Finished Test Execution: POrchAPI_Invalid_Credit_Account_Return_Error
[2025-09-12 12:50:37 INF] ---------------------------------------------------



TestContext Messages:
Given a POrch PaymentRequest is created
-&gt; done: POrchAPIStepDefinitions.GivenAPOrchPaymentRequestIsCreated() (0.0s)
And the Payment Credit Account field is &lt;CreditAccountValue&gt;
-&gt; done: POrchAPIStepDefinitions.WhenTheCreditAccountFieldIs("Payment", "&lt;CreditAccountValue&gt;") (0.0s)
When POrch Payment API is called
-&gt; done: POrchAPIStepDefinitions.WhenPOrchAPIIsCalled("Payment") (0.0s)
Then the request should return status code 400
-&gt; done: POrchAPIStepDefinitions.ThenTheRequestShouldReturnStatusCode(400) (0.0s)</StdOut>
      </Output>
    </UnitTestResult>
    <UnitTestResult executionId="510da119-d51f-4ec3-b340-5c9421aa2780" testId="ecec72ae-4a1b-0909-ceb8-34060384e02f" testName="POrchAPI_Various_Amounts_Return_Error_When_Length_Exceeded (1.234,,)" computerName="ip-10-130-163-171" duration="00:00:01.0665289" startTime="2025-09-12T12:49:42.0874561+12:00" endTime="2025-09-12T12:49:43.1543392+12:00" testType="13cdc9d9-ddb5-4fa4-a97d-d965ccfc6d4b" outcome="Passed" testListId="8c84fa94-04c1-424b-9868-57a2d4851a1d" relativeResultsDirectory="510da119-d51f-4ec3-b340-5c9421aa2780">
      <Output>
        <StdOut>[2025-09-12 12:49:42 INF] Starting Test Execution: POrchAPI_Various_Amounts_Return_Error_When_Length_Exceeded:["[Amount, 1.234]"]
[2025-09-12 12:49:42 INF] Mocks are not ready after 1 / 5 attempt(s). Expected 2 mock(s) to be registered with the manager and got 0.
[2025-09-12 12:49:42 INF] Successfully created map FraudcheckMock_Authorize_a37723c4-964c-448c-bc19-bdd1712ba848 for /api/v1/financial-transaction-fraud-checks
[2025-09-12 12:49:42 INF] Successfully created map MiddlewareMock_Success_d123b329-7f0e-4825-bbd8-836dcaabc081 for /initialisepaymentorder/basic
[2025-09-12 12:49:43 INF] Finished Test Execution: POrchAPI_Various_Amounts_Return_Error_When_Length_Exceeded
[2025-09-12 12:49:43 INF] ---------------------------------------------------



TestContext Messages:
Given a POrch PaymentRequest is created
-&gt; done: POrchAPIStepDefinitions.GivenAPOrchPaymentRequestIsCreated() (0.0s)
And the Payment Amount Field is 1.234
-&gt; done: POrchAPIStepDefinitions.WhenTheAcountFieldIs("Payment", "1.234") (0.0s)
And FraudCheck Response is Authorize
-&gt; done: POrchAPIStepDefinitions.SetFraudCheckResponse("Authorize") (0.0s)
And MiddleWare Response is Success
-&gt; done: POrchAPIStepDefinitions.SetMiddlewareResponse("Success") (0.0s)
When POrch Payment API is called
-&gt; done: POrchAPIStepDefinitions.WhenPOrchAPIIsCalled("Payment") (1.1s)
Then the request should return status code 400
-&gt; done: POrchAPIStepDefinitions.ThenTheRequestShouldReturnStatusCode(400) (0.0s)</StdOut>
      </Output>
    </UnitTestResult>
    <UnitTestResult executionId="85bb6cd4-c63a-449c-900c-befaae0aaae9" testId="f77ab445-72c1-9358-91c3-ed101d29fad1" testName="POrchAPI_Negative_MiddleWare_Response_409 (InsufficientFundsError,409,)" computerName="ip-10-130-163-171" duration="00:00:01.0861640" startTime="2025-09-12T12:50:02.4745635+12:00" endTime="2025-09-12T12:50:03.5609494+12:00" testType="13cdc9d9-ddb5-4fa4-a97d-d965ccfc6d4b" outcome="Passed" testListId="8c84fa94-04c1-424b-9868-57a2d4851a1d" relativeResultsDirectory="85bb6cd4-c63a-449c-900c-befaae0aaae9">
      <Output>
        <StdOut>[2025-09-12 12:50:02 INF] Starting Test Execution: POrchAPI_Negative_MiddleWare_Response_409:["[Result, InsufficientFundsError]","[StatusCode, 409]"]
[2025-09-12 12:50:02 INF] Mocks are not ready after 1 / 5 attempt(s). Expected 2 mock(s) to be registered with the manager and got 0.
[2025-09-12 12:50:02 INF] Successfully created map FraudcheckMock_Authorize_09b062ef-ca23-483d-b9f8-f421f48f433e for /api/v1/financial-transaction-fraud-checks
[2025-09-12 12:50:02 INF] Successfully created map MiddlewareMock_InsufficientFundsError_17cada78-3996-4e6d-851a-a263904a4cac for /initialisepaymentorder/basic
[2025-09-12 12:50:03 INF] Response has PaymentId: 211e8552-196c-40e3-8593-b3e50faba63d
[2025-09-12 12:50:03 INF] Finished Test Execution: POrchAPI_Negative_MiddleWare_Response_409
[2025-09-12 12:50:03 INF] ---------------------------------------------------



TestContext Messages:
Given a POrch PaymentRequest is created
-&gt; done: POrchAPIStepDefinitions.GivenAPOrchPaymentRequestIsCreated() (0.0s)
And FraudCheck Response is Authorize
-&gt; done: POrchAPIStepDefinitions.SetFraudCheckResponse("Authorize") (0.0s)
And MiddleWare Response is InsufficientFundsError
-&gt; done: POrchAPIStepDefinitions.SetMiddlewareResponse("InsufficientFunds...") (0.0s)
When POrch Payment API is called
-&gt; done: POrchAPIStepDefinitions.WhenPOrchAPIIsCalled("Payment") (1.1s)
Then the request should return status code 409
-&gt; done: POrchAPIStepDefinitions.ThenTheRequestShouldReturnStatusCode(409) (0.0s)</StdOut>
      </Output>
    </UnitTestResult>
    <UnitTestResult executionId="b2be0988-539c-453f-bf74-b5ff6cc23cc8" testId="e3d003eb-216d-67bb-ca2c-8e3b1ca8a7b8" testName="POrchAPI_Other_Middleware_Responses_Do_Not_Retry (FrozenError,409,)" computerName="ip-10-130-163-171" duration="00:00:01.0886472" startTime="2025-09-12T12:51:07.5706404+12:00" endTime="2025-09-12T12:51:08.6594856+12:00" testType="13cdc9d9-ddb5-4fa4-a97d-d965ccfc6d4b" outcome="Passed" testListId="8c84fa94-04c1-424b-9868-57a2d4851a1d" relativeResultsDirectory="b2be0988-539c-453f-bf74-b5ff6cc23cc8">
      <Output>
        <StdOut>[2025-09-12 12:51:07 INF] Starting Test Execution: POrchAPI_Other_Middleware_Responses_Do_Not_Retry:["[Response, FrozenError]","[StatusCode, 409]"]
[2025-09-12 12:51:07 INF] Mocks are not ready after 1 / 5 attempt(s). Expected 3 mock(s) to be registered with the manager and got 0.
[2025-09-12 12:51:07 INF] Successfully created map FraudcheckMock_Authorize_99c88563-68e1-461d-a825-7b049310adbc for /api/v1/financial-transaction-fraud-checks
[2025-09-12 12:51:07 INF] Successfully created map MiddlewareFailure_FrozenError_fbcd8de7-eaad-4d7e-820f-e27b83f767b2_1 for /initialisepaymentorder/basic
[2025-09-12 12:51:07 INF] Successfully created map MiddlewareSuccess_6550e2dd-3e84-4922-9190-da92c50949a8 for /initialisepaymentorder/basic
[2025-09-12 12:51:08 INF] Response has PaymentId: 0facc438-be54-4e99-8eed-822b17b7713e
[2025-09-12 12:51:08 INF] Finished Test Execution: POrchAPI_Other_Middleware_Responses_Do_Not_Retry
[2025-09-12 12:51:08 INF] ---------------------------------------------------



TestContext Messages:
Given a POrch PaymentRequest is created
-&gt; done: POrchAPIStepDefinitions.GivenAPOrchPaymentRequestIsCreated() (0.0s)
And the credit Account is 389300099302202
-&gt; done: POrchAPIStepDefinitions.WhenTheCreditAccountIs("389300099302202") (0.0s)
And FraudCheck Response is Authorize
-&gt; done: POrchAPIStepDefinitions.SetFraudCheckResponse("Authorize") (0.0s)
And the Middleware responses will be FrozenError then 201
-&gt; done: POrchAPIStepDefinitions.GivenTheMiddlewareResponsesWillBe("FrozenError") (0.0s)
When POrch Payment API is called
-&gt; done: POrchAPIStepDefinitions.WhenPOrchAPIIsCalled("Payment") (1.1s)
Then the request should return status code 409
-&gt; done: POrchAPIStepDefinitions.ThenTheRequestShouldReturnStatusCode(409) (0.0s)</StdOut>
      </Output>
    </UnitTestResult>
    <UnitTestResult executionId="3a31457d-df0a-4c92-9488-82691b1320b7" testId="0cf8d1ee-2aa5-1f26-f781-4fea09aaca63" testName="POrchAPI_Invalid_Debtor_Code_Return_Error (\,400,)" computerName="ip-10-130-163-171" duration="00:00:00.0078528" startTime="2025-09-12T12:50:37.8487446+12:00" endTime="2025-09-12T12:50:37.8567451+12:00" testType="13cdc9d9-ddb5-4fa4-a97d-d965ccfc6d4b" outcome="Passed" testListId="8c84fa94-04c1-424b-9868-57a2d4851a1d" relativeResultsDirectory="3a31457d-df0a-4c92-9488-82691b1320b7">
      <Output>
        <StdOut>[2025-09-12 12:50:37 INF] Starting Test Execution: POrchAPI_Invalid_Debtor_Code_Return_Error:["[DebtorCodeValue, \\]","[StatusCode, 400]"]
[2025-09-12 12:50:37 INF] Finished Test Execution: POrchAPI_Invalid_Debtor_Code_Return_Error
[2025-09-12 12:50:37 INF] ---------------------------------------------------



TestContext Messages:
Given a POrch PaymentRequest is created
-&gt; done: POrchAPIStepDefinitions.GivenAPOrchPaymentRequestIsCreated() (0.0s)
And the Payment Debtor Code is \
-&gt; done: POrchAPIStepDefinitions.WhenTheDebtorCodeIs("Payment", "\") (0.0s)
When POrch Payment API is called
-&gt; done: POrchAPIStepDefinitions.WhenPOrchAPIIsCalled("Payment") (0.0s)
Then the request should return status code 400
-&gt; done: POrchAPIStepDefinitions.ThenTheRequestShouldReturnStatusCode(400) (0.0s)</StdOut>
      </Output>
    </UnitTestResult>
    <UnitTestResult executionId="543c9f1c-eb2d-48d7-949d-78f8c1ee3673" testId="ca7de9fd-b635-9a89-8d2f-9d0eb6bc888b" testName="POrchAPI_TMVUltracs_Transfer_Invalid_Transfer_Reference_Return_Error (TRANSFER TO MR Test  00,400,)" computerName="ip-10-130-163-171" duration="00:00:00.0085760" startTime="2025-09-12T12:52:13.8639159+12:00" endTime="2025-09-12T12:52:13.8726535+12:00" testType="13cdc9d9-ddb5-4fa4-a97d-d965ccfc6d4b" outcome="Passed" testListId="8c84fa94-04c1-424b-9868-57a2d4851a1d" relativeResultsDirectory="543c9f1c-eb2d-48d7-949d-78f8c1ee3673">
      <Output>
        <StdOut>[2025-09-12 12:52:13 INF] Starting Test Execution: POrchAPI_TMVUltracs_Transfer_Invalid_Transfer_Reference_Return_Error:["[TransferRefValue, TRANSFER TO MR Test  00]","[StatusCode, 400]"]
[2025-09-12 12:52:13 INF] Finished Test Execution: POrchAPI_TMVUltracs_Transfer_Invalid_Transfer_Reference_Return_Error
[2025-09-12 12:52:13 INF] ---------------------------------------------------



TestContext Messages:
Given a TMV to Ultracs POrch TransferRequest is created
-&gt; done: POrchAPIStepDefinitions.ConditionalPOrchTransferRequestIsCreated("TMV", "Ultracs") (0.0s)
And the Transfer Reference is TRANSFER TO MR Test  00
-&gt; done: POrchAPIStepDefinitions.TheTransferReferenceIs("TRANSFER TO MR Te...") (0.0s)
When POrch Transfer API is called
-&gt; done: POrchAPIStepDefinitions.WhenPOrchAPIIsCalled("Transfer") (0.0s)
Then the request should return status code 400
-&gt; done: POrchAPIStepDefinitions.ThenTheRequestShouldReturnStatusCode(400) (0.0s)</StdOut>
      </Output>
    </UnitTestResult>
    <UnitTestResult executionId="8dbf506e-9d00-4966-9435-478701d9dcd1" testId="1bfbc150-832a-e4ca-ae13-017131075b85" testName="POrchAPI_PAS_Retries (502,,)" computerName="ip-10-130-163-171" duration="00:00:01.1371228" startTime="2025-09-12T12:50:40.8845546+12:00" endTime="2025-09-12T12:50:42.0218135+12:00" testType="13cdc9d9-ddb5-4fa4-a97d-d965ccfc6d4b" outcome="Passed" testListId="8c84fa94-04c1-424b-9868-57a2d4851a1d" relativeResultsDirectory="8dbf506e-9d00-4966-9435-478701d9dcd1">
      <Output>
        <StdOut>[2025-09-12 12:50:40 INF] Starting Test Execution: POrchAPI_PAS_Retries:["[ErrorCode, 502]"]
[2025-09-12 12:50:40 INF] Successfully created map FraudcheckMock_Decline_43fedaef-9ad5-4d33-8ca0-e2dc0f18d74b for /api/v1/financial-transaction-fraud-checks
[2025-09-12 12:50:40 INF] Successfully created map PASErrorResponse_502_e5a9121a-3510-4423-8a60-8c9604cc8edc_1 for /v2/activities
[2025-09-12 12:50:40 INF] Successfully created map PASSuccess_a511bc72-ba0e-44d0-838b-19b6767c5d4a for /v2/activities
[2025-09-12 12:50:42 INF] Response has PaymentId: e725e75b-ca10-44d9-b3c0-d893426aa275
[2025-09-12 12:50:42 INF] Finished Test Execution: POrchAPI_PAS_Retries
[2025-09-12 12:50:42 INF] ---------------------------------------------------



TestContext Messages:
Given a POrch PaymentRequest is created
-&gt; done: POrchAPIStepDefinitions.GivenAPOrchPaymentRequestIsCreated() (0.0s)
And FraudCheck Response is Decline
-&gt; done: POrchAPIStepDefinitions.SetFraudCheckResponse("Decline") (0.0s)
And the PAS mock response will return 502 then 200
-&gt; done: POrchAPIStepDefinitions.GivenThePASMockResponseWillReturnThen("502") (0.5s)
When POrch Payment API is called
-&gt; done: POrchAPIStepDefinitions.WhenPOrchAPIIsCalled("Payment") (0.6s)
Then the request should return status code 409
-&gt; done: POrchAPIStepDefinitions.ThenTheRequestShouldReturnStatusCode(409) (0.0s)
And there are 1 calls to the PASErrorResponse mock
-&gt; done: POrchAPIStepDefinitions.ThenThereAreCallsToThePasMock(1, "PASErrorResponse") (0.0s)
And there are 1 calls to the PASSuccess mock
-&gt; done: POrchAPIStepDefinitions.ThenThereAreCallsToThePasMock(1, "PASSuccess") (0.0s)</StdOut>
      </Output>
    </UnitTestResult>
    <UnitTestResult executionId="72a6aa5e-12fd-44cc-9b40-8631d830337c" testId="71d1c267-cd8e-60d5-e61b-182ab1bdc68a" testName="POrchAPI_Various_Amounts_Return_Success_When_Below_Max (1.11,,)" computerName="ip-10-130-163-171" duration="00:00:01.0864756" startTime="2025-09-12T12:49:36.5471686+12:00" endTime="2025-09-12T12:49:37.6339274+12:00" testType="13cdc9d9-ddb5-4fa4-a97d-d965ccfc6d4b" outcome="Passed" testListId="8c84fa94-04c1-424b-9868-57a2d4851a1d" relativeResultsDirectory="72a6aa5e-12fd-44cc-9b40-8631d830337c">
      <Output>
        <StdOut>[2025-09-12 12:49:36 INF] Starting Test Execution: POrchAPI_Various_Amounts_Return_Success_When_Below_Max:["[Amount, 1.11]"]
[2025-09-12 12:49:36 INF] Mocks are not ready after 1 / 5 attempt(s). Expected 2 mock(s) to be registered with the manager and got 0.
[2025-09-12 12:49:36 INF] Successfully created map FraudcheckMock_Authorize_6d89c6ff-47b8-4aae-b4bf-1ac6747a0053 for /api/v1/financial-transaction-fraud-checks
[2025-09-12 12:49:36 INF] Successfully created map MiddlewareMock_Success_3ac0950c-9ba2-48ed-ae46-e8815a9da5a5 for /initialisepaymentorder/basic
[2025-09-12 12:49:37 INF] Response has PaymentId: 61d5e44a-a9ec-464c-9822-4b7cc69252f4
[2025-09-12 12:49:37 INF] Finished Test Execution: POrchAPI_Various_Amounts_Return_Success_When_Below_Max
[2025-09-12 12:49:37 INF] ---------------------------------------------------



TestContext Messages:
Given a POrch PaymentRequest is created
-&gt; done: POrchAPIStepDefinitions.GivenAPOrchPaymentRequestIsCreated() (0.0s)
And the Payment Amount Field is 1.11
-&gt; done: POrchAPIStepDefinitions.WhenTheAcountFieldIs("Payment", "1.11") (0.0s)
And FraudCheck Response is Authorize
-&gt; done: POrchAPIStepDefinitions.SetFraudCheckResponse("Authorize") (0.0s)
And MiddleWare Response is Success
-&gt; done: POrchAPIStepDefinitions.SetMiddlewareResponse("Success") (0.0s)
When POrch Payment API is called
-&gt; done: POrchAPIStepDefinitions.WhenPOrchAPIIsCalled("Payment") (1.1s)
Then the request should return status code 201
-&gt; done: POrchAPIStepDefinitions.ThenTheRequestShouldReturnStatusCode(201) (0.0s)</StdOut>
      </Output>
    </UnitTestResult>
    <UnitTestResult executionId="46253645-df5c-47b8-a70b-0e3309ea8c69" testId="487b5447-1e0e-25cb-4f41-b1e89c7b33b5" testName="POrchAPI_TMVToTMV_Valid_Debtor_Particulars_Return_Success (=@#_%,.,201,)" computerName="ip-10-130-163-171" duration="00:00:01.0660661" startTime="2025-09-12T12:51:21.7269763+12:00" endTime="2025-09-12T12:51:22.7931792+12:00" testType="13cdc9d9-ddb5-4fa4-a97d-d965ccfc6d4b" outcome="Passed" testListId="8c84fa94-04c1-424b-9868-57a2d4851a1d" relativeResultsDirectory="46253645-df5c-47b8-a70b-0e3309ea8c69">
      <Output>
        <StdOut>[2025-09-12 12:51:21 INF] Starting Test Execution: POrchAPI_TMVToTMV_Valid_Debtor_Particulars_Return_Success:["[DebtorParticularsValue, =@#_%,.]","[StatusCode, 201]"]
[2025-09-12 12:51:21 INF] Mocks are not ready after 1 / 5 attempt(s). Expected 1 mock(s) to be registered with the manager and got 0.
[2025-09-12 12:51:21 INF] Successfully created map AdpsMock_Success_2fb0e3b1-f410-4acd-aff4-2e0448f64fcb for /api/v1/payment-instruction/domestic/immediate
[2025-09-12 12:51:22 INF] Response has PaymentId: b890f0c7-f0ce-458b-b905-c32e484d5fc3
[2025-09-12 12:51:22 INF] Finished Test Execution: POrchAPI_TMVToTMV_Valid_Debtor_Particulars_Return_Success
[2025-09-12 12:51:22 INF] ---------------------------------------------------



TestContext Messages:
Given a TMV to TMV POrch TransferRequest is created
-&gt; done: POrchAPIStepDefinitions.ConditionalPOrchTransferRequestIsCreated("TMV", "TMV") (0.0s)
And the Transfer Debtor particulars is =@#_%,.
-&gt; done: POrchAPIStepDefinitions.WhenTheDebtorParticularsIs("Transfer", "=@#_%,.") (0.0s)
And ADPS Response is Success
-&gt; done: POrchAPIStepDefinitions.SetAdpsResponse("Success") (0.0s)
When POrch Transfer API is called
-&gt; done: POrchAPIStepDefinitions.WhenPOrchAPIIsCalled("Transfer") (1.1s)
Then the request should return status code 201
-&gt; done: POrchAPIStepDefinitions.ThenTheRequestShouldReturnStatusCode(201) (0.0s)</StdOut>
      </Output>
    </UnitTestResult>
    <UnitTestResult executionId="26e9966b-8844-4a74-8549-322cb05e2f52" testId="124a5e80-5b0d-71a0-1c67-af5274a72cea" testName="POrchAPI_Invalid_Debtor_Reference_Return_Error (},400,)" computerName="ip-10-130-163-171" duration="00:00:00.0104906" startTime="2025-09-12T12:50:37.9614747+12:00" endTime="2025-09-12T12:50:37.9727437+12:00" testType="13cdc9d9-ddb5-4fa4-a97d-d965ccfc6d4b" outcome="Passed" testListId="8c84fa94-04c1-424b-9868-57a2d4851a1d" relativeResultsDirectory="26e9966b-8844-4a74-8549-322cb05e2f52">
      <Output>
        <StdOut>[2025-09-12 12:50:37 INF] Starting Test Execution: POrchAPI_Invalid_Debtor_Reference_Return_Error:["[DebtorReferenceValue, }]","[StatusCode, 400]"]
[2025-09-12 12:50:37 INF] Finished Test Execution: POrchAPI_Invalid_Debtor_Reference_Return_Error
[2025-09-12 12:50:37 INF] ---------------------------------------------------



TestContext Messages:
Given a POrch PaymentRequest is created
-&gt; done: POrchAPIStepDefinitions.GivenAPOrchPaymentRequestIsCreated() (0.0s)
And the Payment Debtor Reference is }
-&gt; done: POrchAPIStepDefinitions.WhenTheDebtorReferenceIs("Payment", "}") (0.0s)
When POrch Payment API is called
-&gt; done: POrchAPIStepDefinitions.WhenPOrchAPIIsCalled("Payment") (0.0s)
Then the request should return status code 400
-&gt; done: POrchAPIStepDefinitions.ThenTheRequestShouldReturnStatusCode(400) (0.0s)</StdOut>
      </Output>
    </UnitTestResult>
    <UnitTestResult executionId="4af1f83d-4e77-4147-9ab4-006623bb7553" testId="b62d72e0-9de4-5866-12c5-253681d0df88" testName="POrchAPI_TMVToUltracs_Valid_Debtor_Code_Return_Success (=@#_%,.,201,)" computerName="ip-10-130-163-171" duration="00:00:01.0879457" startTime="2025-09-12T12:51:40.0826457+12:00" endTime="2025-09-12T12:51:41.1707240+12:00" testType="13cdc9d9-ddb5-4fa4-a97d-d965ccfc6d4b" outcome="Passed" testListId="8c84fa94-04c1-424b-9868-57a2d4851a1d" relativeResultsDirectory="4af1f83d-4e77-4147-9ab4-006623bb7553">
      <Output>
        <StdOut>[2025-09-12 12:51:40 INF] Starting Test Execution: POrchAPI_TMVToUltracs_Valid_Debtor_Code_Return_Success:["[DebtorCodeValue, =@#_%,.]","[StatusCode, 201]"]
[2025-09-12 12:51:40 INF] Mocks are not ready after 1 / 5 attempt(s). Expected 2 mock(s) to be registered with the manager and got 0.
[2025-09-12 12:51:40 INF] Successfully created map AdpsMock_Success_9545d73b-417d-444a-821e-197391c8dad0 for /api/v1/payment-instruction/domestic/immediate
[2025-09-12 12:51:40 INF] Successfully created map MiddlewareMock_Success_63813a6e-989c-49f9-8b1c-5215485efa9f for /initialisepaymentorder/basic
[2025-09-12 12:51:41 INF] Response has PaymentId: 5a35ddca-274a-4bed-a1a0-c8ed82d3d37d
[2025-09-12 12:51:41 INF] Finished Test Execution: POrchAPI_TMVToUltracs_Valid_Debtor_Code_Return_Success
[2025-09-12 12:51:41 INF] ---------------------------------------------------



TestContext Messages:
Given a TMV to Ultracs POrch TransferRequest is created
-&gt; done: POrchAPIStepDefinitions.ConditionalPOrchTransferRequestIsCreated("TMV", "Ultracs") (0.0s)
And the Transfer Debtor Code is =@#_%,.
-&gt; done: POrchAPIStepDefinitions.WhenTheDebtorCodeIs("Transfer", "=@#_%,.") (0.0s)
And ADPS Response is Success
-&gt; done: POrchAPIStepDefinitions.SetAdpsResponse("Success") (0.0s)
And MiddleWare Response is Success
-&gt; done: POrchAPIStepDefinitions.SetMiddlewareResponse("Success") (0.0s)
When POrch Transfer API is called
-&gt; done: POrchAPIStepDefinitions.WhenPOrchAPIIsCalled("Transfer") (1.1s)
Then the request should return status code 201
-&gt; done: POrchAPIStepDefinitions.ThenTheRequestShouldReturnStatusCode(201) (0.0s)</StdOut>
      </Output>
    </UnitTestResult>
    <UnitTestResult executionId="509664fa-9f2c-4803-9ed7-c9f96b07e16c" testId="f2684dfd-f53c-b5d2-96f0-3d700f9cbced" testName="POrchAPI_Middleware_Times_Out" computerName="ip-10-130-163-171" duration="00:00:03.0712744" startTime="2025-09-12T12:51:04.4989215+12:00" endTime="2025-09-12T12:51:07.5703869+12:00" testType="13cdc9d9-ddb5-4fa4-a97d-d965ccfc6d4b" outcome="Passed" testListId="8c84fa94-04c1-424b-9868-57a2d4851a1d" relativeResultsDirectory="509664fa-9f2c-4803-9ed7-c9f96b07e16c">
      <Output>
        <StdOut>[2025-09-12 12:51:04 INF] Starting Test Execution: POrchAPI_Middleware_Times_Out:[]
[2025-09-12 12:51:04 INF] Successfully created map FraudcheckMock_Authorize_8768834c-4ee5-4e65-80d5-7e278ef02b43 for /api/v1/financial-transaction-fraud-checks
[2025-09-12 12:51:04 INF] Mocks are not ready after 1 / 5 attempt(s). Expected 2 mock(s) to be registered with the manager and got 1.
[2025-09-12 12:51:04 INF] Successfully created map MiddlewareMock_Success_9f685d71-fb10-47a8-bc23-a6dbe5fa0ecf for /initialisepaymentorder/basic
[2025-09-12 12:51:07 INF] Finished Test Execution: POrchAPI_Middleware_Times_Out
[2025-09-12 12:51:07 INF] ---------------------------------------------------



TestContext Messages:
Given a POrch PaymentRequest is created
-&gt; done: POrchAPIStepDefinitions.GivenAPOrchPaymentRequestIsCreated() (0.0s)
And the credit Account is 389300099302202
-&gt; done: POrchAPIStepDefinitions.WhenTheCreditAccountIs("389300099302202") (0.0s)
And FraudCheck Response is Authorize
-&gt; done: POrchAPIStepDefinitions.SetFraudCheckResponse("Authorize") (0.0s)
And MiddleWare Response will be Success with a delay of 15000ms
-&gt; done: POrchAPIStepDefinitions.SetMiddlewareResponse("Success", 15000) (0.0s)
When POrch Payment API is called
-&gt; done: POrchAPIStepDefinitions.WhenPOrchAPIIsCalled("Payment") (3.1s)
Then the request should return status code 500
-&gt; done: POrchAPIStepDefinitions.ThenTheRequestShouldReturnStatusCode(500) (0.0s)</StdOut>
      </Output>
    </UnitTestResult>
    <UnitTestResult executionId="ac2482e5-ea4b-4592-8e8e-e48fd72c50dc" testId="ea760280-3855-9de7-a46e-864928aef426" testName="POrchAPI_Transfer_Invalid_Debtor_Account_Source_Return_Error (&quot;&quot;,400,'DebtorAccountSource' can only be Ultracs or TMV for transfers.,)" computerName="ip-10-130-163-171" duration="00:00:00.0076846" startTime="2025-09-12T12:52:13.7721888+12:00" endTime="2025-09-12T12:52:13.7799939+12:00" testType="13cdc9d9-ddb5-4fa4-a97d-d965ccfc6d4b" outcome="Passed" testListId="8c84fa94-04c1-424b-9868-57a2d4851a1d" relativeResultsDirectory="ac2482e5-ea4b-4592-8e8e-e48fd72c50dc">
      <Output>
        <StdOut>[2025-09-12 12:52:13 INF] Starting Test Execution: POrchAPI_Transfer_Invalid_Debtor_Account_Source_Return_Error:["[AccountSource, \"\"]","[StatusCode, 400]","[ErrorMessage, 'DebtorAccountSource' can only be Ultracs or TMV for transfers.]"]
[2025-09-12 12:52:13 INF] Finished Test Execution: POrchAPI_Transfer_Invalid_Debtor_Account_Source_Return_Error
[2025-09-12 12:52:13 INF] ---------------------------------------------------



TestContext Messages:
Given a POrch TransferRequest is created
-&gt; done: POrchAPIStepDefinitions.GivenAPOrchTransferRequestIsCreated() (0.0s)
And the transfer Debtor Account Source is ""
-&gt; done: POrchAPIStepDefinitions.GivenTheTransferDebtorAccountSourceIs("""") (0.0s)
When POrch Transfer API is called
-&gt; done: POrchAPIStepDefinitions.WhenPOrchAPIIsCalled("Transfer") (0.0s)
Then the request should return status code 400
-&gt; done: POrchAPIStepDefinitions.ThenTheRequestShouldReturnStatusCode(400) (0.0s)
And the error message should be 'DebtorAccountSource' can only be Ultracs or TMV for transfers.
-&gt; done: POrchAPIStepDefinitions.ThenTheErrorMessageShouldBeErrorMessage("'DebtorAccountSou...") (0.0s)</StdOut>
      </Output>
    </UnitTestResult>
    <UnitTestResult executionId="70e940a3-e6a9-43d2-a4f0-ca36fc96622f" testId="a0157183-2b9e-596f-c60a-e365112807dc" testName="POrchAPI_PAS_Retries (504,,)" computerName="ip-10-130-163-171" duration="00:00:01.1450299" startTime="2025-09-12T12:50:43.1605887+12:00" endTime="2025-09-12T12:50:44.3057733+12:00" testType="13cdc9d9-ddb5-4fa4-a97d-d965ccfc6d4b" outcome="Passed" testListId="8c84fa94-04c1-424b-9868-57a2d4851a1d" relativeResultsDirectory="70e940a3-e6a9-43d2-a4f0-ca36fc96622f">
      <Output>
        <StdOut>[2025-09-12 12:50:43 INF] Starting Test Execution: POrchAPI_PAS_Retries:["[ErrorCode, 504]"]
[2025-09-12 12:50:43 INF] Successfully created map FraudcheckMock_Decline_8cb924e2-8c98-4d3f-b823-15be59f27edf for /api/v1/financial-transaction-fraud-checks
[2025-09-12 12:50:43 INF] Successfully created map PASSuccess_7f273022-bc58-4e67-850a-8abc23c5740c for /v2/activities
[2025-09-12 12:50:43 INF] Successfully created map PASErrorResponse_504_05a94358-d7dc-45a3-a018-5f4ff4dc30c3_1 for /v2/activities
[2025-09-12 12:50:44 INF] Response has PaymentId: 51ce8ba2-1e10-4210-878c-dd5506178948
[2025-09-12 12:50:44 INF] Finished Test Execution: POrchAPI_PAS_Retries
[2025-09-12 12:50:44 INF] ---------------------------------------------------



TestContext Messages:
Given a POrch PaymentRequest is created
-&gt; done: POrchAPIStepDefinitions.GivenAPOrchPaymentRequestIsCreated() (0.0s)
And FraudCheck Response is Decline
-&gt; done: POrchAPIStepDefinitions.SetFraudCheckResponse("Decline") (0.0s)
And the PAS mock response will return 504 then 200
-&gt; done: POrchAPIStepDefinitions.GivenThePASMockResponseWillReturnThen("504") (0.5s)
When POrch Payment API is called
-&gt; done: POrchAPIStepDefinitions.WhenPOrchAPIIsCalled("Payment") (0.6s)
Then the request should return status code 409
-&gt; done: POrchAPIStepDefinitions.ThenTheRequestShouldReturnStatusCode(409) (0.0s)
And there are 1 calls to the PASErrorResponse mock
-&gt; done: POrchAPIStepDefinitions.ThenThereAreCallsToThePasMock(1, "PASErrorResponse") (0.0s)
And there are 1 calls to the PASSuccess mock
-&gt; done: POrchAPIStepDefinitions.ThenThereAreCallsToThePasMock(1, "PASSuccess") (0.0s)</StdOut>
      </Output>
    </UnitTestResult>
    <UnitTestResult executionId="422a8d39-44db-41d1-b0e3-0da3d66481d9" testId="8b7df467-989e-dea2-b676-4968df992a0d" testName="POrchAPI_Valid_Debtor_Reference_Return_Success (=@#_%,.,201,)" computerName="ip-10-130-163-171" duration="00:00:01.0843972" startTime="2025-09-12T12:49:59.2075444+12:00" endTime="2025-09-12T12:50:00.2921659+12:00" testType="13cdc9d9-ddb5-4fa4-a97d-d965ccfc6d4b" outcome="Passed" testListId="8c84fa94-04c1-424b-9868-57a2d4851a1d" relativeResultsDirectory="422a8d39-44db-41d1-b0e3-0da3d66481d9">
      <Output>
        <StdOut>[2025-09-12 12:49:59 INF] Starting Test Execution: POrchAPI_Valid_Debtor_Reference_Return_Success:["[DebtorReferenceValue, =@#_%,.]","[StatusCode, 201]"]
[2025-09-12 12:49:59 INF] Mocks are not ready after 1 / 5 attempt(s). Expected 2 mock(s) to be registered with the manager and got 0.
[2025-09-12 12:49:59 INF] Successfully created map FraudcheckMock_Authorize_7158a709-518f-4c12-88da-c4d94de0f261 for /api/v1/financial-transaction-fraud-checks
[2025-09-12 12:49:59 INF] Successfully created map MiddlewareMock_Success_86a5aff1-2eae-4c26-9819-e6c1d8a063a5 for /initialisepaymentorder/basic
[2025-09-12 12:50:00 INF] Response has PaymentId: baad4de7-3f78-4d50-8938-e18fe1aca2ff
[2025-09-12 12:50:00 INF] Finished Test Execution: POrchAPI_Valid_Debtor_Reference_Return_Success
[2025-09-12 12:50:00 INF] ---------------------------------------------------



TestContext Messages:
Given a POrch PaymentRequest is created
-&gt; done: POrchAPIStepDefinitions.GivenAPOrchPaymentRequestIsCreated() (0.0s)
And the Payment Debtor Reference is =@#_%,.
-&gt; done: POrchAPIStepDefinitions.WhenTheDebtorReferenceIs("Payment", "=@#_%,.") (0.0s)
And FraudCheck Response is Authorize
-&gt; done: POrchAPIStepDefinitions.SetFraudCheckResponse("Authorize") (0.0s)
And MiddleWare Response is Success
-&gt; done: POrchAPIStepDefinitions.SetMiddlewareResponse("Success") (0.0s)
When POrch Payment API is called
-&gt; done: POrchAPIStepDefinitions.WhenPOrchAPIIsCalled("Payment") (1.1s)
Then the request should return status code 201
-&gt; done: POrchAPIStepDefinitions.ThenTheRequestShouldReturnStatusCode(201) (0.0s)</StdOut>
      </Output>
    </UnitTestResult>
    <UnitTestResult executionId="2cf3e876-1f62-4280-9fd7-9b7897af8cd8" testId="e7d2e063-5684-48de-cbd6-388356d5f6fc" testName="POrchAPI_Transfer_Invalid_Amount_Field_Return_Error (testAmount,400,)" computerName="ip-10-130-163-171" duration="00:00:00.0125424" startTime="2025-09-12T12:52:13.4667653+12:00" endTime="2025-09-12T12:52:13.4798258+12:00" testType="13cdc9d9-ddb5-4fa4-a97d-d965ccfc6d4b" outcome="Passed" testListId="8c84fa94-04c1-424b-9868-57a2d4851a1d" relativeResultsDirectory="2cf3e876-1f62-4280-9fd7-9b7897af8cd8">
      <Output>
        <StdOut>[2025-09-12 12:52:13 INF] Starting Test Execution: POrchAPI_Transfer_Invalid_Amount_Field_Return_Error:["[AmountValue, testAmount]","[StatusCode, 400]"]
[2025-09-12 12:52:13 INF] Finished Test Execution: POrchAPI_Transfer_Invalid_Amount_Field_Return_Error
[2025-09-12 12:52:13 INF] ---------------------------------------------------



TestContext Messages:
Given a POrch TransferRequest is created
-&gt; done: POrchAPIStepDefinitions.GivenAPOrchTransferRequestIsCreated() (0.0s)
And the Transfer Amount Field is testAmount
-&gt; done: POrchAPIStepDefinitions.WhenTheAcountFieldIs("Transfer", "testAmount") (0.0s)
When POrch Transfer API is called
-&gt; done: POrchAPIStepDefinitions.WhenPOrchAPIIsCalled("Transfer") (0.0s)
Then the request should return status code 400
-&gt; done: POrchAPIStepDefinitions.ThenTheRequestShouldReturnStatusCode(400) (0.0s)</StdOut>
      </Output>
    </UnitTestResult>
    <UnitTestResult executionId="f29bf0d9-bb83-4460-9193-c643356ef03d" testId="1012c324-8161-0942-c41e-efe0e24c3068" testName="POrchAPI_Invalid_PAS_Response_Doesnt_Affect_POrch_Result (400,,)" computerName="ip-10-130-163-171" duration="00:00:01.0864325" startTime="2025-09-12T12:50:34.3555995+12:00" endTime="2025-09-12T12:50:35.4422220+12:00" testType="13cdc9d9-ddb5-4fa4-a97d-d965ccfc6d4b" outcome="Passed" testListId="8c84fa94-04c1-424b-9868-57a2d4851a1d" relativeResultsDirectory="f29bf0d9-bb83-4460-9193-c643356ef03d">
      <Output>
        <StdOut>[2025-09-12 12:50:34 INF] Starting Test Execution: POrchAPI_Invalid_PAS_Response_Doesn't_Affect_POrch_Result:["[PASResponse, 400]"]
[2025-09-12 12:50:34 INF] Mocks are not ready after 1 / 5 attempt(s). Expected 3 mock(s) to be registered with the manager and got 0.
[2025-09-12 12:50:34 INF] Successfully created map FraudcheckMock_Decline_45b5a792-28d1-462f-802a-82ae9264ab1f for /api/v1/financial-transaction-fraud-checks
[2025-09-12 12:50:34 INF] Successfully created map MiddlewareMock_FrozenError_a11aa2a3-2603-4a32-9898-cd12e794b4ba for /initialisepaymentorder/basic
[2025-09-12 12:50:34 INF] Successfully created map PartyActivityServiceMock_400_dfa820d1-0a90-49b8-adc2-8ef481691066 for /v2/activities
[2025-09-12 12:50:35 INF] Response has PaymentId: ea21b5ba-48a5-4f36-a970-10a1b17d0ee7
[2025-09-12 12:50:35 INF] Finished Test Execution: POrchAPI_Invalid_PAS_Response_Doesn't_Affect_POrch_Result
[2025-09-12 12:50:35 INF] ---------------------------------------------------



TestContext Messages:
Given a POrch PaymentRequest is created
-&gt; done: POrchAPIStepDefinitions.GivenAPOrchPaymentRequestIsCreated() (0.0s)
And FraudCheck Response is Decline
-&gt; done: POrchAPIStepDefinitions.SetFraudCheckResponse("Decline") (0.0s)
And MiddleWare Response is FrozenError
-&gt; done: POrchAPIStepDefinitions.SetMiddlewareResponse("FrozenError") (0.0s)
And the PAS response is 400
-&gt; done: POrchAPIStepDefinitions.ThePasResponseIs("400") (0.0s)
When POrch Payment API is called
-&gt; done: POrchAPIStepDefinitions.WhenPOrchAPIIsCalled("Payment") (1.1s)
Then the request should return status code 409
-&gt; done: POrchAPIStepDefinitions.ThenTheRequestShouldReturnStatusCode(409) (0.0s)</StdOut>
      </Output>
    </UnitTestResult>
    <UnitTestResult executionId="e5a8a226-0b64-4b2b-8ea9-912d705add0f" testId="3706f52f-501f-e437-b20e-47a7a96d2a24" testName="POrchAPI_Invalid_Currency_Return_Error (nzd,400,)" computerName="ip-10-130-163-171" duration="00:00:00.0079201" startTime="2025-09-12T12:50:37.7006080+12:00" endTime="2025-09-12T12:50:37.7086833+12:00" testType="13cdc9d9-ddb5-4fa4-a97d-d965ccfc6d4b" outcome="Passed" testListId="8c84fa94-04c1-424b-9868-57a2d4851a1d" relativeResultsDirectory="e5a8a226-0b64-4b2b-8ea9-912d705add0f">
      <Output>
        <StdOut>[2025-09-12 12:50:37 INF] Starting Test Execution: POrchAPI_Invalid_Currency_Return_Error:["[CurrencyValue, nzd]","[StatusCode, 400]"]
[2025-09-12 12:50:37 INF] Finished Test Execution: POrchAPI_Invalid_Currency_Return_Error
[2025-09-12 12:50:37 INF] ---------------------------------------------------



TestContext Messages:
Given a POrch PaymentRequest is created
-&gt; done: POrchAPIStepDefinitions.GivenAPOrchPaymentRequestIsCreated() (0.0s)
And the Payment Currency Field is nzd
-&gt; done: POrchAPIStepDefinitions.WhenTheCurrencyFieldIs("Payment", "nzd") (0.0s)
When POrch Payment API is called
-&gt; done: POrchAPIStepDefinitions.WhenPOrchAPIIsCalled("Payment") (0.0s)
Then the request should return status code 400
-&gt; done: POrchAPIStepDefinitions.ThenTheRequestShouldReturnStatusCode(400) (0.0s)</StdOut>
      </Output>
    </UnitTestResult>
    <UnitTestResult executionId="23f477d2-6fc2-4594-b01b-b2998278f69d" testId="e0c97504-1436-a1ed-d7df-2c297bbad90c" testName="POrchAPI_UltracsToTMV_Negative_MiddleWare_Response_409 (ClosedAccountError,409,)" computerName="ip-10-130-163-171" duration="00:00:01.0412881" startTime="2025-09-12T12:52:05.1311634+12:00" endTime="2025-09-12T12:52:06.1725977+12:00" testType="13cdc9d9-ddb5-4fa4-a97d-d965ccfc6d4b" outcome="Passed" testListId="8c84fa94-04c1-424b-9868-57a2d4851a1d" relativeResultsDirectory="23f477d2-6fc2-4594-b01b-b2998278f69d">
      <Output>
        <StdOut>[2025-09-12 12:52:05 INF] Starting Test Execution: POrchAPI_UltracsToTMV_Negative_MiddleWare_Response_409:["[Result, ClosedAccountError]","[StatusCode, 409]"]
[2025-09-12 12:52:05 INF] Mocks are not ready after 1 / 5 attempt(s). Expected 1 mock(s) to be registered with the manager and got 0.
[2025-09-12 12:52:05 INF] Successfully created map MiddlewareMock_ClosedAccountError_5105df94-929a-40d0-ac93-d19baa34b354 for /initialisepaymentorder/basic
[2025-09-12 12:52:06 INF] Response has PaymentId: bca160b4-49ee-44ea-a598-23e1e6a5803d
[2025-09-12 12:52:06 INF] Finished Test Execution: POrchAPI_UltracsToTMV_Negative_MiddleWare_Response_409
[2025-09-12 12:52:06 INF] ---------------------------------------------------



TestContext Messages:
Given a Ultracs to TMV POrch TransferRequest is created
-&gt; done: POrchAPIStepDefinitions.ConditionalPOrchTransferRequestIsCreated("Ultracs", "TMV") (0.0s)
And MiddleWare Response is ClosedAccountError
-&gt; done: POrchAPIStepDefinitions.SetMiddlewareResponse("ClosedAccountError") (0.0s)
When POrch Transfer API is called
-&gt; done: POrchAPIStepDefinitions.WhenPOrchAPIIsCalled("Transfer") (1.0s)
Then the request should return status code 409
-&gt; done: POrchAPIStepDefinitions.ThenTheRequestShouldReturnStatusCode(409) (0.0s)</StdOut>
      </Output>
    </UnitTestResult>
    <UnitTestResult executionId="b2f02570-5ce8-46aa-af10-ef554d181350" testId="bd1a2810-75db-7add-94a1-1261e7ac4845" testName="POrchNRT_Unsuccessful_Response_From_NRT (PaymentNrtForbidden,,)" computerName="ip-10-130-163-171" duration="00:00:00.0474855" startTime="2025-09-12T12:50:39.1542026+12:00" endTime="2025-09-12T12:50:39.2018500+12:00" testType="13cdc9d9-ddb5-4fa4-a97d-d965ccfc6d4b" outcome="Passed" testListId="8c84fa94-04c1-424b-9868-57a2d4851a1d" relativeResultsDirectory="b2f02570-5ce8-46aa-af10-ef554d181350">
      <Output>
        <StdOut>[2025-09-12 12:50:39 INF] Starting Test Execution: POrchNRT_Unsuccessful_Response_From_NRT:["[result, PaymentNrtForbidden]"]
[2025-09-12 12:50:39 INF] Executed DbCommand (1ms) [Parameters=[], CommandType='Text', CommandTimeout='30']
SELECT n.id, n.attempts, n.created_at, n.payment_id, n.status, n.updated_at
FROM net.nrt_outbox AS n
WHERE n.attempts &gt;= 0
[2025-09-12 12:50:39 INF] Executed DbCommand (1ms) [Parameters=[@p0='?' (DbType = Guid)], CommandType='Text', CommandTimeout='30']
DELETE FROM net.nrt_outbox
WHERE id = @p0;
[2025-09-12 12:50:39 INF] Executed DbCommand (1ms) [Parameters=[@p0='?' (DbType = Guid), @p1='?', @p2='?' (DbType = Decimal), @p3='?' (DbType = DateTime), @p4='?', @p5='?', @p6='?', @p7='?', @p8='?' (DbType = Object), @p9='?' (DbType = Object), @p10='?', @p11='?', @p12='?', @p13='?', @p14='?' (DbType = Object), @p15='?' (DbType = Object), @p16='?' (DbType = Object), @p17='?' (DbType = DateTime), @p18='?' (DbType = Object), @p19='?' (DbType = DateTime), @p20='?' (DbType = Guid), @p21='?' (DbType = Int32), @p22='?' (DbType = DateTime), @p23='?' (DbType = Guid), @p24='?' (DbType = Object), @p25='?' (DbType = DateTime)], CommandType='Text', CommandTimeout='30']
INSERT INTO net.payment (id, access_number, amount, created_at, creditor_account_code, creditor_account_number, creditor_account_particulars, creditor_account_reference, creditor_account_source, currency, debtor_account_code, debtor_account_number, debtor_account_particulars, debtor_account_reference, debtor_account_source, fraud_check_disposition, payment_type, processed_at, status, updated_at)
VALUES (@p0, @p1, @p2, @p3, @p4, @p5, @p6, @p7, @p8, @p9, @p10, @p11, @p12, @p13, @p14, @p15, @p16, @p17, @p18, @p19);
INSERT INTO net.nrt_outbox (id, attempts, created_at, payment_id, status, updated_at)
VALUES (@p20, @p21, @p22, @p23, @p24, @p25);
[2025-09-12 12:50:39 INF] Successfully created map FraudCheckNRTMock_PaymentNrtForbidden_396b265e-a79e-4189-b519-207f3a50c6f8 for /api/v1/financial-transaction-fraud-checks/94d7c59b-944e-4d21-9e5b-c4363b841ab2
[2025-09-12 12:50:39 INF] Executed DbCommand (1ms) [Parameters=[@__p_0='?' (DbType = Guid)], CommandType='Text', CommandTimeout='30']
SELECT n.id, n.attempts, n.created_at, n.payment_id, n.status, n.updated_at
FROM net.nrt_outbox AS n
WHERE n.id = @__p_0
LIMIT 1
[2025-09-12 12:50:39 INF] Finished Test Execution: POrchNRT_Unsuccessful_Response_From_NRT
[2025-09-12 12:50:39 INF] ---------------------------------------------------



TestContext Messages:
Given The NRT table is clean
-&gt; done: POrchAPIStepDefinitions.GivenTheNrtTableIsClean() (0.0s)
And there is an NRT entry with payment successful to process
-&gt; done: POrchAPIStepDefinitions.GivenThereIsAnNrtEntryToProcess("successful") (0.0s)
And the NRT entry should be processed with PaymentNrtForbidden
-&gt; done: POrchAPIStepDefinitions.GivenTheNrtEntryShouldBeProcessedWithUnsuccessfulResult("PaymentNrtForbidden") (0.0s)
When the NRT Processor Has Run for at most 1 entry
-&gt; done: POrchAPIStepDefinitions.WhenTheNrtProcessorHasRunForAtMostXEntry(1) (0.0s)
Then the NRT entry has status NotSent
-&gt; done: POrchAPIStepDefinitions.ThenTheNrtEntryHasStatus("NotSent") (0.0s)</StdOut>
      </Output>
    </UnitTestResult>
    <UnitTestResult executionId="898e48e6-f234-4467-ba76-a339c894280f" testId="cde0434b-bd2d-c388-0502-f1cc3498473d" testName="POrchAPI_Other_Fraud_Responses_Do_Not_Retry (Decline,409,)" computerName="ip-10-130-163-171" duration="00:00:00.0109344" startTime="2025-09-12T12:51:01.0722735+12:00" endTime="2025-09-12T12:51:01.0833584+12:00" testType="13cdc9d9-ddb5-4fa4-a97d-d965ccfc6d4b" outcome="Passed" testListId="8c84fa94-04c1-424b-9868-57a2d4851a1d" relativeResultsDirectory="898e48e6-f234-4467-ba76-a339c894280f">
      <Output>
        <StdOut>[2025-09-12 12:51:01 INF] Starting Test Execution: POrchAPI_Other_Fraud_Responses_Do_Not_Retry:["[Result, Decline]","[StatusCode, 409]"]
[2025-09-12 12:51:01 INF] Finished Test Execution: POrchAPI_Other_Fraud_Responses_Do_Not_Retry
[2025-09-12 12:51:01 INF] ---------------------------------------------------
[2025-09-12 12:51:01 INF] Successfully created map FraudErrorResponse_Decline_9226a631-346c-4b93-a31e-36067b8a12fb_1 for /api/v1/financial-transaction-fraud-checks
[2025-09-12 12:51:01 INF] Successfully created map FraudSuccess_21c64148-dd34-4f81-bf1f-447bc2aab057 for /api/v1/financial-transaction-fraud-checks
[2025-09-12 12:51:01 INF] Successfully created map PartyActivityServiceMock_Created_ce8a4609-cbb4-4b1e-97f7-78dd81cb9ff7 for /v2/activities
[2025-09-12 12:51:01 INF] Successfully created map MiddlewareMock_FrozenError_12298b93-eded-4413-b629-8e703650b827 for /initialisepaymentorder/basic
[2025-09-12 12:51:01 INF] Successfully created map FraudErrorResponse_Unknown_30629e45-0efc-482f-8b34-6e0752662acf_1 for /api/v1/financial-transaction-fraud-checks
[2025-09-12 12:51:01 INF] Successfully created map FraudSuccess_480dd8b8-0179-4bd7-9731-672af5301167 for /api/v1/financial-transaction-fraud-checks
[2025-09-12 12:51:01 INF] Successfully created map PartyActivityServiceMock_Created_6e4b3af6-1eaf-4317-b102-33d3739d8a9e for /v2/activities
[2025-09-12 12:51:01 INF] Successfully created map MiddlewareMock_FrozenError_1cefe24b-9fa5-4b96-bb88-b48283d5a7ad for /initialisepaymentorder/basic



TestContext Messages:
Given a POrch PaymentRequest is created
-&gt; done: POrchAPIStepDefinitions.GivenAPOrchPaymentRequestIsCreated() (0.0s)
And the Fraudcheck mock response will return Decline then 200
-&gt; done: POrchAPIStepDefinitions.GivenTheFraudcheckMockResponseWillReturnThen("Decline") (0.0s)
And MiddleWare Response is FrozenError
-&gt; done: POrchAPIStepDefinitions.SetMiddlewareResponse("FrozenError") (0.0s)
And the PAS response is Created
-&gt; done: POrchAPIStepDefinitions.ThePasResponseIs("Created") (0.0s)</StdOut>
      </Output>
    </UnitTestResult>
    <UnitTestResult executionId="1a95ab00-06a0-42ed-a4c8-041f0dc122f9" testId="ffc04f98-ebde-4d4a-8364-6dbb9f652689" testName="POrchAPI_Negative_MiddleWare_Response_409 (FrozenError,409,)" computerName="ip-10-130-163-171" duration="00:00:01.1051863" startTime="2025-09-12T12:50:00.2922595+12:00" endTime="2025-09-12T12:50:01.3976583+12:00" testType="13cdc9d9-ddb5-4fa4-a97d-d965ccfc6d4b" outcome="Passed" testListId="8c84fa94-04c1-424b-9868-57a2d4851a1d" relativeResultsDirectory="1a95ab00-06a0-42ed-a4c8-041f0dc122f9">
      <Output>
        <StdOut>[2025-09-12 12:50:00 INF] Starting Test Execution: POrchAPI_Negative_MiddleWare_Response_409:["[Result, FrozenError]","[StatusCode, 409]"]
[2025-09-12 12:50:00 INF] Mocks are not ready after 1 / 5 attempt(s). Expected 2 mock(s) to be registered with the manager and got 0.
[2025-09-12 12:50:00 INF] Successfully created map FraudcheckMock_Authorize_fd841cb1-3bc1-4453-bb32-fb7d8d9936ec for /api/v1/financial-transaction-fraud-checks
[2025-09-12 12:50:00 INF] Successfully created map MiddlewareMock_FrozenError_7d95d74e-b274-415e-bd32-14f10882b980 for /initialisepaymentorder/basic
[2025-09-12 12:50:01 INF] Response has PaymentId: b82bbd2c-5621-4712-9117-16c746ff0bd4
[2025-09-12 12:50:01 INF] Finished Test Execution: POrchAPI_Negative_MiddleWare_Response_409
[2025-09-12 12:50:01 INF] ---------------------------------------------------



TestContext Messages:
Given a POrch PaymentRequest is created
-&gt; done: POrchAPIStepDefinitions.GivenAPOrchPaymentRequestIsCreated() (0.0s)
And FraudCheck Response is Authorize
-&gt; done: POrchAPIStepDefinitions.SetFraudCheckResponse("Authorize") (0.0s)
And MiddleWare Response is FrozenError
-&gt; done: POrchAPIStepDefinitions.SetMiddlewareResponse("FrozenError") (0.0s)
When POrch Payment API is called
-&gt; done: POrchAPIStepDefinitions.WhenPOrchAPIIsCalled("Payment") (1.1s)
Then the request should return status code 409
-&gt; done: POrchAPIStepDefinitions.ThenTheRequestShouldReturnStatusCode(409) (0.0s)</StdOut>
      </Output>
    </UnitTestResult>
    <UnitTestResult executionId="1ca6d75b-a1d2-4616-88a7-f8cdbe7d5ed7" testId="4c10f3c4-fd8c-41f9-b944-356e748b698a" testName="POrchAPI_Transfer_Invalid_Creditor_Particulars_Return_Error (abcdefghijklmnsey,400,)" computerName="ip-10-130-163-171" duration="00:00:00.0088363" startTime="2025-09-12T12:52:13.6060886+12:00" endTime="2025-09-12T12:52:13.6150284+12:00" testType="13cdc9d9-ddb5-4fa4-a97d-d965ccfc6d4b" outcome="Passed" testListId="8c84fa94-04c1-424b-9868-57a2d4851a1d" relativeResultsDirectory="1ca6d75b-a1d2-4616-88a7-f8cdbe7d5ed7">
      <Output>
        <StdOut>[2025-09-12 12:52:13 INF] Starting Test Execution: POrchAPI_Transfer_Invalid_Creditor_Particulars_Return_Error:["[CreditorParticularsValue, abcdefghijklmnsey]","[StatusCode, 400]"]
[2025-09-12 12:52:13 INF] Finished Test Execution: POrchAPI_Transfer_Invalid_Creditor_Particulars_Return_Error
[2025-09-12 12:52:13 INF] ---------------------------------------------------



TestContext Messages:
Given a POrch TransferRequest is created
-&gt; done: POrchAPIStepDefinitions.GivenAPOrchTransferRequestIsCreated() (0.0s)
And the Transfer Creditor particulars is abcdefghijklmnsey
-&gt; done: POrchAPIStepDefinitions.WhenTheCreditorParticularsIs("Transfer", "abcdefghijklmnsey") (0.0s)
When POrch Transfer API is called
-&gt; done: POrchAPIStepDefinitions.WhenPOrchAPIIsCalled("Transfer") (0.0s)
Then the request should return status code 400
-&gt; done: POrchAPIStepDefinitions.ThenTheRequestShouldReturnStatusCode(400) (0.0s)</StdOut>
      </Output>
    </UnitTestResult>
    <UnitTestResult executionId="e9144631-3100-4ebe-a1d2-303158b05f57" testId="50ca2893-6404-dd2c-fb98-40482ee17ad2" testName="POrchAPI_Invalid_Debtor_Reference_Return_Error (\,400,)" computerName="ip-10-130-163-171" duration="00:00:00.0106251" startTime="2025-09-12T12:50:37.9505853+12:00" endTime="2025-09-12T12:50:37.9613919+12:00" testType="13cdc9d9-ddb5-4fa4-a97d-d965ccfc6d4b" outcome="Passed" testListId="8c84fa94-04c1-424b-9868-57a2d4851a1d" relativeResultsDirectory="e9144631-3100-4ebe-a1d2-303158b05f57">
      <Output>
        <StdOut>[2025-09-12 12:50:37 INF] Starting Test Execution: POrchAPI_Invalid_Debtor_Reference_Return_Error:["[DebtorReferenceValue, \\]","[StatusCode, 400]"]
[2025-09-12 12:50:37 INF] Finished Test Execution: POrchAPI_Invalid_Debtor_Reference_Return_Error
[2025-09-12 12:50:37 INF] ---------------------------------------------------



TestContext Messages:
Given a POrch PaymentRequest is created
-&gt; done: POrchAPIStepDefinitions.GivenAPOrchPaymentRequestIsCreated() (0.0s)
And the Payment Debtor Reference is \
-&gt; done: POrchAPIStepDefinitions.WhenTheDebtorReferenceIs("Payment", "\") (0.0s)
When POrch Payment API is called
-&gt; done: POrchAPIStepDefinitions.WhenPOrchAPIIsCalled("Payment") (0.0s)
Then the request should return status code 400
-&gt; done: POrchAPIStepDefinitions.ThenTheRequestShouldReturnStatusCode(400) (0.0s)</StdOut>
      </Output>
    </UnitTestResult>
    <UnitTestResult executionId="279a494d-13c7-4f4d-85f7-57f7a445a2a0" testId="3d69c8e0-c71d-c253-b1df-d8f83d8df8e6" testName="POrchAPI_Fraud_Retries (502,,)" computerName="ip-10-130-163-171" duration="00:00:01.6373144" startTime="2025-09-12T12:50:51.4516567+12:00" endTime="2025-09-12T12:50:53.0891540+12:00" testType="13cdc9d9-ddb5-4fa4-a97d-d965ccfc6d4b" outcome="Passed" testListId="8c84fa94-04c1-424b-9868-57a2d4851a1d" relativeResultsDirectory="279a494d-13c7-4f4d-85f7-57f7a445a2a0">
      <Output>
        <StdOut>[2025-09-12 12:50:51 INF] Starting Test Execution: POrchAPI_Fraud_Retries:["[ErrorCode, 502]"]
[2025-09-12 12:50:51 INF] Mocks are not ready after 1 / 5 attempt(s). Expected 3 mock(s) to be registered with the manager and got 0.
[2025-09-12 12:50:51 INF] Successfully created map FraudErrorResponse_502_86980912-fa56-498e-93f0-82ee1c6ac95a_1 for /api/v1/financial-transaction-fraud-checks
[2025-09-12 12:50:51 INF] Successfully created map FraudSuccess_5642cf02-0f58-4dc6-a071-63d6cb60132a for /api/v1/financial-transaction-fraud-checks
[2025-09-12 12:50:51 INF] Successfully created map MiddlewareMock_Success_36074c3e-acbd-47fa-af75-99e125f96d75 for /initialisepaymentorder/basic
[2025-09-12 12:50:53 INF] Response has PaymentId: 7aedf628-6c4d-43bd-b494-5cad100b96dc
[2025-09-12 12:50:53 INF] Finished Test Execution: POrchAPI_Fraud_Retries
[2025-09-12 12:50:53 INF] ---------------------------------------------------



TestContext Messages:
Given a POrch PaymentRequest is created
-&gt; done: POrchAPIStepDefinitions.GivenAPOrchPaymentRequestIsCreated() (0.0s)
And the credit Account is 389300099302202
-&gt; done: POrchAPIStepDefinitions.WhenTheCreditAccountIs("389300099302202") (0.0s)
And the Fraudcheck mock response will return 502 then 200
-&gt; done: POrchAPIStepDefinitions.GivenTheFraudcheckMockResponseWillReturnThen("502") (0.0s)
And MiddleWare Response is Success
-&gt; done: POrchAPIStepDefinitions.SetMiddlewareResponse("Success") (0.0s)
When POrch Payment API is called
-&gt; done: POrchAPIStepDefinitions.WhenPOrchAPIIsCalled("Payment") (1.6s)
Then the request should return status code 201
-&gt; done: POrchAPIStepDefinitions.ThenTheRequestShouldReturnStatusCode(201) (0.0s)</StdOut>
      </Output>
    </UnitTestResult>
    <UnitTestResult executionId="590f9d91-f3ea-4aa1-85c8-af6feb46399b" testId="0e9c9dc4-cb99-11e9-939a-074176508061" testName="POrchAPI_Valid_Creditor_Particulars_Return_Success (=@#_%,.,201,)" computerName="ip-10-130-163-171" duration="00:00:01.0885363" startTime="2025-09-12T12:49:50.5307943+12:00" endTime="2025-09-12T12:49:51.6195959+12:00" testType="13cdc9d9-ddb5-4fa4-a97d-d965ccfc6d4b" outcome="Passed" testListId="8c84fa94-04c1-424b-9868-57a2d4851a1d" relativeResultsDirectory="590f9d91-f3ea-4aa1-85c8-af6feb46399b">
      <Output>
        <StdOut>[2025-09-12 12:49:50 INF] Starting Test Execution: POrchAPI_Valid_Creditor_Particulars_Return_Success:["[CreditorParticularsValue, =@#_%,.]","[StatusCode, 201]"]
[2025-09-12 12:49:50 INF] Mocks are not ready after 1 / 5 attempt(s). Expected 2 mock(s) to be registered with the manager and got 0.
[2025-09-12 12:49:50 INF] Successfully created map FraudcheckMock_Authorize_1d424103-cd41-4dda-b143-8ff2712d6896 for /api/v1/financial-transaction-fraud-checks
[2025-09-12 12:49:50 INF] Successfully created map MiddlewareMock_Success_4d402100-df30-4949-88ee-263d4cbf19c4 for /initialisepaymentorder/basic
[2025-09-12 12:49:51 INF] Response has PaymentId: 33ca0a0e-7e53-4036-ad6d-b7472d208423
[2025-09-12 12:49:51 INF] Finished Test Execution: POrchAPI_Valid_Creditor_Particulars_Return_Success
[2025-09-12 12:49:51 INF] ---------------------------------------------------



TestContext Messages:
Given a POrch PaymentRequest is created
-&gt; done: POrchAPIStepDefinitions.GivenAPOrchPaymentRequestIsCreated() (0.0s)
And the Payment Creditor particulars is =@#_%,.
-&gt; done: POrchAPIStepDefinitions.WhenTheCreditorParticularsIs("Payment", "=@#_%,.") (0.0s)
And FraudCheck Response is Authorize
-&gt; done: POrchAPIStepDefinitions.SetFraudCheckResponse("Authorize") (0.0s)
And MiddleWare Response is Success
-&gt; done: POrchAPIStepDefinitions.SetMiddlewareResponse("Success") (0.0s)
When POrch Payment API is called
-&gt; done: POrchAPIStepDefinitions.WhenPOrchAPIIsCalled("Payment") (1.1s)
Then the request should return status code 201
-&gt; done: POrchAPIStepDefinitions.ThenTheRequestShouldReturnStatusCode(201) (0.0s)</StdOut>
      </Output>
    </UnitTestResult>
    <UnitTestResult executionId="cc25b0b2-6b25-4a42-b1d6-0cc41fab5b81" testId="3c9ce4a6-a234-4f04-3950-b005d33815c2" testName="POrchAPI_Negative_FraudCheck_Response_Insufficient_Middleware_409 (Decline,409,)" computerName="ip-10-130-163-171" duration="00:00:01.0840784" startTime="2025-09-12T12:50:27.3430577+12:00" endTime="2025-09-12T12:50:28.4273206+12:00" testType="13cdc9d9-ddb5-4fa4-a97d-d965ccfc6d4b" outcome="Passed" testListId="8c84fa94-04c1-424b-9868-57a2d4851a1d" relativeResultsDirectory="cc25b0b2-6b25-4a42-b1d6-0cc41fab5b81">
      <Output>
        <StdOut>[2025-09-12 12:50:27 INF] Starting Test Execution: POrchAPI_Negative_FraudCheck_Response_Insufficient_Middleware_409:["[Result, Decline]","[StatusCode, 409]"]
[2025-09-12 12:50:27 INF] Successfully created map FraudcheckMock_Decline_83db6b5a-cb84-4fd8-9c16-38b015616582 for /api/v1/financial-transaction-fraud-checks
[2025-09-12 12:50:27 INF] Mocks are not ready after 1 / 5 attempt(s). Expected 3 mock(s) to be registered with the manager and got 1.
[2025-09-12 12:50:27 INF] Successfully created map PartyActivityServiceMock_Created_ea3a17cb-3aa2-4e6a-8e46-ecee5bf19869 for /v2/activities
[2025-09-12 12:50:27 INF] Successfully created map MiddlewareMock_FrozenError_43e88baf-3ec4-4b67-b73f-501f15b8ed4e for /initialisepaymentorder/basic
[2025-09-12 12:50:28 INF] Response has PaymentId: 6a8dd191-ae06-492a-abc9-da0e4077e055
[2025-09-12 12:50:28 INF] Finished Test Execution: POrchAPI_Negative_FraudCheck_Response_Insufficient_Middleware_409
[2025-09-12 12:50:28 INF] ---------------------------------------------------



TestContext Messages:
Given a POrch PaymentRequest is created
-&gt; done: POrchAPIStepDefinitions.GivenAPOrchPaymentRequestIsCreated() (0.0s)
And FraudCheck Response is Decline
-&gt; done: POrchAPIStepDefinitions.SetFraudCheckResponse("Decline") (0.0s)
And MiddleWare Response is FrozenError
-&gt; done: POrchAPIStepDefinitions.SetMiddlewareResponse("FrozenError") (0.0s)
And the PAS response is Created
-&gt; done: POrchAPIStepDefinitions.ThePasResponseIs("Created") (0.0s)
When POrch Payment API is called
-&gt; done: POrchAPIStepDefinitions.WhenPOrchAPIIsCalled("Payment") (1.1s)
Then the request should return status code 409
-&gt; done: POrchAPIStepDefinitions.ThenTheRequestShouldReturnStatusCode(409) (0.0s)</StdOut>
      </Output>
    </UnitTestResult>
    <UnitTestResult executionId="1da10ad2-151a-4aa2-966b-e4ee5a457ab4" testId="6f66e914-9cfb-4f18-5611-3ca4f7f1471d" testName="POrchAPI_Negative_MiddleWare_Response_409 (AccountDetectionFailedError,409,)" computerName="ip-10-130-163-171" duration="00:00:01.0762385" startTime="2025-09-12T12:50:04.6729736+12:00" endTime="2025-09-12T12:50:05.7495598+12:00" testType="13cdc9d9-ddb5-4fa4-a97d-d965ccfc6d4b" outcome="Passed" testListId="8c84fa94-04c1-424b-9868-57a2d4851a1d" relativeResultsDirectory="1da10ad2-151a-4aa2-966b-e4ee5a457ab4">
      <Output>
        <StdOut>[2025-09-12 12:50:04 INF] Starting Test Execution: POrchAPI_Negative_MiddleWare_Response_409:["[Result, AccountDetectionFailedError]","[StatusCode, 409]"]
[2025-09-12 12:50:04 INF] Mocks are not ready after 1 / 5 attempt(s). Expected 2 mock(s) to be registered with the manager and got 0.
[2025-09-12 12:50:04 INF] Successfully created map FraudcheckMock_Authorize_e570f805-e15f-4b44-b8c5-d9b5872afdaf for /api/v1/financial-transaction-fraud-checks
[2025-09-12 12:50:04 INF] Successfully created map MiddlewareMock_AccountDetectionFailedError_79f1e34f-7b39-427c-9427-6ef88bce464e for /initialisepaymentorder/basic
[2025-09-12 12:50:05 INF] Response has PaymentId: ca13bb2c-4d63-420b-8e29-6b612e660f6b
[2025-09-12 12:50:05 INF] Finished Test Execution: POrchAPI_Negative_MiddleWare_Response_409
[2025-09-12 12:50:05 INF] ---------------------------------------------------



TestContext Messages:
Given a POrch PaymentRequest is created
-&gt; done: POrchAPIStepDefinitions.GivenAPOrchPaymentRequestIsCreated() (0.0s)
And FraudCheck Response is Authorize
-&gt; done: POrchAPIStepDefinitions.SetFraudCheckResponse("Authorize") (0.0s)
And MiddleWare Response is AccountDetectionFailedError
-&gt; done: POrchAPIStepDefinitions.SetMiddlewareResponse("AccountDetectionF...") (0.0s)
When POrch Payment API is called
-&gt; done: POrchAPIStepDefinitions.WhenPOrchAPIIsCalled("Payment") (1.1s)
Then the request should return status code 409
-&gt; done: POrchAPIStepDefinitions.ThenTheRequestShouldReturnStatusCode(409) (0.0s)</StdOut>
      </Output>
    </UnitTestResult>
    <UnitTestResult executionId="cebfada4-525f-4496-ab94-0ea140799477" testId="549ae9f4-6b0c-80f5-d847-88cbb37cd83c" testName="POrchAPI_Invalid_Debtor_Particulars_Return_Error (},400,)" computerName="ip-10-130-163-171" duration="00:00:00.0071781" startTime="2025-09-12T12:50:37.8050734+12:00" endTime="2025-09-12T12:50:37.8123790+12:00" testType="13cdc9d9-ddb5-4fa4-a97d-d965ccfc6d4b" outcome="Passed" testListId="8c84fa94-04c1-424b-9868-57a2d4851a1d" relativeResultsDirectory="cebfada4-525f-4496-ab94-0ea140799477">
      <Output>
        <StdOut>[2025-09-12 12:50:37 INF] Starting Test Execution: POrchAPI_Invalid_Debtor_Particulars_Return_Error:["[PayerParticularsValue, }]","[StatusCode, 400]"]
[2025-09-12 12:50:37 INF] Finished Test Execution: POrchAPI_Invalid_Debtor_Particulars_Return_Error
[2025-09-12 12:50:37 INF] ---------------------------------------------------



TestContext Messages:
Given a POrch PaymentRequest is created
-&gt; done: POrchAPIStepDefinitions.GivenAPOrchPaymentRequestIsCreated() (0.0s)
And the Payment Debtor particulars is }
-&gt; done: POrchAPIStepDefinitions.WhenTheDebtorParticularsIs("Payment", "}") (0.0s)
When POrch Payment API is called
-&gt; done: POrchAPIStepDefinitions.WhenPOrchAPIIsCalled("Payment") (0.0s)
Then the request should return status code 400
-&gt; done: POrchAPIStepDefinitions.ThenTheRequestShouldReturnStatusCode(400) (0.0s)</StdOut>
      </Output>
    </UnitTestResult>
    <UnitTestResult executionId="29ff8f1e-8d16-4c8b-a639-e61d22188e49" testId="55967ab3-f02b-24cf-715e-447550358823" testName="POrchAPI_Invalid_Debtor_Code_Return_Error (},400,)" computerName="ip-10-130-163-171" duration="00:00:00.0270466" startTime="2025-09-12T12:50:37.8568081+12:00" endTime="2025-09-12T12:50:37.8839975+12:00" testType="13cdc9d9-ddb5-4fa4-a97d-d965ccfc6d4b" outcome="Passed" testListId="8c84fa94-04c1-424b-9868-57a2d4851a1d" relativeResultsDirectory="29ff8f1e-8d16-4c8b-a639-e61d22188e49">
      <Output>
        <StdOut>[2025-09-12 12:50:37 INF] Starting Test Execution: POrchAPI_Invalid_Debtor_Code_Return_Error:["[DebtorCodeValue, }]","[StatusCode, 400]"]
[2025-09-12 12:50:37 INF] Finished Test Execution: POrchAPI_Invalid_Debtor_Code_Return_Error
[2025-09-12 12:50:37 INF] ---------------------------------------------------



TestContext Messages:
Given a POrch PaymentRequest is created
[...]
    <TestEntry testId="dc6df0ef-6815-0cab-7d5e-39c1193f19d2" executionId="5c11970b-b97b-48ec-a13c-c5c139a2fbf7" testListId="8c84fa94-04c1-424b-9868-57a2d4851a1d" />
    <TestEntry testId="d474115b-5d44-792f-c0b3-6286fc08511c" executionId="25c7f4dc-94df-4269-8792-09edbf483416" testListId="8c84fa94-04c1-424b-9868-57a2d4851a1d" />
    <TestEntry testId="c8bcd01b-a393-1de5-8512-1f4782ddff91" executionId="9654c0f7-4062-4360-9386-54b537c47dcf" testListId="8c84fa94-04c1-424b-9868-57a2d4851a1d" />
    <TestEntry testId="0482ccde-1d3a-57a5-32b1-49eeebf2bb9f" executionId="f3024971-ee54-447c-8821-7b4edd099bb0" testListId="8c84fa94-04c1-424b-9868-57a2d4851a1d" />
    <TestEntry testId="b4944693-4056-da7f-f008-94659ea447c4" executionId="e58c1459-c167-4c88-884a-c7727f3e49c8" testListId="8c84fa94-04c1-424b-9868-57a2d4851a1d" />
    <TestEntry testId="e1f7352b-0f9a-6b65-cb9b-1232c6779ad0" executionId="089db266-e889-48a0-b622-3f4399e6bb34" testListId="8c84fa94-04c1-424b-9868-57a2d4851a1d" />
    <TestEntry testId="ac6f18e1-b1aa-fc1d-9736-25be49d247df" executionId="a86de32b-527d-4479-842d-a5d1fdab40be" testListId="8c84fa94-04c1-424b-9868-57a2d4851a1d" />
    <TestEntry testId="1e8e6330-c538-1157-ece4-73d09ac62670" executionId="0f02b097-9b64-4b34-b43b-da621b310621" testListId="8c84fa94-04c1-424b-9868-57a2d4851a1d" />
    <TestEntry testId="7921a5cf-e854-49ae-c247-664dc2281b3b" executionId="b0599a13-acb6-416f-96cd-9f9f4235b14c" testListId="8c84fa94-04c1-424b-9868-57a2d4851a1d" />
    <TestEntry testId="0bbe4b7d-872b-2c47-337d-1d2c17bb07b3" executionId="c85594e2-7209-47a6-962a-5ec60ee7798d" testListId="8c84fa94-04c1-424b-9868-57a2d4851a1d" />
    <TestEntry testId="f508055b-5bee-31e3-7739-a002119aa0d0" executionId="41adb2c0-4d38-4049-8166-265df9f9e114" testListId="8c84fa94-04c1-424b-9868-57a2d4851a1d" />
    <TestEntry testId="97df8d55-ad90-bd8f-de70-c9dc2b92e2c7" executionId="9d21e692-3e95-4a23-87df-ca355eb758ec" testListId="8c84fa94-04c1-424b-9868-57a2d4851a1d" />
    <TestEntry testId="34484d7f-dbd0-1c67-e279-552a6dfdfeba" executionId="740c7740-4ca0-429e-aa2f-a847244d798b" testListId="8c84fa94-04c1-424b-9868-57a2d4851a1d" />
    <TestEntry testId="69685b74-7fc2-5b44-30db-5fa56ac301e3" executionId="aff5f650-3e55-4dd1-8da8-3cfd90094d7f" testListId="8c84fa94-04c1-424b-9868-57a2d4851a1d" />
    <TestEntry testId="af19f751-b680-6600-9f8b-34f9762fb7cf" executionId="0f276dd7-6bef-4c9f-8c9f-899133e8c4a2" testListId="8c84fa94-04c1-424b-9868-57a2d4851a1d" />
    <TestEntry testId="3546d9b7-4026-1f42-4d63-c78b4bd42ca5" executionId="43d5701e-1f1f-4bf9-8ace-97d360422c73" testListId="8c84fa94-04c1-424b-9868-57a2d4851a1d" />
    <TestEntry testId="7ec3e2f7-5c97-0db2-5273-5ff8a3fa8b7d" executionId="d1918dbb-42cd-44e3-9f8d-f1d9a7e5dee9" testListId="8c84fa94-04c1-424b-9868-57a2d4851a1d" />
    <TestEntry testId="37af9221-1044-bb39-76f3-d33c0e92bc2d" executionId="a103d68b-2995-42e0-9134-f2b99e0a8260" testListId="8c84fa94-04c1-424b-9868-57a2d4851a1d" />
    <TestEntry testId="5d38ef26-5475-4696-cbcc-8daeda649577" executionId="998f46dd-6203-4eed-a21f-4ebb865a1f25" testListId="8c84fa94-04c1-424b-9868-57a2d4851a1d" />
    <TestEntry testId="50e25875-2c25-fb3c-95d0-d87b9191fafb" executionId="5b587f0f-8a32-4bff-945f-9134d41a00eb" testListId="8c84fa94-04c1-424b-9868-57a2d4851a1d" />
    <TestEntry testId="4d49d458-cfe1-d6c1-2067-018152c6cee1" executionId="4bef0280-e86e-4630-8599-06edb629592e" testListId="8c84fa94-04c1-424b-9868-57a2d4851a1d" />
    <TestEntry testId="41ca75c3-6259-05b8-285b-4f5ddad16486" executionId="bdbf6f38-5d01-4d46-8d97-c76c9caa1736" testListId="8c84fa94-04c1-424b-9868-57a2d4851a1d" />
    <TestEntry testId="d9444b0f-2afc-6e33-3f17-3c6285628dbd" executionId="f7905820-171f-453e-9f44-c11c0747e2a7" testListId="8c84fa94-04c1-424b-9868-57a2d4851a1d" />
    <TestEntry testId="790b325d-3abd-eec1-3755-0e7f95bfd137" executionId="56da3593-b15f-4100-8c70-f4a90b0d3cfb" testListId="8c84fa94-04c1-424b-9868-57a2d4851a1d" />
    <TestEntry testId="9be046ce-d5fd-9427-1050-dab4a1484a22" executionId="fecbde58-7b4f-4ecb-a8cf-eabfd6374677" testListId="8c84fa94-04c1-424b-9868-57a2d4851a1d" />
    <TestEntry testId="a734b8d7-64b6-c5b0-a01b-89519383f833" executionId="2c641a1c-da39-4c5d-aa44-c19846839812" testListId="8c84fa94-04c1-424b-9868-57a2d4851a1d" />
    <TestEntry testId="d20a2387-a6b8-75e4-543a-484f53ff788e" executionId="b257ccdc-05c9-49e9-9cba-e0845152174a" testListId="8c84fa94-04c1-424b-9868-57a2d4851a1d" />
    <TestEntry testId="42f258d2-a624-e968-e234-9baaece024e5" executionId="97784e29-98f6-41f7-a77f-3ae0c808fd7b" testListId="8c84fa94-04c1-424b-9868-57a2d4851a1d" />
    <TestEntry testId="3c202c3e-cb38-f9d5-3947-b248696c1469" executionId="0290cd82-836c-4eff-a6ca-53546380766e" testListId="8c84fa94-04c1-424b-9868-57a2d4851a1d" />
    <TestEntry testId="e53b493e-3378-82fc-6e5a-40c8554a6b40" executionId="0b8ae1db-a939-4743-bdd1-f08cb66e5191" testListId="8c84fa94-04c1-424b-9868-57a2d4851a1d" />
    <TestEntry testId="04b793ec-5c62-ae5e-cd50-abedc55872c6" executionId="63cc329c-0167-409f-ab7c-47244046b7c6" testListId="8c84fa94-04c1-424b-9868-57a2d4851a1d" />
    <TestEntry testId="5255dc6d-608f-75ea-b670-2bf8b7b45263" executionId="29149a64-6587-445d-900d-bf440090211d" testListId="8c84fa94-04c1-424b-9868-57a2d4851a1d" />
    <TestEntry testId="e960d17e-5a16-1088-2ab9-bd4cbfeb6051" executionId="1892f51d-4f4c-4a6c-bdf5-5c6fb5f4cc7d" testListId="8c84fa94-04c1-424b-9868-57a2d4851a1d" />
    <TestEntry testId="ff2a19eb-d274-bc17-d69b-1ac44c30935b" executionId="d4361307-5901-4767-ae31-908ad72616a4" testListId="8c84fa94-04c1-424b-9868-57a2d4851a1d" />
    <TestEntry testId="ee755468-4bdc-15d4-aa8b-4fc09225ec87" executionId="d26e2372-9158-40b8-80c2-a5d38a9c0f00" testListId="8c84fa94-04c1-424b-9868-57a2d4851a1d" />
    <TestEntry testId="b6540edd-33a1-7fb7-59dd-c429fe9deaf1" executionId="cf8e042c-b2db-46a1-aacd-712ae22d1dc3" testListId="8c84fa94-04c1-424b-9868-57a2d4851a1d" />
    <TestEntry testId="3d87b9df-462b-a8e2-6ede-09a058082661" executionId="f4207f5b-1c54-47d5-9297-25312d4be2f4" testListId="8c84fa94-04c1-424b-9868-57a2d4851a1d" />
    <TestEntry testId="e6d1c36d-6dd6-74e8-a2bb-c4429896bd7c" executionId="e134d248-d066-42aa-844a-27fd744d869d" testListId="8c84fa94-04c1-424b-9868-57a2d4851a1d" />
    <TestEntry testId="0ab27023-6f4f-398c-0875-29e91f222b81" executionId="65a17116-5433-4924-8fbe-0b4ee0cf0585" testListId="8c84fa94-04c1-424b-9868-57a2d4851a1d" />
    <TestEntry testId="05a34134-282d-36c0-676f-ed71d1cce9af" executionId="6329ac6b-0603-481f-a64b-444a8817252c" testListId="8c84fa94-04c1-424b-9868-57a2d4851a1d" />
    <TestEntry testId="fc88963e-633c-7e9a-9319-8a8e2a64aa72" executionId="46562038-f1f4-4274-ad29-1a88fce0a99c" testListId="8c84fa94-04c1-424b-9868-57a2d4851a1d" />
    <TestEntry testId="775249f2-5313-8dc4-2a6f-e5ee207fa0a2" executionId="057032f8-20e8-4bcf-8eb4-5abb6da8a615" testListId="8c84fa94-04c1-424b-9868-57a2d4851a1d" />
    <TestEntry testId="6977a376-609f-df40-bd12-0f486a155f29" executionId="92c13ef5-6f9b-48cf-85e6-6feb5fafa5b7" testListId="8c84fa94-04c1-424b-9868-57a2d4851a1d" />
    <TestEntry testId="56fb65db-6e4f-4370-45ab-c4f18ac46c69" executionId="998d8b4a-38e3-4c8f-93d0-1a73e13430bf" testListId="8c84fa94-04c1-424b-9868-57a2d4851a1d" />
    <TestEntry testId="14113774-8076-c027-eb5f-ce9b50496561" executionId="c8149524-08d7-447a-b46e-4ddf12eaa151" testListId="8c84fa94-04c1-424b-9868-57a2d4851a1d" />
    <TestEntry testId="713e31be-1e71-4306-14c3-db35d3aa1175" executionId="f5840b70-e887-4604-b108-b55db83245d1" testListId="8c84fa94-04c1-424b-9868-57a2d4851a1d" />
    <TestEntry testId="730f96a6-2c95-70cd-5315-1cda5ab862b7" executionId="89d02ff7-bdbf-4894-bb69-32b7f8c1a0d8" testListId="8c84fa94-04c1-424b-9868-57a2d4851a1d" />
    <TestEntry testId="9906dcd0-ae4b-525a-9295-634f86d82a75" executionId="dacda12f-9e41-41b8-b2a0-899d59c44b32" testListId="8c84fa94-04c1-424b-9868-57a2d4851a1d" />
    <TestEntry testId="c53f27fb-3d3b-a509-2c4d-ee99c63b8770" executionId="aaf81f8d-cc5a-436c-baec-70317973dd80" testListId="8c84fa94-04c1-424b-9868-57a2d4851a1d" />
    <TestEntry testId="84215482-1639-cb06-f54a-780c0a44f94d" executionId="a6247112-261d-4105-b9fe-d23f2bcb8ee0" testListId="8c84fa94-04c1-424b-9868-57a2d4851a1d" />
    <TestEntry testId="9509b487-31fb-cc34-9fec-375f308c64f1" executionId="41f7690e-f15e-473f-998d-e216da829ca8" testListId="8c84fa94-04c1-424b-9868-57a2d4851a1d" />
    <TestEntry testId="654ef9ea-1882-bb3a-85cf-3a634c0819fe" executionId="e7c53927-0efc-4e66-80c0-b4c89779de5f" testListId="8c84fa94-04c1-424b-9868-57a2d4851a1d" />
    <TestEntry testId="b9a13a5b-81a8-ca23-bb4b-d95c063257a2" executionId="948cd900-ede7-4231-a7e7-823390b5f576" testListId="8c84fa94-04c1-424b-9868-57a2d4851a1d" />
    <TestEntry testId="e126e7cf-c0ab-74a1-6468-c90fcefa9c0d" executionId="b6179e6f-a1f8-432e-af8d-57d309dca182" testListId="8c84fa94-04c1-424b-9868-57a2d4851a1d" />
    <TestEntry testId="00c87c90-5fed-a59e-5da9-bdf8fc828b36" executionId="a8fea5a7-0228-457f-94cd-17b4ec3d38f5" testListId="8c84fa94-04c1-424b-9868-57a2d4851a1d" />
    <TestEntry testId="11048aed-8975-a212-b0c8-7431a0595306" executionId="5007f43c-0a79-425f-9dd3-a536718ca462" testListId="8c84fa94-04c1-424b-9868-57a2d4851a1d" />
    <TestEntry testId="72295e45-e674-1c99-e24a-c81a771d4fe0" executionId="1464e12d-f020-48da-b441-fa04089503b1" testListId="8c84fa94-04c1-424b-9868-57a2d4851a1d" />
    <TestEntry testId="f76b3f32-ad31-efe4-5487-c23eb6b9c7da" executionId="2b493e04-c3ba-4e13-91c5-4ff3ba6c7a77" testListId="8c84fa94-04c1-424b-9868-57a2d4851a1d" />
    <TestEntry testId="01a614b6-dddf-0daf-b823-0fab31c9f504" executionId="039ce4f1-3a04-4075-bdad-2b3ac745e54d" testListId="8c84fa94-04c1-424b-9868-57a2d4851a1d" />
    <TestEntry testId="8fe1e456-62c1-1f3d-ba20-1f75ca2590ef" executionId="e3cf8c0a-06b8-4099-be4f-40884d626b12" testListId="8c84fa94-04c1-424b-9868-57a2d4851a1d" />
    <TestEntry testId="ef366ad6-05cd-30d5-8f23-368e1f3db7b0" executionId="297ed221-3e1b-4f4b-8bde-b4541bf7af78" testListId="8c84fa94-04c1-424b-9868-57a2d4851a1d" />
    <TestEntry testId="7a356f2b-a14c-5916-12db-273db6c151e1" executionId="6b5c3161-5d2e-4392-8cde-e59f4da19cdd" testListId="8c84fa94-04c1-424b-9868-57a2d4851a1d" />
    <TestEntry testId="d5d0ad9c-ccbe-06a9-b9aa-ca9f6c51210e" executionId="59195fd8-bd7e-4660-af11-da20e9891cb1" testListId="8c84fa94-04c1-424b-9868-57a2d4851a1d" />
    <TestEntry testId="25a77e9b-f7a6-9cd0-b29d-d08216a5d765" executionId="4b83ea77-3f30-497d-b9c2-f1883a1c14fd" testListId="8c84fa94-04c1-424b-9868-57a2d4851a1d" />
    <TestEntry testId="e25d25bf-2450-37f1-6624-51c474e177b5" executionId="0e743a4a-5628-4587-a4a1-5b7425efd56c" testListId="8c84fa94-04c1-424b-9868-57a2d4851a1d" />
    <TestEntry testId="5d389af9-65a5-c3f7-2ce0-186dd7e293bb" executionId="9678bd02-d000-42e7-9190-8b80e4012507" testListId="8c84fa94-04c1-424b-9868-57a2d4851a1d" />
    <TestEntry testId="1bd5fb5a-9e9f-97ad-4b8a-d3a892f44a91" executionId="848f384c-f451-44ee-8e9d-fd5360f2fa58" testListId="8c84fa94-04c1-424b-9868-57a2d4851a1d" />
    <TestEntry testId="3c51f788-470f-b068-a20a-cd42a6521795" executionId="77a1a38c-84ea-4dd6-8c88-37d34706c6f3" testListId="8c84fa94-04c1-424b-9868-57a2d4851a1d" />
    <TestEntry testId="cf8e917f-8493-b13d-e6de-2124749937b2" executionId="7bf3bb59-0823-469a-bb2a-315f48d1c022" testListId="8c84fa94-04c1-424b-9868-57a2d4851a1d" />
    <TestEntry testId="953a78d6-fa77-032b-ac4f-79e4fda4fb2d" executionId="14501803-0c56-4b20-a20e-f29a65c8fdeb" testListId="8c84fa94-04c1-424b-9868-57a2d4851a1d" />
    <TestEntry testId="67da564e-6940-64cf-631a-afe062bb1f5c" executionId="c4582c02-b51d-4ac5-b1b8-968a26ff91ad" testListId="8c84fa94-04c1-424b-9868-57a2d4851a1d" />
    <TestEntry testId="1eba9d5f-108c-2454-5cfd-d38f970f6020" executionId="b54b40bf-5731-43ac-8ed7-7fd8a90d17ed" testListId="8c84fa94-04c1-424b-9868-57a2d4851a1d" />
    <TestEntry testId="aea9dbb7-f7b6-b4e5-e721-553a69502aed" executionId="e2364aa7-e6b4-4d3f-8d3a-1a6ba96512dd" testListId="8c84fa94-04c1-424b-9868-57a2d4851a1d" />
    <TestEntry testId="65bae37c-f475-9189-ca2c-8a760a3f92ff" executionId="a0ef98b9-2f30-4745-8619-c08f556d0e61" testListId="8c84fa94-04c1-424b-9868-57a2d4851a1d" />
    <TestEntry testId="e03ebe14-51b2-e036-9a55-b41a897e8ee7" executionId="85ac2e39-23fc-43b0-bc81-7e11d8fb8fc9" testListId="8c84fa94-04c1-424b-9868-57a2d4851a1d" />
    <TestEntry testId="06b9dd46-92f8-7409-e110-7dc0c68ab5fd" executionId="14757bd9-9067-4c63-a79f-f3724b2eb15a" testListId="8c84fa94-04c1-424b-9868-57a2d4851a1d" />
    <TestEntry testId="cc6e8de5-37e2-ebc2-e199-323c623a3e71" executionId="57bfdedd-1344-44d8-bf3e-79344a31ea65" testListId="8c84fa94-04c1-424b-9868-57a2d4851a1d" />
    <TestEntry testId="9b93787a-b09d-885f-e62d-26302a9764e3" executionId="fddb0c2f-2322-4b4e-9a0b-5fec7d9852d4" testListId="8c84fa94-04c1-424b-9868-57a2d4851a1d" />
    <TestEntry testId="0f49765d-7714-2e01-cacb-5bcb003533f7" executionId="e766d23e-6e05-47d9-87b3-357f62a5ab9e" testListId="8c84fa94-04c1-424b-9868-57a2d4851a1d" />
    <TestEntry testId="f77da77f-ccab-db1f-b601-b20ad8accc1c" executionId="24df00f6-b615-49b2-a465-12761e72dde0" testListId="8c84fa94-04c1-424b-9868-57a2d4851a1d" />
    <TestEntry testId="99c8a6bf-0fcb-9ae5-1df7-fe0771c61c89" executionId="f3e60dcb-8db8-4012-8cdc-4439b75c7071" testListId="8c84fa94-04c1-424b-9868-57a2d4851a1d" />
    <TestEntry testId="bfac94ad-c6ba-d365-29bc-e5cd11571be9" executionId="e8cd09a1-8483-4b8e-99b2-b1b78242f777" testListId="8c84fa94-04c1-424b-9868-57a2d4851a1d" />
    <TestEntry testId="966c9619-a79f-7ecc-eadf-07d8da635bb8" executionId="402c25e5-e473-41a6-b332-ec05c0bfec39" testListId="8c84fa94-04c1-424b-9868-57a2d4851a1d" />
    <TestEntry testId="567aecf6-8050-60d3-0df1-56b65b0170fd" executionId="d28b6f18-6ad2-446a-995c-a3f18d5fb010" testListId="8c84fa94-04c1-424b-9868-57a2d4851a1d" />
    <TestEntry testId="6dffef42-0f67-d446-3f31-7148f50c92b8" executionId="71901aa1-1904-4a59-9211-73b94d78d0b4" testListId="8c84fa94-04c1-424b-9868-57a2d4851a1d" />
    <TestEntry testId="e050b393-98d3-94ce-7c71-c1e2257cc835" executionId="f3e0bb90-9e9a-4a7c-b802-b42e6ce3694e" testListId="8c84fa94-04c1-424b-9868-57a2d4851a1d" />
    <TestEntry testId="f6d0521c-fa56-8a50-37b1-66020c9096c5" executionId="bbddca6d-ef60-4302-b727-ce7225e04da2" testListId="8c84fa94-04c1-424b-9868-57a2d4851a1d" />
    <TestEntry testId="5e0f1cfa-75f6-24c9-04dc-0016c4d99c0e" executionId="a1bda1a3-c45c-4aec-9a4e-03d694f9d093" testListId="8c84fa94-04c1-424b-9868-57a2d4851a1d" />
    <TestEntry testId="0c59d76c-fcfa-911e-0eb0-a6a4bb0be5cb" executionId="8fa50a9e-ee88-463c-baf3-2e6ed58802ec" testListId="8c84fa94-04c1-424b-9868-57a2d4851a1d" />
    <TestEntry testId="44f7b27f-f1c3-703c-68cf-d37045e86af9" executionId="113b2d7c-85b5-4469-9b6c-79c706b5dc3a" testListId="8c84fa94-04c1-424b-9868-57a2d4851a1d" />
    <TestEntry testId="262a88e0-7eec-695a-5519-9da294723f05" executionId="09c9243e-36d6-47e3-822b-7133eaed1077" testListId="8c84fa94-04c1-424b-9868-57a2d4851a1d" />
    <TestEntry testId="41320dfe-3b5a-f638-b9f5-066020b7f9fb" executionId="ac607617-6f3f-43b4-a967-ceca6b57c37f" testListId="8c84fa94-04c1-424b-9868-57a2d4851a1d" />
    <TestEntry testId="9fa4029e-04c2-4fbb-0305-224cc2bc4579" executionId="0ac3a90b-9d86-41a7-a5a1-9c4aed9a0375" testListId="8c84fa94-04c1-424b-9868-57a2d4851a1d" />
    <TestEntry testId="4efea0b2-fd13-8c87-2ec9-0987481ae174" executionId="ba58c5a7-5668-4dc8-b30d-a349ee6a7272" testListId="8c84fa94-04c1-424b-9868-57a2d4851a1d" />
    <TestEntry testId="f4b229a2-a8b7-144d-7478-c2badca0b648" executionId="5bf0f92a-daf9-4bab-bd63-ed7402e3801d" testListId="8c84fa94-04c1-424b-9868-57a2d4851a1d" />
    <TestEntry testId="def15d37-a46e-6d35-8494-fbad53c206f8" executionId="bb178b99-41fa-4a56-96d1-993dc545076f" testListId="8c84fa94-04c1-424b-9868-57a2d4851a1d" />
    <TestEntry testId="af75ef55-0542-65e8-b2ae-a8714b1b6ee8" executionId="cdfeee66-2a58-4c7b-a025-f13602620b0c" testListId="8c84fa94-04c1-424b-9868-57a2d4851a1d" />
    <TestEntry testId="8f91f03b-52eb-2c3c-675c-55cedbafec7f" executionId="bd065422-6d7a-4c94-aba4-79e8b58e27f9" testListId="8c84fa94-04c1-424b-9868-57a2d4851a1d" />
    <TestEntry testId="87cd87e7-f8b3-8fec-86a5-3e9d93a6a9b4" executionId="2ac910b0-7e10-4c03-809b-2d4cbcae88f3" testListId="8c84fa94-04c1-424b-9868-57a2d4851a1d" />
    <TestEntry testId="619942a7-a80d-eb03-35dd-da59797fd3a6" executionId="e3159a64-1a31-4cf1-a74b-491c4b89f8a5" testListId="8c84fa94-04c1-424b-9868-57a2d4851a1d" />
    <TestEntry testId="7056a748-e4f9-329a-3b22-50df97f55acf" executionId="1db99959-8a46-4fbd-ac39-fec1613a7e38" testListId="8c84fa94-04c1-424b-9868-57a2d4851a1d" />
    <TestEntry testId="a26ec6f8-6dd9-5136-a9d6-39566670d840" executionId="88e8a46d-2629-4fb9-a523-ec941003b4b5" testListId="8c84fa94-04c1-424b-9868-57a2d4851a1d" />
    <TestEntry testId="bf2ebf86-752e-56e5-3529-0dcee7532d5d" executionId="82661bb9-c8f7-410c-b29e-241eb469d388" testListId="8c84fa94-04c1-424b-9868-57a2d4851a1d" />
    <TestEntry testId="3359bec4-f88f-6930-585f-325fb5905ea7" executionId="577408ab-fb2c-4d36-b23f-06d464260cf4" testListId="8c84fa94-04c1-424b-9868-57a2d4851a1d" />
    <TestEntry testId="875445ef-e209-9bf8-5e7e-3be88ab2dbc5" executionId="ade02102-e52b-4d69-8558-05aa5392c6f2" testListId="8c84fa94-04c1-424b-9868-57a2d4851a1d" />
    <TestEntry testId="42d01a79-698a-8bdf-a47a-b3816ad9c51b" executionId="7f9bd2c8-9c47-4874-b205-83f2f1926c8c" testListId="8c84fa94-04c1-424b-9868-57a2d4851a1d" />
    <TestEntry testId="9e425f6e-42f2-b256-89c2-edfb5efac27a" executionId="762c4e0c-5fa1-41f6-9cf3-4a2dba29dc5c" testListId="8c84fa94-04c1-424b-9868-57a2d4851a1d" />
    <TestEntry testId="fcc87965-3b73-69f4-c122-fdfc94e1d8cb" executionId="5187c288-16b0-4d93-9dc7-33c113e226aa" testListId="8c84fa94-04c1-424b-9868-57a2d4851a1d" />
  </TestEntries>
  <TestLists>
    <TestList name="Results Not in a List" id="8c84fa94-04c1-424b-9868-57a2d4851a1d" />
    <TestList name="All Loaded Results" id="19431567-8539-422a-85d7-44ee4e166bda" />
  </TestLists>
  <ResultSummary outcome="Completed">
    <Counters total="252" executed="242" passed="242" failed="0" error="0" timeout="0" aborted="0" inconclusive="0" passedButRunAborted="0" notRunnable="0" notExecuted="0" disconnected="0" warning="0" completed="0" inProgress="0" pending="0" />
    <Output>
      <StdOut>[xUnit.net 00:00:00.00] xUnit.net VSTest Adapter v2.8.2+699d445a1a (64-bit .NET 8.0.20)
[xUnit.net 00:00:00.09]   Discovering: Kiwibank.Payments.PaymentsOrchestrator.Testings.Integration.Mocked
[xUnit.net 00:00:00.10]   Discovered:  Kiwibank.Payments.PaymentsOrchestrator.Testings.Integration.Mocked
Test 'POrchAPI_Valid_Payee_Reference_Return_Success_Todo (&amp;&lt;&gt;,201,)' was skipped in the test run.
Test 'ChallengedPaymentInitiationEndpointIsAccessible' was skipped in the test run.
Test 'POrchAPI_Middleware_Retries_To_Maximum_Failure_Limit' was skipped in the test run.
Test 'POrchAPI_TMVToUltracs_Negative_MiddleWare_Response_409_OtherErrors (FrozenError,409,)' was skipped in the test run.
Test 'POrchAPI_TMVToUltracs_Negative_MiddleWare_Response_409_OtherErrors (ClosedAccountError,409,)' was skipped in the test run.
Test 'POrchAPI_TMVToUltracs_Negative_MiddleWare_Response_409_OtherErrors (InvalidBankBranchNumberError,409,)' was skipped in the test run.
Test 'POrchAPI_TMVToUltracs_Negative_MiddleWare_Response_409_OtherErrors (AccountDetectionFailedError,409,)' was skipped in the test run.
Test 'POrchAPI_TMVToUltracs_Negative_MiddleWare_Response_409_OtherErrors (WithdrawalNotPermittedError,409,)' was skipped in the test run.
Test 'POrchAPI_TMVToUltracs_Negative_MiddleWare_Response_409_OtherErrors (AccountNumberIsInvalidError,409,)' was skipped in the test run.
Test 'POrchAPI_TMVToUltracs_Negative_MiddleWare_Response_409_OtherErrors (AccountIdentificationInsufficientError,409,)' was skipped in the test run.
</StdOut>
    </Output>
  </ResultSummary>
</TestRun>