<?xml version="1.0" encoding="utf-8"?>
<TestRun id="909bd9e6-f301-4717-a9db-69c728fc3546" name="@ip-10-130-163-242 2025-09-05 12:23:56" xmlns="http://microsoft.com/schemas/VisualStudio/TeamTest/2010">
  <Times creation="2025-09-05T12:23:56.9915170+12:00" queuing="2025-09-05T12:23:56.9915171+12:00" start="2025-09-05T12:22:12.0855351+12:00" finish="2025-09-05T12:26:27.2170607+12:00" />
  <TestSettings name="default" id="60ef54f9-da08-4cd3-94c8-d1d46eacf0f3">
    <Deployment runDeploymentRoot="_ip-10-130-163-242_2025-09-05_12_23_56" />
  </TestSettings>
  <Results>
    <UnitTestResult executionId="ed020fb5-0449-4979-ad4a-8b2214288342" testId="e6a6ceda-dfef-7277-77b1-95458be43904" testName="POrchAPI_Invalid_Currency_Return_Error (AUD,400,)" computerName="ip-10-130-163-242" duration="00:00:00.0196087" startTime="2025-09-05T12:25:02.6571846+12:00" endTime="2025-09-05T12:25:02.6769331+12:00" testType="13cdc9d9-ddb5-4fa4-a97d-d965ccfc6d4b" outcome="Passed" testListId="8c84fa94-04c1-424b-9868-57a2d4851a1d" relativeResultsDirectory="ed020fb5-0449-4979-ad4a-8b2214288342">
      <Output>
        <StdOut>[2025-09-05 12:25:02 INF] Starting Test Execution: POrchAPI_Invalid_Currency_Return_Error:["[CurrencyValue, AUD]","[StatusCode, 400]"]
[2025-09-05 12:25:02 INF] Finished Test Execution: POrchAPI_Invalid_Currency_Return_Error
[2025-09-05 12:25:02 INF] ---------------------------------------------------



TestContext Messages:
Given a POrch PaymentRequest is created
-&gt; done: POrchAPIStepDefinitions.GivenAPOrchPaymentRequestIsCreated() (0.0s)
And the Payment Currency Field is AUD
-&gt; done: POrchAPIStepDefinitions.WhenTheCurrencyFieldIs("Payment", "AUD") (0.0s)
When POrch Payment API is called
-&gt; done: POrchAPIStepDefinitions.WhenPOrchAPIIsCalled("Payment") (0.0s)
Then the request should return status code 400
-&gt; done: POrchAPIStepDefinitions.ThenTheRequestShouldReturnStatusCode(400) (0.0s)</StdOut>
      </Output>
    </UnitTestResult>
    <UnitTestResult executionId="afbc3418-08fb-49d9-993d-611cb44d467c" testId="d5d0ad9c-ccbe-06a9-b9aa-ca9f6c51210e" testName="POrchAPI_Fraud_Retries (504,,)" computerName="ip-10-130-163-242" duration="00:00:01.6343240" startTime="2025-09-05T12:25:19.5550249+12:00" endTime="2025-09-05T12:25:21.1894999+12:00" testType="13cdc9d9-ddb5-4fa4-a97d-d965ccfc6d4b" outcome="Passed" testListId="8c84fa94-04c1-424b-9868-57a2d4851a1d" relativeResultsDirectory="afbc3418-08fb-49d9-993d-611cb44d467c">
      <Output>
        <StdOut>[2025-09-05 12:25:19 INF] Starting Test Execution: POrchAPI_Fraud_Retries:["[ErrorCode, 504]"]
[2025-09-05 12:25:19 INF] Mocks are not ready after 1 / 5 attempt(s). Expected 3 mock(s) to be registered with the manager and got 0.
[2025-09-05 12:25:19 INF] Successfully created map FraudErrorResponse_504_a844dbd9-33de-4114-9824-74cd7a241614_1 for /api/v1/financial-transaction-fraud-checks
[2025-09-05 12:25:19 INF] Successfully created map FraudSuccess_429bb8df-8521-4eb5-855c-4226c36afe71 for /api/v1/financial-transaction-fraud-checks
[2025-09-05 12:25:19 INF] Successfully created map MiddlewareMock_Success_dd2b58df-c1b9-4ebb-bddf-14033b0ffc3d for /initialisepaymentorder/basic
[2025-09-05 12:25:21 INF] Response has PaymentId: a6f6316a-cf56-4c3e-8c74-ffdbb3f3ee7b
[2025-09-05 12:25:21 INF] Finished Test Execution: POrchAPI_Fraud_Retries
[2025-09-05 12:25:21 INF] ---------------------------------------------------



TestContext Messages:
Given a POrch PaymentRequest is created
-&gt; done: POrchAPIStepDefinitions.GivenAPOrchPaymentRequestIsCreated() (0.0s)
And the credit Account is 389300099302202
-&gt; done: POrchAPIStepDefinitions.WhenTheCreditAccountIs("389300099302202") (0.0s)
And the Fraudcheck mock response will return 504 then 200
-&gt; done: POrchAPIStepDefinitions.GivenTheFraudcheckMockResponseWillReturnThen("504") (0.0s)
And MiddleWare Response is Success
-&gt; done: POrchAPIStepDefinitions.SetMiddlewareResponse("Success") (0.0s)
When POrch Payment API is called
-&gt; done: POrchAPIStepDefinitions.WhenPOrchAPIIsCalled("Payment") (1.6s)
Then the request should return status code 201
-&gt; done: POrchAPIStepDefinitions.ThenTheRequestShouldReturnStatusCode(201) (0.0s)</StdOut>
      </Output>
    </UnitTestResult>
    <UnitTestResult executionId="acb47d06-4de6-47cc-aabe-2d3d6df84521" testId="feec267f-5f3b-8ce3-d984-d9d9c2c9da27" testName="POrchAPI_TMVUltracs_Transfer_Invalid_Transfer_Reference_Return_Error (transfer to MR Test - 00,400,)" computerName="ip-10-130-163-242" duration="00:00:00.0066555" startTime="2025-09-05T12:26:27.0998957+12:00" endTime="2025-09-05T12:26:27.1066646+12:00" testType="13cdc9d9-ddb5-4fa4-a97d-d965ccfc6d4b" outcome="Passed" testListId="8c84fa94-04c1-424b-9868-57a2d4851a1d" relativeResultsDirectory="acb47d06-4de6-47cc-aabe-2d3d6df84521">
      <Output>
        <StdOut>[2025-09-05 12:26:27 INF] Starting Test Execution: POrchAPI_TMVUltracs_Transfer_Invalid_Transfer_Reference_Return_Error:["[TransferRefValue, transfer to MR Test - 00]","[StatusCode, 400]"]
[2025-09-05 12:26:27 INF] Finished Test Execution: POrchAPI_TMVUltracs_Transfer_Invalid_Transfer_Reference_Return_Error
[2025-09-05 12:26:27 INF] ---------------------------------------------------



TestContext Messages:
Given a TMV to Ultracs POrch TransferRequest is created
-&gt; done: POrchAPIStepDefinitions.ConditionalPOrchTransferRequestIsCreated("TMV", "Ultracs") (0.0s)
And the Transfer Reference is transfer to MR Test - 00
-&gt; done: POrchAPIStepDefinitions.TheTransferReferenceIs("transfer to MR Te...") (0.0s)
When POrch Transfer API is called
-&gt; done: POrchAPIStepDefinitions.WhenPOrchAPIIsCalled("Transfer") (0.0s)
Then the request should return status code 400
-&gt; done: POrchAPIStepDefinitions.ThenTheRequestShouldReturnStatusCode(400) (0.0s)</StdOut>
      </Output>
    </UnitTestResult>
    <UnitTestResult executionId="f9048179-9473-4e1b-97d2-9d5774e15817" testId="2acb2af8-f3fb-080e-8fda-e0eac2bb3f2e" testName="POrchAPI_Transfer_Invalid_Currency_Return_Error (nzd,400,)" computerName="ip-10-130-163-242" duration="00:00:00.0149440" startTime="2025-09-05T12:26:26.7354528+12:00" endTime="2025-09-05T12:26:26.7504940+12:00" testType="13cdc9d9-ddb5-4fa4-a97d-d965ccfc6d4b" outcome="Passed" testListId="8c84fa94-04c1-424b-9868-57a2d4851a1d" relativeResultsDirectory="f9048179-9473-4e1b-97d2-9d5774e15817">
      <Output>
        <StdOut>[2025-09-05 12:26:26 INF] Starting Test Execution: POrchAPI_Transfer_Invalid_Currency_Return_Error:["[CurrencyValue, nzd]","[StatusCode, 400]"]
[2025-09-05 12:26:26 INF] Finished Test Execution: POrchAPI_Transfer_Invalid_Currency_Return_Error
[2025-09-05 12:26:26 INF] ---------------------------------------------------



TestContext Messages:
Given a POrch TransferRequest is created
-&gt; done: POrchAPIStepDefinitions.GivenAPOrchTransferRequestIsCreated() (0.0s)
And the Transfer Currency Field is nzd
-&gt; done: POrchAPIStepDefinitions.WhenTheCurrencyFieldIs("Transfer", "nzd") (0.0s)
When POrch Transfer API is called
-&gt; done: POrchAPIStepDefinitions.WhenPOrchAPIIsCalled("Transfer") (0.0s)
Then the request should return status code 400
-&gt; done: POrchAPIStepDefinitions.ThenTheRequestShouldReturnStatusCode(400) (0.0s)</StdOut>
      </Output>
    </UnitTestResult>
    <UnitTestResult executionId="f275d12b-c81d-4527-bf32-6f57da45e6e2" testId="a310d40e-f014-60e6-7b2c-ec53a7367fc9" testName="POrchAPI_Fraud_Retries (408,,)" computerName="ip-10-130-163-242" duration="00:00:01.6362258" startTime="2025-09-05T12:25:21.1895576+12:00" endTime="2025-09-05T12:25:22.8259142+12:00" testType="13cdc9d9-ddb5-4fa4-a97d-d965ccfc6d4b" outcome="Passed" testListId="8c84fa94-04c1-424b-9868-57a2d4851a1d" relativeResultsDirectory="f275d12b-c81d-4527-bf32-6f57da45e6e2">
      <Output>
        <StdOut>[2025-09-05 12:25:21 INF] Starting Test Execution: POrchAPI_Fraud_Retries:["[ErrorCode, 408]"]
[2025-09-05 12:25:21 INF] Mocks are not ready after 1 / 5 attempt(s). Expected 3 mock(s) to be registered with the manager and got 0.
[2025-09-05 12:25:21 INF] Successfully created map FraudErrorResponse_408_08357953-b4b1-46ab-8dbd-6061e825d1bf_1 for /api/v1/financial-transaction-fraud-checks
[2025-09-05 12:25:21 INF] Successfully created map FraudSuccess_000be9ad-956a-49c5-aadb-6d9c84a68055 for /api/v1/financial-transaction-fraud-checks
[2025-09-05 12:25:21 INF] Successfully created map MiddlewareMock_Success_93ec116b-424c-4405-9dd2-a0ce14c2bcc5 for /initialisepaymentorder/basic
[2025-09-05 12:25:22 INF] Response has PaymentId: 74cef4d5-ddec-4e1e-9dcb-ad429329756c
[2025-09-05 12:25:22 INF] Finished Test Execution: POrchAPI_Fraud_Retries
[2025-09-05 12:25:22 INF] ---------------------------------------------------



TestContext Messages:
Given a POrch PaymentRequest is created
-&gt; done: POrchAPIStepDefinitions.GivenAPOrchPaymentRequestIsCreated() (0.0s)
And the credit Account is 389300099302202
-&gt; done: POrchAPIStepDefinitions.WhenTheCreditAccountIs("389300099302202") (0.0s)
And the Fraudcheck mock response will return 408 then 200
-&gt; done: POrchAPIStepDefinitions.GivenTheFraudcheckMockResponseWillReturnThen("408") (0.0s)
And MiddleWare Response is Success
-&gt; done: POrchAPIStepDefinitions.SetMiddlewareResponse("Success") (0.0s)
When POrch Payment API is called
-&gt; done: POrchAPIStepDefinitions.WhenPOrchAPIIsCalled("Payment") (1.6s)
Then the request should return status code 201
-&gt; done: POrchAPIStepDefinitions.ThenTheRequestShouldReturnStatusCode(201) (0.0s)</StdOut>
      </Output>
    </UnitTestResult>
    <UnitTestResult executionId="210aa2b0-5cf2-4842-b69f-add46bea9ed8" testId="3d87b9df-462b-a8e2-6ede-09a058082661" testName="POrchAPI_Valid_Creditor_Code_Return_Success (()+$*!;-/?:,201,)" computerName="ip-10-130-163-242" duration="00:00:01.0840624" startTime="2025-09-05T12:24:18.7204418+12:00" endTime="2025-09-05T12:24:19.8048114+12:00" testType="13cdc9d9-ddb5-4fa4-a97d-d965ccfc6d4b" outcome="Passed" testListId="8c84fa94-04c1-424b-9868-57a2d4851a1d" relativeResultsDirectory="210aa2b0-5cf2-4842-b69f-add46bea9ed8">
      <Output>
        <StdOut>[2025-09-05 12:24:18 INF] Starting Test Execution: POrchAPI_Valid_Creditor_Code_Return_Success:["[CreditorCodeValue, ()+$*!;-/?:]","[StatusCode, 201]"]
[2025-09-05 12:24:18 INF] Mocks are not ready after 1 / 5 attempt(s). Expected 2 mock(s) to be registered with the manager and got 0.
[2025-09-05 12:24:18 INF] Successfully created map FraudcheckMock_Authorize_dd79719c-1df2-4e3d-89a6-fbd2a5016b93 for /api/v1/financial-transaction-fraud-checks
[2025-09-05 12:24:18 INF] Successfully created map MiddlewareMock_Success_6bfedec7-2f79-4d23-bc0a-86f588aceeb0 for /initialisepaymentorder/basic
[2025-09-05 12:24:19 INF] Response has PaymentId: f55e91d6-e253-4995-a151-52637cddd3e6
[2025-09-05 12:24:19 INF] Finished Test Execution: POrchAPI_Valid_Creditor_Code_Return_Success
[2025-09-05 12:24:19 INF] ---------------------------------------------------



TestContext Messages:
Given a POrch PaymentRequest is created
-&gt; done: POrchAPIStepDefinitions.GivenAPOrchPaymentRequestIsCreated() (0.0s)
And the Payment Creditor Code is ()+$*!;-/?:
-&gt; done: POrchAPIStepDefinitions.WhenTheCreditorCodeIs("Payment", "()+$*!;-/?:") (0.0s)
And FraudCheck Response is Authorize
-&gt; done: POrchAPIStepDefinitions.SetFraudCheckResponse("Authorize") (0.0s)
And MiddleWare Response is Success
-&gt; done: POrchAPIStepDefinitions.SetMiddlewareResponse("Success") (0.0s)
When POrch Payment API is called
-&gt; done: POrchAPIStepDefinitions.WhenPOrchAPIIsCalled("Payment") (1.1s)
Then the request should return status code 201
-&gt; done: POrchAPIStepDefinitions.ThenTheRequestShouldReturnStatusCode(201) (0.0s)</StdOut>
      </Output>
    </UnitTestResult>
    <UnitTestResult executionId="97c3fc40-df7f-4621-a915-d7586a2040d7" testId="100bbf7a-69e8-fc51-888e-46253336c0ce" testName="POrchAPI_UltracsTMV_Transfer_Invalid_Transfer_Reference_Return_Error (TRANSFER FROM MR Test  00,400,)" computerName="ip-10-130-163-242" duration="00:00:00.0100289" startTime="2025-09-05T12:26:27.0586732+12:00" endTime="2025-09-05T12:26:27.0687931+12:00" testType="13cdc9d9-ddb5-4fa4-a97d-d965ccfc6d4b" outcome="Passed" testListId="8c84fa94-04c1-424b-9868-57a2d4851a1d" relativeResultsDirectory="97c3fc40-df7f-4621-a915-d7586a2040d7">
      <Output>
        <StdOut>[2025-09-05 12:26:27 INF] Starting Test Execution: POrchAPI_UltracsTMV_Transfer_Invalid_Transfer_Reference_Return_Error:["[TransferRefValue, TRANSFER FROM MR Test  00]","[StatusCode, 400]"]
[2025-09-05 12:26:27 INF] Finished Test Execution: POrchAPI_UltracsTMV_Transfer_Invalid_Transfer_Reference_Return_Error
[2025-09-05 12:26:27 INF] ---------------------------------------------------



TestContext Messages:
Given a Ultracs to TMV POrch TransferRequest is created
-&gt; done: POrchAPIStepDefinitions.ConditionalPOrchTransferRequestIsCreated("Ultracs", "TMV") (0.0s)
And the Transfer Reference is TRANSFER FROM MR Test  00
-&gt; done: POrchAPIStepDefinitions.TheTransferReferenceIs("TRANSFER FROM MR ...") (0.0s)
When POrch Transfer API is called
-&gt; done: POrchAPIStepDefinitions.WhenPOrchAPIIsCalled("Transfer") (0.0s)
Then the request should return status code 400
-&gt; done: POrchAPIStepDefinitions.ThenTheRequestShouldReturnStatusCode(400) (0.0s)</StdOut>
      </Output>
    </UnitTestResult>
    <UnitTestResult executionId="25205ac9-78fd-4ee0-874c-6eb9a1d59b40" testId="69685b74-7fc2-5b44-30db-5fa56ac301e3" testName="POrchAPI_Valid_Debtor_Code_Return_Success (=@#_%,.,201,)" computerName="ip-10-130-163-242" duration="00:00:01.1025043" startTime="2025-09-05T12:24:17.6175867+12:00" endTime="2025-09-05T12:24:18.7203542+12:00" testType="13cdc9d9-ddb5-4fa4-a97d-d965ccfc6d4b" outcome="Passed" testListId="8c84fa94-04c1-424b-9868-57a2d4851a1d" relativeResultsDirectory="25205ac9-78fd-4ee0-874c-6eb9a1d59b40">
      <Output>
        <StdOut>[2025-09-05 12:24:17 INF] Starting Test Execution: POrchAPI_Valid_Debtor_Code_Return_Success:["[DebtorCodeValue, =@#_%,.]","[StatusCode, 201]"]
[2025-09-05 12:24:17 INF] Mocks are not ready after 1 / 5 attempt(s). Expected 2 mock(s) to be registered with the manager and got 0.
[2025-09-05 12:24:17 INF] Successfully created map FraudcheckMock_Authorize_f355901b-6cb2-4cd5-b7d9-6035d5573cab for /api/v1/financial-transaction-fraud-checks
[2025-09-05 12:24:17 INF] Successfully created map MiddlewareMock_Success_5033c9d5-f63f-4289-a58a-7a9253eb097e for /initialisepaymentorder/basic
[2025-09-05 12:24:18 INF] Response has PaymentId: 300099ad-15f8-475e-bbc4-cce99b63d185
[2025-09-05 12:24:18 INF] Finished Test Execution: POrchAPI_Valid_Debtor_Code_Return_Success
[2025-09-05 12:24:18 INF] ---------------------------------------------------



TestContext Messages:
Given a POrch PaymentRequest is created
-&gt; done: POrchAPIStepDefinitions.GivenAPOrchPaymentRequestIsCreated() (0.0s)
And the Payment Debtor Code is =@#_%,.
-&gt; done: POrchAPIStepDefinitions.WhenTheDebtorCodeIs("Payment", "=@#_%,.") (0.0s)
And FraudCheck Response is Authorize
-&gt; done: POrchAPIStepDefinitions.SetFraudCheckResponse("Authorize") (0.0s)
And MiddleWare Response is Success
-&gt; done: POrchAPIStepDefinitions.SetMiddlewareResponse("Success") (0.0s)
When POrch Payment API is called
-&gt; done: POrchAPIStepDefinitions.WhenPOrchAPIIsCalled("Payment") (1.1s)
Then the request should return status code 201
-&gt; done: POrchAPIStepDefinitions.ThenTheRequestShouldReturnStatusCode(201) (0.0s)</StdOut>
      </Output>
    </UnitTestResult>
    <UnitTestResult executionId="1a5be862-6afc-47af-b05d-e3e1bb37363b" testId="0f49765d-7714-2e01-cacb-5bcb003533f7" testName="POrchAPI_Other_Fraud_Responses_Do_Not_Retry (Refer,409,)" computerName="ip-10-130-163-242" duration="00:00:00.0101902" startTime="2025-09-05T12:25:25.8735834+12:00" endTime="2025-09-05T12:25:25.8839059+12:00" testType="13cdc9d9-ddb5-4fa4-a97d-d965ccfc6d4b" outcome="Passed" testListId="8c84fa94-04c1-424b-9868-57a2d4851a1d" relativeResultsDirectory="1a5be862-6afc-47af-b05d-e3e1bb37363b">
      <Output>
        <StdOut>[2025-09-05 12:25:25 INF] Starting Test Execution: POrchAPI_Other_Fraud_Responses_Do_Not_Retry:["[Result, Refer]","[StatusCode, 409]"]
[2025-09-05 12:25:25 INF] Finished Test Execution: POrchAPI_Other_Fraud_Responses_Do_Not_Retry
[2025-09-05 12:25:25 INF] ---------------------------------------------------
[2025-09-05 12:25:25 INF] Successfully created map FraudErrorResponse_Refer_1a7c4701-5a9f-4234-9469-9456220ebda1_1 for /api/v1/financial-transaction-fraud-checks
[2025-09-05 12:25:25 INF] Successfully created map PartyActivityServiceMock_Created_7fb6890e-8269-4bca-9f1d-2de2e74c30af for /v2/activities
[2025-09-05 12:25:25 INF] Successfully created map MiddlewareMock_FrozenError_dcab0ace-5dd2-487a-8081-22f49f08c084 for /initialisepaymentorder/basic
[2025-09-05 12:25:25 INF] Successfully created map FraudSuccess_28f64191-f5d9-432b-8c94-446f8fa3f86b for /api/v1/financial-transaction-fraud-checks



TestContext Messages:
Given a POrch PaymentRequest is created
-&gt; done: POrchAPIStepDefinitions.GivenAPOrchPaymentRequestIsCreated() (0.0s)
And the Fraudcheck mock response will return Refer then 200
-&gt; done: POrchAPIStepDefinitions.GivenTheFraudcheckMockResponseWillReturnThen("Refer") (0.0s)
And MiddleWare Response is FrozenError
-&gt; done: POrchAPIStepDefinitions.SetMiddlewareResponse("FrozenError") (0.0s)
And the PAS response is Created
-&gt; done: POrchAPIStepDefinitions.ThePasResponseIs("Created") (0.0s)</StdOut>
      </Output>
    </UnitTestResult>
    <UnitTestResult executionId="906a1b0c-01ab-4436-9161-e71380d068ca" testId="912abe41-bb13-547c-08b8-149371040095" testName="POrchAPI_Transfer_Invalid_Debtor_Account_Source_Return_Error (&lt;null&gt;,400,'DebtorAccountSource' must not be empty.,)" computerName="ip-10-130-163-242" duration="00:00:00.0073135" startTime="2025-09-05T12:26:26.9940665+12:00" endTime="2025-09-05T12:26:27.0014985+12:00" testType="13cdc9d9-ddb5-4fa4-a97d-d965ccfc6d4b" outcome="Passed" testListId="8c84fa94-04c1-424b-9868-57a2d4851a1d" relativeResultsDirectory="906a1b0c-01ab-4436-9161-e71380d068ca">
      <Output>
        <StdOut>[2025-09-05 12:26:26 INF] Starting Test Execution: POrchAPI_Transfer_Invalid_Debtor_Account_Source_Return_Error:["[AccountSource, &lt;null&gt;]","[StatusCode, 400]","[ErrorMessage, 'DebtorAccountSource' must not be empty.]"]
[2025-09-05 12:26:27 INF] Finished Test Execution: POrchAPI_Transfer_Invalid_Debtor_Account_Source_Return_Error
[2025-09-05 12:26:27 INF] ---------------------------------------------------



TestContext Messages:
Given a POrch TransferRequest is created
-&gt; done: POrchAPIStepDefinitions.GivenAPOrchTransferRequestIsCreated() (0.0s)
And the transfer Debtor Account Source is &lt;null&gt;
-&gt; done: POrchAPIStepDefinitions.GivenTheTransferDebtorAccountSourceIs(null) (0.0s)
When POrch Transfer API is called
-&gt; done: POrchAPIStepDefinitions.WhenPOrchAPIIsCalled("Transfer") (0.0s)
Then the request should return status code 400
-&gt; done: POrchAPIStepDefinitions.ThenTheRequestShouldReturnStatusCode(400) (0.0s)
And the error message should be 'DebtorAccountSource' must not be empty.
-&gt; done: POrchAPIStepDefinitions.ThenTheErrorMessageShouldBeErrorMessage("'DebtorAccountSou...") (0.0s)</StdOut>
      </Output>
    </UnitTestResult>
    <UnitTestResult executionId="5a016903-67cc-41d3-9648-31f47eca1c7d" testId="eea8f669-6182-59fe-4fe6-631eec187179" testName="POrchAPI_TMVToUltracs_Negative_MiddleWare_Response_409 (AccountNumberIsInvalidError,409,)" computerName="ip-10-130-163-242" startTime="2025-09-05T12:26:12.5011221+12:00" endTime="2025-09-05T12:26:12.5011495+12:00" testType="13cdc9d9-ddb5-4fa4-a97d-d965ccfc6d4b" outcome="NotExecuted" testListId="8c84fa94-04c1-424b-9868-57a2d4851a1d" relativeResultsDirectory="5a016903-67cc-41d3-9648-31f47eca1c7d">
      <Output></Output>
    </UnitTestResult>
    <UnitTestResult executionId="3d4165bc-9534-42d2-966b-9aa63146460e" testId="a52497f5-e481-7b26-d6c5-a55a6ad7abb4" testName="POrchAPI_TMVToUltracs_Negative_MiddleWare_Response_409 (AccountIdentificationInsufficientError,409,)" computerName="ip-10-130-163-242" startTime="2025-09-05T12:26:12.5015963+12:00" endTime="2025-09-05T12:26:12.5016709+12:00" testType="13cdc9d9-ddb5-4fa4-a97d-d965ccfc6d4b" outcome="NotExecuted" testListId="8c84fa94-04c1-424b-9868-57a2d4851a1d" relativeResultsDirectory="3d4165bc-9534-42d2-966b-9aa63146460e">
      <Output></Output>
    </UnitTestResult>
    <UnitTestResult executionId="4e366201-fbfe-4f61-b5e1-765df6dceb17" testId="8a250861-9e55-1130-202a-5e79a2a0feae" testName="POrchAPI_Negative_FraudCheck_Response_Close_Middleware_409 (Refer,409,)" computerName="ip-10-130-163-242" duration="00:00:01.0764576" startTime="2025-09-05T12:24:44.7680729+12:00" endTime="2025-09-05T12:24:45.8447077+12:00" testType="13cdc9d9-ddb5-4fa4-a97d-d965ccfc6d4b" outcome="Passed" testListId="8c84fa94-04c1-424b-9868-57a2d4851a1d" relativeResultsDirectory="4e366201-fbfe-4f61-b5e1-765df6dceb17">
      <Output>
        <StdOut>[2025-09-05 12:24:44 INF] Starting Test Execution: POrchAPI_Negative_FraudCheck_Response_Close_Middleware_409:["[Result, Refer]","[StatusCode, 409]"]
[2025-09-05 12:24:44 INF] Successfully created map FraudcheckMock_Refer_8122510e-288a-4a46-81e6-9a78f2aea144 for /api/v1/financial-transaction-fraud-checks
[2025-09-05 12:24:44 INF] Mocks are not ready after 1 / 5 attempt(s). Expected 3 mock(s) to be registered with the manager and got 1.
[2025-09-05 12:24:44 INF] Successfully created map PartyActivityServiceMock_Created_0a8242ff-995f-43fb-b3c3-7f0402a30a38 for /v2/activities
[2025-09-05 12:24:44 INF] Successfully created map MiddlewareMock_FrozenError_004c0568-88ff-48f3-8a70-890392d94be5 for /initialisepaymentorder/basic
[2025-09-05 12:24:45 INF] Response has PaymentId: d35015d8-3f4e-42ab-bd50-b312660a8d51
[2025-09-05 12:24:45 INF] Finished Test Execution: POrchAPI_Negative_FraudCheck_Response_Close_Middleware_409
[2025-09-05 12:24:45 INF] ---------------------------------------------------



TestContext Messages:
Given a POrch PaymentRequest is created
-&gt; done: POrchAPIStepDefinitions.GivenAPOrchPaymentRequestIsCreated() (0.0s)
And FraudCheck Response is Refer
-&gt; done: POrchAPIStepDefinitions.SetFraudCheckResponse("Refer") (0.0s)
And MiddleWare Response is FrozenError
-&gt; done: POrchAPIStepDefinitions.SetMiddlewareResponse("FrozenError") (0.0s)
And the PAS response is Created
-&gt; done: POrchAPIStepDefinitions.ThePasResponseIs("Created") (0.0s)
When POrch Payment API is called
-&gt; done: POrchAPIStepDefinitions.WhenPOrchAPIIsCalled("Payment") (1.1s)
Then the request should return status code 409
-&gt; done: POrchAPIStepDefinitions.ThenTheRequestShouldReturnStatusCode(409) (0.0s)</StdOut>
      </Output>
    </UnitTestResult>
    <UnitTestResult executionId="30afb404-1f87-4ebf-9d3e-56adedfadc39" testId="e3d003eb-216d-67bb-ca2c-8e3b1ca8a7b8" testName="POrchAPI_Other_Middleware_Responses_Do_Not_Retry (FrozenError,409,)" computerName="ip-10-130-163-242" duration="00:00:01.0854115" startTime="2025-09-05T12:25:32.3881365+12:00" endTime="2025-09-05T12:25:33.4736958+12:00" testType="13cdc9d9-ddb5-4fa4-a97d-d965ccfc6d4b" outcome="Passed" testListId="8c84fa94-04c1-424b-9868-57a2d4851a1d" relativeResultsDirectory="30afb404-1f87-4ebf-9d3e-56adedfadc39">
      <Output>
        <StdOut>[2025-09-05 12:25:32 INF] Starting Test Execution: POrchAPI_Other_Middleware_Responses_Do_Not_Retry:["[Response, FrozenError]","[StatusCode, 409]"]
[2025-09-05 12:25:32 INF] Mocks are not ready after 1 / 5 attempt(s). Expected 3 mock(s) to be registered with the manager and got 0.
[2025-09-05 12:25:32 INF] Successfully created map FraudcheckMock_Authorize_664574a5-e6a5-4f4f-a5a0-b05d255f91d4 for /api/v1/financial-transaction-fraud-checks
[2025-09-05 12:25:32 INF] Successfully created map MiddlewareSuccess_1eac9c7a-dae9-4b7b-89df-2262993d9985 for /initialisepaymentorder/basic
[2025-09-05 12:25:32 INF] Successfully created map MiddlewareFailure_FrozenError_fd03cf09-fe94-4f13-81dd-8954b8e230c5_1 for /initialisepaymentorder/basic
[2025-09-05 12:25:33 INF] Response has PaymentId: ed0ca20d-926c-46ae-86fe-7f8e8cc50f0b
[2025-09-05 12:25:33 INF] Finished Test Execution: POrchAPI_Other_Middleware_Responses_Do_Not_Retry
[2025-09-05 12:25:33 INF] ---------------------------------------------------



TestContext Messages:
Given a POrch PaymentRequest is created
-&gt; done: POrchAPIStepDefinitions.GivenAPOrchPaymentRequestIsCreated() (0.0s)
And the credit Account is 389300099302202
-&gt; done: POrchAPIStepDefinitions.WhenTheCreditAccountIs("389300099302202") (0.0s)
And FraudCheck Response is Authorize
-&gt; done: POrchAPIStepDefinitions.SetFraudCheckResponse("Authorize") (0.0s)
And the Middleware responses will be FrozenError then 201
-&gt; done: POrchAPIStepDefinitions.GivenTheMiddlewareResponsesWillBe("FrozenError") (0.0s)
When POrch Payment API is called
-&gt; done: POrchAPIStepDefinitions.WhenPOrchAPIIsCalled("Payment") (1.1s)
Then the request should return status code 409
-&gt; done: POrchAPIStepDefinitions.ThenTheRequestShouldReturnStatusCode(409) (0.0s)</StdOut>
      </Output>
    </UnitTestResult>
    <UnitTestResult executionId="af5290c3-3548-43c2-8e33-5718264799b0" testId="cde0434b-bd2d-c388-0502-f1cc3498473d" testName="POrchAPI_Other_Fraud_Responses_Do_Not_Retry (Decline,409,)" computerName="ip-10-130-163-242" duration="00:00:00.0272203" startTime="2025-09-05T12:25:25.9138649+12:00" endTime="2025-09-05T12:25:25.9412438+12:00" testType="13cdc9d9-ddb5-4fa4-a97d-d965ccfc6d4b" outcome="Passed" testListId="8c84fa94-04c1-424b-9868-57a2d4851a1d" relativeResultsDirectory="af5290c3-3548-43c2-8e33-5718264799b0">
      <Output>
        <StdOut>[2025-09-05 12:25:25 INF] Starting Test Execution: POrchAPI_Other_Fraud_Responses_Do_Not_Retry:["[Result, Decline]","[StatusCode, 409]"]
[2025-09-05 12:25:25 INF] Finished Test Execution: POrchAPI_Other_Fraud_Responses_Do_Not_Retry
[2025-09-05 12:25:25 INF] ---------------------------------------------------
[2025-09-05 12:25:25 INF] Successfully created map PartyActivityServiceMock_Created_7b8768f0-a389-4855-93b5-7e7763da4451 for /v2/activities
[2025-09-05 12:25:25 INF] Successfully created map FraudErrorResponse_Decline_4174bfb1-dad7-401b-b2e6-2cef6e1562b1_1 for /api/v1/financial-transaction-fraud-checks
[2025-09-05 12:25:25 INF] Successfully created map FraudSuccess_deebb64b-074b-4316-bf02-89c565aeff6f for /api/v1/financial-transaction-fraud-checks
[2025-09-05 12:25:25 INF] Successfully created map MiddlewareMock_FrozenError_1ba35f74-7159-4edb-be4e-1656a67a1a85 for /initialisepaymentorder/basic
[2025-09-05 12:25:25 INF] Successfully created map PartyActivityServiceMock_Created_9f576551-a6d6-4fa7-83cc-cf18c283de43 for /v2/activities
[2025-09-05 12:25:25 INF] Successfully created map MiddlewareMock_FrozenError_7981e679-4e0e-44b7-85db-633e52bd51c4 for /initialisepaymentorder/basic
[2025-09-05 12:25:25 INF] Successfully created map FraudSuccess_5727d082-7fad-4bbf-ba1e-1b87339b0990 for /api/v1/financial-transaction-fraud-checks



TestContext Messages:
Given a POrch PaymentRequest is created
-&gt; done: POrchAPIStepDefinitions.GivenAPOrchPaymentRequestIsCreated() (0.0s)
And the Fraudcheck mock response will return Decline then 200
-&gt; done: POrchAPIStepDefinitions.GivenTheFraudcheckMockResponseWillReturnThen("Decline") (0.0s)
And MiddleWare Response is FrozenError
-&gt; done: POrchAPIStepDefinitions.SetMiddlewareResponse("FrozenError") (0.0s)
And the PAS response is Created
-&gt; done: POrchAPIStepDefinitions.ThePasResponseIs("Created") (0.0s)</StdOut>
      </Output>
    </UnitTestResult>
    <UnitTestResult executionId="d9ace298-1a4b-4e42-b379-9877c4a6964b" testId="7416401c-ea0e-cc6d-9990-152626aa5d18" testName="POrchAPI_TMVToTMV_Valid_Creditor_Reference_Return_Success (=@#_%,.,201,)" computerName="ip-10-130-163-242" duration="00:00:01.0698709" startTime="2025-09-05T12:25:55.0894791+12:00" endTime="2025-09-05T12:25:56.1594863+12:00" testType="13cdc9d9-ddb5-4fa4-a97d-d965ccfc6d4b" outcome="Passed" testListId="8c84fa94-04c1-424b-9868-57a2d4851a1d" relativeResultsDirectory="d9ace298-1a4b-4e42-b379-9877c4a6964b">
      <Output>
        <StdOut>[2025-09-05 12:25:55 INF] Starting Test Execution: POrchAPI_TMVToTMV_Valid_Creditor_Reference_Return_Success:["[CreditorReferenceValue, =@#_%,.]","[StatusCode, 201]"]
[2025-09-05 12:25:55 INF] Mocks are not ready after 1 / 5 attempt(s). Expected 1 mock(s) to be registered with the manager and got 0.
[2025-09-05 12:25:55 INF] Successfully created map AdpsMock_Success_b4ef9dc0-91d3-4f76-91cf-b2e7815507c5 for /api/v1/payment-instruction/domestic/immediate
[2025-09-05 12:25:56 INF] Response has PaymentId: 309b5fca-1e57-4b4f-a336-76cd7a16b593
[2025-09-05 12:25:56 INF] Finished Test Execution: POrchAPI_TMVToTMV_Valid_Creditor_Reference_Return_Success
[2025-09-05 12:25:56 INF] ---------------------------------------------------



TestContext Messages:
Given a TMV to TMV POrch TransferRequest is created
-&gt; done: POrchAPIStepDefinitions.ConditionalPOrchTransferRequestIsCreated("TMV", "TMV") (0.0s)
And the Transfer Creditor Reference is =@#_%,.
-&gt; done: POrchAPIStepDefinitions.WhenTheCreditorReferenceIs("Transfer", "=@#_%,.") (0.0s)
And ADPS Response is Success
-&gt; done: POrchAPIStepDefinitions.SetAdpsResponse("Success") (0.0s)
When POrch Transfer API is called
-&gt; done: POrchAPIStepDefinitions.WhenPOrchAPIIsCalled("Transfer") (1.1s)
Then the request should return status code 201
-&gt; done: POrchAPIStepDefinitions.ThenTheRequestShouldReturnStatusCode(201) (0.0s)</StdOut>
      </Output>
    </UnitTestResult>
    <UnitTestResult executionId="c4b127e4-10b9-41ce-be79-c97cd7ba9772" testId="0f05724c-ecb1-a49e-a7ab-eb22e8343906" testName="POrchAPI_Negative_FraudCheck_Response_Frozen_Middleware_409 (Decline,409,)" computerName="ip-10-130-163-242" duration="00:00:01.1187714" startTime="2025-09-05T12:24:39.3526745+12:00" endTime="2025-09-05T12:24:40.4716396+12:00" testType="13cdc9d9-ddb5-4fa4-a97d-d965ccfc6d4b" outcome="Passed" testListId="8c84fa94-04c1-424b-9868-57a2d4851a1d" relativeResultsDirectory="c4b127e4-10b9-41ce-be79-c97cd7ba9772">
      <Output>
        <StdOut>[2025-09-05 12:24:39 INF] Starting Test Execution: POrchAPI_Negative_FraudCheck_Response_Frozen_Middleware_409:["[Result, Decline]","[StatusCode, 409]"]
[2025-09-05 12:24:39 INF] Successfully created map MiddlewareMock_FrozenError_5c479ded-b060-4a04-821f-d13460fbf516 for /initialisepaymentorder/basic
[2025-09-05 12:24:39 INF] Successfully created map FraudcheckMock_Decline_28367716-ec59-4c95-8322-f9de2fd97fa2 for /api/v1/financial-transaction-fraud-checks
[2025-09-05 12:24:39 INF] Mocks are not ready after 1 / 5 attempt(s). Expected 3 mock(s) to be registered with the manager and got 2.
[2025-09-05 12:24:39 INF] Successfully created map PartyActivityServiceMock_Created_f52d84c0-e96e-4ee4-981d-fbee194d9e00 for /v2/activities
[2025-09-05 12:24:40 INF] Response has PaymentId: b43870f3-641d-437c-ad97-b85b947335bc
[2025-09-05 12:24:40 INF] Finished Test Execution: POrchAPI_Negative_FraudCheck_Response_Frozen_Middleware_409
[2025-09-05 12:24:40 INF] ---------------------------------------------------



TestContext Messages:
Given a POrch PaymentRequest is created
-&gt; done: POrchAPIStepDefinitions.GivenAPOrchPaymentRequestIsCreated() (0.0s)
And FraudCheck Response is Decline
-&gt; done: POrchAPIStepDefinitions.SetFraudCheckResponse("Decline") (0.0s)
And MiddleWare Response is FrozenError
-&gt; done: POrchAPIStepDefinitions.SetMiddlewareResponse("FrozenError") (0.0s)
And the PAS response is Created
-&gt; done: POrchAPIStepDefinitions.ThePasResponseIs("Created") (0.0s)
When POrch Payment API is called
-&gt; done: POrchAPIStepDefinitions.WhenPOrchAPIIsCalled("Payment") (1.1s)
Then the request should return status code 409
-&gt; done: POrchAPIStepDefinitions.ThenTheRequestShouldReturnStatusCode(409) (0.0s)</StdOut>
      </Output>
    </UnitTestResult>
    <UnitTestResult executionId="323bd2d2-a780-48f7-8b54-f0e2194b13cb" testId="42a3bc4d-02bc-8094-0907-2e9fbb08778b" testName="POrchAPI_TMVToTMV_Valid_Debtor_Code_Return_Success (()+$*!;-/?:,201,)" computerName="ip-10-130-163-242" duration="00:00:01.0743715" startTime="2025-09-05T12:25:49.7392381+12:00" endTime="2025-09-05T12:25:50.8137681+12:00" testType="13cdc9d9-ddb5-4fa4-a97d-d965ccfc6d4b" outcome="Passed" testListId="8c84fa94-04c1-424b-9868-57a2d4851a1d" relativeResultsDirectory="323bd2d2-a780-48f7-8b54-f0e2194b13cb">
      <Output>
        <StdOut>[2025-09-05 12:25:49 INF] Starting Test Execution: POrchAPI_TMVToTMV_Valid_Debtor_Code_Return_Success:["[DebtorCodeValue, ()+$*!;-/?:]","[StatusCode, 201]"]
[2025-09-05 12:25:49 INF] Mocks are not ready after 1 / 5 attempt(s). Expected 1 mock(s) to be registered with the manager and got 0.
[2025-09-05 12:25:49 INF] Successfully created map AdpsMock_Success_bb751bfd-b5a5-4eeb-8bf4-230099df249b for /api/v1/payment-instruction/domestic/immediate
[2025-09-05 12:25:50 INF] Response has PaymentId: c91c989b-121b-4b0d-bdb8-9fd506037242
[2025-09-05 12:25:50 INF] Finished Test Execution: POrchAPI_TMVToTMV_Valid_Debtor_Code_Return_Success
[2025-09-05 12:25:50 INF] ---------------------------------------------------



TestContext Messages:
Given a TMV to TMV POrch TransferRequest is created
-&gt; done: POrchAPIStepDefinitions.ConditionalPOrchTransferRequestIsCreated("TMV", "TMV") (0.0s)
And the Transfer Debtor Code is ()+$*!;-/?:
-&gt; done: POrchAPIStepDefinitions.WhenTheDebtorCodeIs("Transfer", "()+$*!;-/?:") (0.0s)
And ADPS Response is Success
-&gt; done: POrchAPIStepDefinitions.SetAdpsResponse("Success") (0.0s)
When POrch Transfer API is called
-&gt; done: POrchAPIStepDefinitions.WhenPOrchAPIIsCalled("Transfer") (1.1s)
Then the request should return status code 201
-&gt; done: POrchAPIStepDefinitions.ThenTheRequestShouldReturnStatusCode(201) (0.0s)</StdOut>
      </Output>
    </UnitTestResult>
    <UnitTestResult executionId="7ebf92c9-d019-477b-9541-26c440f948bb" testId="0e9c9dc4-cb99-11e9-939a-074176508061" testName="POrchAPI_Valid_Creditor_Particulars_Return_Success (=@#_%,.,201,)" computerName="ip-10-130-163-242" duration="00:00:01.0945771" startTime="2025-09-05T12:24:15.4393233+12:00" endTime="2025-09-05T12:24:16.5341986+12:00" testType="13cdc9d9-ddb5-4fa4-a97d-d965ccfc6d4b" outcome="Passed" testListId="8c84fa94-04c1-424b-9868-57a2d4851a1d" relativeResultsDirectory="7ebf92c9-d019-477b-9541-26c440f948bb">
      <Output>
        <StdOut>[2025-09-05 12:24:15 INF] Starting Test Execution: POrchAPI_Valid_Creditor_Particulars_Return_Success:["[CreditorParticularsValue, =@#_%,.]","[StatusCode, 201]"]
[2025-09-05 12:24:15 INF] Mocks are not ready after 1 / 5 attempt(s). Expected 2 mock(s) to be registered with the manager and got 0.
[2025-09-05 12:24:15 INF] Successfully created map FraudcheckMock_Authorize_7537a2be-bafb-4445-807c-98c5f551b5d0 for /api/v1/financial-transaction-fraud-checks
[2025-09-05 12:24:15 INF] Successfully created map MiddlewareMock_Success_9c2c9fcb-0aef-4921-8cf0-aace5dfe5b2c for /initialisepaymentorder/basic
[2025-09-05 12:24:16 INF] Response has PaymentId: db943c23-3be6-4b38-a857-9233c5bdee6b
[2025-09-05 12:24:16 INF] Finished Test Execution: POrchAPI_Valid_Creditor_Particulars_Return_Success
[2025-09-05 12:24:16 INF] ---------------------------------------------------



TestContext Messages:
Given a POrch PaymentRequest is created
-&gt; done: POrchAPIStepDefinitions.GivenAPOrchPaymentRequestIsCreated() (0.0s)
And the Payment Creditor particulars is =@#_%,.
-&gt; done: POrchAPIStepDefinitions.WhenTheCreditorParticularsIs("Payment", "=@#_%,.") (0.0s)
And FraudCheck Response is Authorize
-&gt; done: POrchAPIStepDefinitions.SetFraudCheckResponse("Authorize") (0.0s)
And MiddleWare Response is Success
-&gt; done: POrchAPIStepDefinitions.SetMiddlewareResponse("Success") (0.0s)
When POrch Payment API is called
-&gt; done: POrchAPIStepDefinitions.WhenPOrchAPIIsCalled("Payment") (1.1s)
Then the request should return status code 201
-&gt; done: POrchAPIStepDefinitions.ThenTheRequestShouldReturnStatusCode(201) (0.0s)</StdOut>
      </Output>
    </UnitTestResult>
    <UnitTestResult executionId="68fc6e30-b05e-418a-bfee-079700cec6bf" testId="018ced43-41c2-42e8-f806-f4bb8c3aa21c" testName="POrchAPI_UltracsToTMV_Valid_Debtor_Code_Return_Success (()+$*!;-/?:,201,)" computerName="ip-10-130-163-242" duration="00:00:01.0934262" startTime="2025-09-05T12:26:17.9654044+12:00" endTime="2025-09-05T12:26:19.0589854+12:00" testType="13cdc9d9-ddb5-4fa4-a97d-d965ccfc6d4b" outcome="Passed" testListId="8c84fa94-04c1-424b-9868-57a2d4851a1d" relativeResultsDirectory="68fc6e30-b05e-418a-bfee-079700cec6bf">
      <Output>
        <StdOut>[2025-09-05 12:26:17 INF] Starting Test Execution: POrchAPI_UltracsToTMV_Valid_Debtor_Code_Return_Success:["[DebtorCodeValue, ()+$*!;-/?:]","[StatusCode, 201]"]
[2025-09-05 12:26:17 INF] Mocks are not ready after 1 / 5 attempt(s). Expected 2 mock(s) to be registered with the manager and got 0.
[2025-09-05 12:26:17 INF] Successfully created map AdpsMock_Success_434f81e8-8b2b-49d6-85b9-c0abff9a118e for /api/v1/payment-instruction/domestic/immediate
[2025-09-05 12:26:17 INF] Successfully created map MiddlewareMock_Success_46e2b01b-7dc2-49a1-92a4-9e1998e9ec0e for /initialisepaymentorder/basic
[2025-09-05 12:26:19 INF] Response has PaymentId: 40b7b657-6982-42aa-993d-6b1c0800f0d7
[2025-09-05 12:26:19 INF] Finished Test Execution: POrchAPI_UltracsToTMV_Valid_Debtor_Code_Return_Success
[2025-09-05 12:26:19 INF] ---------------------------------------------------



TestContext Messages:
Given a Ultracs to TMV POrch TransferRequest is created
-&gt; done: POrchAPIStepDefinitions.ConditionalPOrchTransferRequestIsCreated("Ultracs", "TMV") (0.0s)
And the Transfer Debtor Code is ()+$*!;-/?:
-&gt; done: POrchAPIStepDefinitions.WhenTheDebtorCodeIs("Transfer", "()+$*!;-/?:") (0.0s)
And ADPS Response is Success
-&gt; done: POrchAPIStepDefinitions.SetAdpsResponse("Success") (0.0s)
And MiddleWare Response is Success
-&gt; done: POrchAPIStepDefinitions.SetMiddlewareResponse("Success") (0.0s)
When POrch Transfer API is called
-&gt; done: POrchAPIStepDefinitions.WhenPOrchAPIIsCalled("Transfer") (1.1s)
Then the request should return status code 201
-&gt; done: POrchAPIStepDefinitions.ThenTheRequestShouldReturnStatusCode(201) (0.0s)</StdOut>
      </Output>
    </UnitTestResult>
    <UnitTestResult executionId="538f14f1-fb4c-4114-9e79-da1a87abe7a3" testId="1e8e6330-c538-1157-ece4-73d09ac62670" testName="POrchAPI_Valid_Debtor_Reference_Return_Success (()+$*!;-/?:,201,)" computerName="ip-10-130-163-242" duration="00:00:01.0972588" startTime="2025-09-05T12:24:23.0406120+12:00" endTime="2025-09-05T12:24:24.1381126+12:00" testType="13cdc9d9-ddb5-4fa4-a97d-d965ccfc6d4b" outcome="Passed" testListId="8c84fa94-04c1-424b-9868-57a2d4851a1d" relativeResultsDirectory="538f14f1-fb4c-4114-9e79-da1a87abe7a3">
      <Output>
        <StdOut>[2025-09-05 12:24:23 INF] Starting Test Execution: POrchAPI_Valid_Debtor_Reference_Return_Success:["[DebtorReferenceValue, ()+$*!;-/?:]","[StatusCode, 201]"]
[2025-09-05 12:24:23 INF] Mocks are not ready after 1 / 5 attempt(s). Expected 2 mock(s) to be registered with the manager and got 0.
[2025-09-05 12:24:23 INF] Successfully created map FraudcheckMock_Authorize_fcb6e974-5c7c-4eeb-a80b-a55625f8bda2 for /api/v1/financial-transaction-fraud-checks
[2025-09-05 12:24:23 INF] Successfully created map MiddlewareMock_Success_bd57bb3c-cabe-4250-82a6-297090683394 for /initialisepaymentorder/basic
[2025-09-05 12:24:24 INF] Response has PaymentId: b782f860-73c1-4326-b894-45e83a428295
[2025-09-05 12:24:24 INF] Finished Test Execution: POrchAPI_Valid_Debtor_Reference_Return_Success
[2025-09-05 12:24:24 INF] ---------------------------------------------------



TestContext Messages:
Given a POrch PaymentRequest is created
-&gt; done: POrchAPIStepDefinitions.GivenAPOrchPaymentRequestIsCreated() (0.0s)
And the Payment Debtor Reference is ()+$*!;-/?:
-&gt; done: POrchAPIStepDefinitions.WhenTheDebtorReferenceIs("Payment", "()+$*!;-/?:") (0.0s)
And FraudCheck Response is Authorize
-&gt; done: POrchAPIStepDefinitions.SetFraudCheckResponse("Authorize") (0.0s)
And MiddleWare Response is Success
-&gt; done: POrchAPIStepDefinitions.SetMiddlewareResponse("Success") (0.0s)
When POrch Payment API is called
-&gt; done: POrchAPIStepDefinitions.WhenPOrchAPIIsCalled("Payment") (1.1s)
Then the request should return status code 201
-&gt; done: POrchAPIStepDefinitions.ThenTheRequestShouldReturnStatusCode(201) (0.0s)</StdOut>
      </Output>
    </UnitTestResult>
    <UnitTestResult executionId="87668aaf-eba1-46e7-84a2-4254c573718a" testId="e1f7352b-0f9a-6b65-cb9b-1232c6779ad0" testName="POrchAPI_Transfer_Invalid_Credit_Account_Return_Error (38231234562856345,400,)" computerName="ip-10-130-163-242" duration="00:00:00.0077265" startTime="2025-09-05T12:26:26.8002114+12:00" endTime="2025-09-05T12:26:26.8080350+12:00" testType="13cdc9d9-ddb5-4fa4-a97d-d965ccfc6d4b" outcome="Passed" testListId="8c84fa94-04c1-424b-9868-57a2d4851a1d" relativeResultsDirectory="87668aaf-eba1-46e7-84a2-4254c573718a">
      <Output>
        <StdOut>[2025-09-05 12:26:26 INF] Starting Test Execution: POrchAPI_Transfer_Invalid_Credit_Account_Return_Error:["[CreditAccounValue, 38231234562856345]","[StatusCode, 400]"]
[2025-09-05 12:26:26 INF] Finished Test Execution: POrchAPI_Transfer_Invalid_Credit_Account_Return_Error
[2025-09-05 12:26:26 INF] ---------------------------------------------------



TestContext Messages:
Given a POrch TransferRequest is created
-&gt; done: POrchAPIStepDefinitions.GivenAPOrchTransferRequestIsCreated() (0.0s)
And the Transfer Credit Account field is &lt;CreditAccountValue&gt;
-&gt; done: POrchAPIStepDefinitions.WhenTheCreditAccountFieldIs("Transfer", "&lt;CreditAccountValue&gt;") (0.0s)
When POrch Transfer API is called
-&gt; done: POrchAPIStepDefinitions.WhenPOrchAPIIsCalled("Transfer") (0.0s)
Then the request should return status code 400
-&gt; done: POrchAPIStepDefinitions.ThenTheRequestShouldReturnStatusCode(400) (0.0s)</StdOut>
      </Output>
    </UnitTestResult>
    <UnitTestResult executionId="f3c82c87-00be-4f64-8a2b-52ad47c54dc4" testId="ef366ad6-05cd-30d5-8f23-368e1f3db7b0" testName="POrchAPI_TMVToTMV_Valid_Debtor_Reference_Return_Success (=@#_%,.,201,)" computerName="ip-10-130-163-242" duration="00:00:01.0696947" startTime="2025-09-05T12:25:57.2273780+12:00" endTime="2025-09-05T12:25:58.2977140+12:00" testType="13cdc9d9-ddb5-4fa4-a97d-d965ccfc6d4b" outcome="Passed" testListId="8c84fa94-04c1-424b-9868-57a2d4851a1d" relativeResultsDirectory="f3c82c87-00be-4f64-8a2b-52ad47c54dc4">
      <Output>
        <StdOut>[2025-09-05 12:25:57 INF] Starting Test Execution: POrchAPI_TMVToTMV_Valid_Debtor_Reference_Return_Success:["[DebtorReferenceValue, =@#_%,.]","[StatusCode, 201]"]
[2025-09-05 12:25:57 INF] Mocks are not ready after 1 / 5 attempt(s). Expected 1 mock(s) to be registered with the manager and got 0.
[2025-09-05 12:25:57 INF] Successfully created map AdpsMock_Success_09a963a1-7c11-4309-a13c-7de1256fb090 for /api/v1/payment-instruction/domestic/immediate
[2025-09-05 12:25:58 INF] Response has PaymentId: f2ef80f2-3186-4b88-9636-e1c1ba3b061c
[2025-09-05 12:25:58 INF] Finished Test Execution: POrchAPI_TMVToTMV_Valid_Debtor_Reference_Return_Success
[2025-09-05 12:25:58 INF] ---------------------------------------------------



TestContext Messages:
Given a TMV to TMV POrch TransferRequest is created
-&gt; done: POrchAPIStepDefinitions.ConditionalPOrchTransferRequestIsCreated("TMV", "TMV") (0.0s)
And the Transfer Debtor Reference is =@#_%,.
-&gt; done: POrchAPIStepDefinitions.WhenTheDebtorReferenceIs("Transfer", "=@#_%,.") (0.0s)
And ADPS Response is Success
-&gt; done: POrchAPIStepDefinitions.SetAdpsResponse("Success") (0.0s)
When POrch Transfer API is called
-&gt; done: POrchAPIStepDefinitions.WhenPOrchAPIIsCalled("Transfer") (1.1s)
Then the request should return status code 201
-&gt; done: POrchAPIStepDefinitions.ThenTheRequestShouldReturnStatusCode(201) (0.0s)</StdOut>
      </Output>
    </UnitTestResult>
    <UnitTestResult executionId="32ef6e9a-e0ba-40ea-b0b4-9e6ba095b94a" testId="e6d1c36d-6dd6-74e8-a2bb-c4429896bd7c" testName="POrchAPI_Transfer_Invalid_Debit_Account_Return_Error (38231234562856345,400,)" computerName="ip-10-130-163-242" duration="00:00:00.0081057" startTime="2025-09-05T12:26:26.7750003+12:00" endTime="2025-09-05T12:26:26.7832050+12:00" testType="13cdc9d9-ddb5-4fa4-a97d-d965ccfc6d4b" outcome="Passed" testListId="8c84fa94-04c1-424b-9868-57a2d4851a1d" relativeResultsDirectory="32ef6e9a-e0ba-40ea-b0b4-9e6ba095b94a">
      <Output>
        <StdOut>[2025-09-05 12:26:26 INF] Starting Test Execution: POrchAPI_Transfer_Invalid_Debit_Account_Return_Error:["[DebitAccountValue, 38231234562856345]","[StatusCode, 400]"]
[2025-09-05 12:26:26 INF] Finished Test Execution: POrchAPI_Transfer_Invalid_Debit_Account_Return_Error
[2025-09-05 12:26:26 INF] ---------------------------------------------------



TestContext Messages:
Given a POrch TransferRequest is created
-&gt; done: POrchAPIStepDefinitions.GivenAPOrchTransferRequestIsCreated() (0.0s)
And the Transfer Debit Account field is 38231234562856345
-&gt; done: POrchAPIStepDefinitions.WhenTheDebitAccountFieldIs("Transfer", "38231234562856345") (0.0s)
When POrch Transfer API is called
-&gt; done: POrchAPIStepDefinitions.WhenPOrchAPIIsCalled("Transfer") (0.0s)
Then the request should return status code 400
-&gt; done: POrchAPIStepDefinitions.ThenTheRequestShouldReturnStatusCode(400) (0.0s)</StdOut>
      </Output>
    </UnitTestResult>
    <UnitTestResult executionId="80ac3f63-d8ff-4baf-bcfb-c00c71838f8a" testId="8fe1e456-62c1-1f3d-ba20-1f75ca2590ef" testName="POrchAPI_UltracsToTMV_Valid_Debtor_Particulars_Return_Success (()+$*!;-/?:,201,)" computerName="ip-10-130-163-242" duration="00:00:01.0929024" startTime="2025-09-05T12:26:13.5999234+12:00" endTime="2025-09-05T12:26:14.6929578+12:00" testType="13cdc9d9-ddb5-4fa4-a97d-d965ccfc6d4b" outcome="Passed" testListId="8c84fa94-04c1-424b-9868-57a2d4851a1d" relativeResultsDirectory="80ac3f63-d8ff-4baf-bcfb-c00c71838f8a">
      <Output>
        <StdOut>[2025-09-05 12:26:13 INF] Starting Test Execution: POrchAPI_UltracsToTMV_Valid_Debtor_Particulars_Return_Success:["[DebtorParticularsValue, ()+$*!;-/?:]","[StatusCode, 201]"]
[2025-09-05 12:26:13 INF] Mocks are not ready after 1 / 5 attempt(s). Expected 2 mock(s) to be registered with the manager and got 0.
[2025-09-05 12:26:13 INF] Successfully created map AdpsMock_Success_4142ce04-c6aa-45a7-a891-e8e189901bdf for /api/v1/payment-instruction/domestic/immediate
[2025-09-05 12:26:13 INF] Successfully created map MiddlewareMock_Success_6234f7f2-1df4-42b3-bf2b-9a096ea6c80d for /initialisepaymentorder/basic
[2025-09-05 12:26:14 INF] Response has PaymentId: 9162def4-c982-4236-ba4c-53cf4e56da96
[2025-09-05 12:26:14 INF] Finished Test Execution: POrchAPI_UltracsToTMV_Valid_Debtor_Particulars_Return_Success
[2025-09-05 12:26:14 INF] ---------------------------------------------------



TestContext Messages:
Given a Ultracs to TMV POrch TransferRequest is created
-&gt; done: POrchAPIStepDefinitions.ConditionalPOrchTransferRequestIsCreated("Ultracs", "TMV") (0.0s)
And the Transfer Debtor particulars is ()+$*!;-/?:
-&gt; done: POrchAPIStepDefinitions.WhenTheDebtorParticularsIs("Transfer", "()+$*!;-/?:") (0.0s)
And ADPS Response is Success
-&gt; done: POrchAPIStepDefinitions.SetAdpsResponse("Success") (0.0s)
And MiddleWare Response is Success
-&gt; done: POrchAPIStepDefinitions.SetMiddlewareResponse("Success") (0.0s)
When POrch Transfer API is called
-&gt; done: POrchAPIStepDefinitions.WhenPOrchAPIIsCalled("Transfer") (1.1s)
Then the request should return status code 201
-&gt; done: POrchAPIStepDefinitions.ThenTheRequestShouldReturnStatusCode(201) (0.0s)</StdOut>
      </Output>
    </UnitTestResult>
    <UnitTestResult executionId="efeeb204-e20b-4dd2-a008-30c73b78ab59" testId="aea9dbb7-f7b6-b4e5-e721-553a69502aed" testName="POrchAPI_Transfer_Invalid_Currency_Return_Error (AUD,400,)" computerName="ip-10-130-163-242" duration="00:00:00.0089107" startTime="2025-09-05T12:26:26.7187058+12:00" endTime="2025-09-05T12:26:26.7277232+12:00" testType="13cdc9d9-ddb5-4fa4-a97d-d965ccfc6d4b" outcome="Passed" testListId="8c84fa94-04c1-424b-9868-57a2d4851a1d" relativeResultsDirectory="efeeb204-e20b-4dd2-a008-30c73b78ab59">
      <Output>
        <StdOut>[2025-09-05 12:26:26 INF] Starting Test Execution: POrchAPI_Transfer_Invalid_Currency_Return_Error:["[CurrencyValue, AUD]","[StatusCode, 400]"]
[2025-09-05 12:26:26 INF] Finished Test Execution: POrchAPI_Transfer_Invalid_Currency_Return_Error
[2025-09-05 12:26:26 INF] ---------------------------------------------------



TestContext Messages:
Given a POrch TransferRequest is created
-&gt; done: POrchAPIStepDefinitions.GivenAPOrchTransferRequestIsCreated() (0.0s)
And the Transfer Currency Field is AUD
-&gt; done: POrchAPIStepDefinitions.WhenTheCurrencyFieldIs("Transfer", "AUD") (0.0s)
When POrch Transfer API is called
-&gt; done: POrchAPIStepDefinitions.WhenPOrchAPIIsCalled("Transfer") (0.0s)
Then the request should return status code 400
-&gt; done: POrchAPIStepDefinitions.ThenTheRequestShouldReturnStatusCode(400) (0.0s)</StdOut>
      </Output>
    </UnitTestResult>
    <UnitTestResult executionId="790679ea-abfb-4050-9053-2e625a294eb9" testId="875445ef-e209-9bf8-5e7e-3be88ab2dbc5" testName="Example_Process_NRT_On_Demand" computerName="ip-10-130-163-242" duration="00:00:00.8960898" startTime="2025-09-05T12:25:02.9534669+12:00" endTime="2025-09-05T12:25:03.8503606+12:00" testType="13cdc9d9-ddb5-4fa4-a97d-d965ccfc6d4b" outcome="Passed" testListId="8c84fa94-04c1-424b-9868-57a2d4851a1d" relativeResultsDirectory="790679ea-abfb-4050-9053-2e625a294eb9">
      <Output>
        <StdOut>[2025-09-05 12:25:02 INF] Starting Test Execution: Example_Process_NRT_On_Demand:[]
[2025-09-05 12:25:03 INF] Executed DbCommand (16ms) [Parameters=[], CommandType='Text', CommandTimeout='30']
SELECT n.id, n.attempts, n.created_at, n.payment_id, n.status, n.updated_at
FROM net.nrt_outbox AS n
WHERE n.attempts &gt;= 0
[2025-09-05 12:25:03 INF] Executed DbCommand (10ms) [Parameters=[@p0='?' (DbType = Guid), @p1='?' (DbType = Guid), @p2='?' (DbType = Guid), @p3='?' (DbType = Guid), @p4='?' (DbType = Guid), @p5='?' (DbType = Guid), @p6='?' (DbType = Guid), @p7='?' (DbType = Guid), @p8='?' (DbType = Guid), @p9='?' (DbType = Guid), @p10='?' (DbType = Guid), @p11='?' (DbType = Guid), @p12='?' (DbType = Guid), @p13='?' (DbType = Guid), @p14='?' (DbType = Guid), @p15='?' (DbType = Guid), @p16='?' (DbType = Guid), @p17='?' (DbType = Guid), @p18='?' (DbType = Guid), @p19='?' (DbType = Guid), @p20='?' (DbType = Guid), @p21='?' (DbType = Guid), @p22='?' (DbType = Guid), @p23='?' (DbType = Guid), @p24='?' (DbType = Guid), @p25='?' (DbType = Guid), @p26='?' (DbType = Guid), @p27='?' (DbType = Guid), @p28='?' (DbType = Guid), @p29='?' (DbType = Guid), @p30='?' (DbType = Guid), @p31='?' (DbType = Guid), @p32='?' (DbType = Guid), @p33='?' (DbType = Guid), @p34='?' (DbType = Guid), @p35='?' (DbType = Guid), @p36='?' (DbType = Guid), @p37='?' (DbType = Guid), @p38='?' (DbType = Guid), @p39='?' (DbType = Guid), @p40='?' (DbType = Guid), @p41='?' (DbType = Guid), @p42='?' (DbType = Guid), @p43='?' (DbType = Guid), @p44='?' (DbType = Guid), @p45='?' (DbType = Guid), @p46='?' (DbType = Guid), @p47='?' (DbType = Guid), @p48='?' (DbType = Guid), @p49='?' (DbType = Guid), @p50='?' (DbType = Guid), @p51='?' (DbType = Guid), @p52='?' (DbType = Guid), @p53='?' (DbType = Guid), @p54='?' (DbType = Guid)], CommandType='Text', CommandTimeout='30']
DELETE FROM net.nrt_outbox
WHERE id = @p0;
DELETE FROM net.nrt_outbox
WHERE id = @p1;
DELETE FROM net.nrt_outbox
WHERE id = @p2;
DELETE FROM net.nrt_outbox
WHERE id = @p3;
DELETE FROM net.nrt_outbox
WHERE id = @p4;
DELETE FROM net.nrt_outbox
WHERE id = @p5;
DELETE FROM net.nrt_outbox
WHERE id = @p6;
DELETE FROM net.nrt_outbox
WHERE id = @p7;
DELETE FROM net.nrt_outbox
WHERE id = @p8;
DELETE FROM net.nrt_outbox
WHERE id = @p9;
DELETE FROM net.nrt_outbox
WHERE id = @p10;
DELETE FROM net.nrt_outbox
WHERE id = @p11;
DELETE FROM net.nrt_outbox
WHERE id = @p12;
DELETE FROM net.nrt_outbox
WHERE id = @p13;
DELETE FROM net.nrt_outbox
WHERE id = @p14;
DELETE FROM net.nrt_outbox
WHERE id = @p15;
DELETE FROM net.nrt_outbox
WHERE id = @p16;
DELETE FROM net.nrt_outbox
WHERE id = @p17;
DELETE FROM net.nrt_outbox
WHERE id = @p18;
DELETE FROM net.nrt_outbox
WHERE id = @p19;
DELETE FROM net.nrt_outbox
WHERE id = @p20;
DELETE FROM net.nrt_outbox
WHERE id = @p21;
DELETE FROM net.nrt_outbox
WHERE id = @p22;
DELETE FROM net.nrt_outbox
WHERE id = @p23;
DELETE FROM net.nrt_outbox
WHERE id = @p24;
DELETE FROM net.nrt_outbox
WHERE id = @p25;
DELETE FROM net.nrt_outbox
WHERE id = @p26;
DELETE FROM net.nrt_outbox
WHERE id = @p27;
DELETE FROM net.nrt_outbox
WHERE id = @p28;
DELETE FROM net.nrt_outbox
WHERE id = @p29;
DELETE FROM net.nrt_outbox
WHERE id = @p30;
DELETE FROM net.nrt_outbox
WHERE id = @p31;
DELETE FROM net.nrt_outbox
WHERE id = @p32;
DELETE FROM net.nrt_outbox
WHERE id = @p33;
DELETE FROM net.nrt_outbox
WHERE id = @p34;
DELETE FROM net.nrt_outbox
WHERE id = @p35;
DELETE FROM net.nrt_outbox
WHERE id = @p36;
DELETE FROM net.nrt_outbox
WHERE id = @p37;
DELETE FROM net.nrt_outbox
WHERE id = @p38;
DELETE FROM net.nrt_outbox
WHERE id = @p39;
DELETE FROM net.nrt_outbox
WHERE id = @p40;
DELETE FROM net.nrt_outbox
WHERE id = @p41;
DELETE FROM net.nrt_outbox
WHERE id = @p42;
DELETE FROM net.nrt_outbox
WHERE id = @p43;
DELETE FROM net.nrt_outbox
WHERE id = @p44;
DELETE FROM net.nrt_outbox
WHERE id = @p45;
DELETE FROM net.nrt_outbox
WHERE id = @p46;
DELETE FROM net.nrt_outbox
WHERE id = @p47;
DELETE FROM net.nrt_outbox
WHERE id = @p48;
DELETE FROM net.nrt_outbox
WHERE id = @p49;
DELETE FROM net.nrt_outbox
WHERE id = @p50;
DELETE FROM net.nrt_outbox
WHERE id = @p51;
DELETE FROM net.nrt_outbox
WHERE id = @p52;
DELETE FROM net.nrt_outbox
WHERE id = @p53;
DELETE FROM net.nrt_outbox
WHERE id = @p54;
[2025-09-05 12:25:03 INF] Executed DbCommand (11ms) [Parameters=[@p0='?' (DbType = Guid), @p1='?', @p2='?' (DbType = Decimal), @p3='?' (DbType = DateTime), @p4='?', @p5='?', @p6='?', @p7='?', @p8='?' (DbType = Object), @p9='?' (DbType = Object), @p10='?', @p11='?', @p12='?', @p13='?', @p14='?' (DbType = Object), @p15='?' (DbType = Object), @p16='?' (DbType = Object), @p17='?' (DbType = DateTime), @p18='?' (DbType = Object), @p19='?' (DbType = DateTime), @p20='?' (DbType = Guid), @p21='?' (DbType = Int32), @p22='?' (DbType = DateTime), @p23='?' (DbType = Guid), @p24='?' (DbType = Object), @p25='?' (DbType = DateTime)], CommandType='Text', CommandTimeout='30']
INSERT INTO net.payment (id, access_number, amount, created_at, creditor_account_code, creditor_account_number, creditor_account_particulars, creditor_account_reference, creditor_account_source, currency, debtor_account_code, debtor_account_number, debtor_account_particulars, debtor_account_reference, debtor_account_source, fraud_check_disposition, payment_type, processed_at, status, updated_at)
VALUES (@p0, @p1, @p2, @p3, @p4, @p5, @p6, @p7, @p8, @p9, @p10, @p11, @p12, @p13, @p14, @p15, @p16, @p17, @p18, @p19);
INSERT INTO net.nrt_outbox (id, attempts, created_at, payment_id, status, updated_at)
VALUES (@p20, @p21, @p22, @p23, @p24, @p25);
[2025-09-05 12:25:03 INF] Successfully created map FraudCheckNRTMock_Success_199521a6-af68-4e1c-b873-b2dc5994b846 for /api/v1/financial-transaction-fraud-checks/7886536c-f63e-4d6b-bacf-58e8e8778fe7
[2025-09-05 12:25:03 INF] Executed DbCommand (1ms) [Parameters=[@__p_0='?' (DbType = Guid)], CommandType='Text', CommandTimeout='30']
SELECT n.id, n.attempts, n.created_at, n.payment_id, n.status, n.updated_at
FROM net.nrt_outbox AS n
WHERE n.id = @__p_0
LIMIT 1
[2025-09-05 12:25:03 INF] Finished Test Execution: Example_Process_NRT_On_Demand
[2025-09-05 12:25:03 INF] ---------------------------------------------------



TestContext Messages:
Given The NRT table is clean
-&gt; done: POrchAPIStepDefinitions.GivenTheNrtTableIsClean() (0.5s)
And there is an NRT entry with payment successful to process
-&gt; done: POrchAPIStepDefinitions.GivenThereIsAnNrtEntryToProcess("successful") (0.1s)
And the NRT entry should be processed successfully
-&gt; done: POrchAPIStepDefinitions.GivenTheNrtEntryShouldBeProcessedSuccessfully() (0.0s)
When the NRT Processor Has Run for at most 1 entry
-&gt; done: POrchAPIStepDefinitions.WhenTheNrtProcessorHasRunForAtMostXEntry(1) (0.2s)
Then the NRT entry has status Sent
-&gt; done: POrchAPIStepDefinitions.ThenTheNrtEntryHasStatus("Sent") (0.1s)</StdOut>
      </Output>
    </UnitTestResult>
    <UnitTestResult executionId="e11534c4-2575-4c91-8165-223e28b040be" testId="7ec3e2f7-5c97-0db2-5273-5ff8a3fa8b7d" testName="POrchAPI_UltracsToTMV_Valid_Debtor_Particulars_Return_Success (=@#_%,.,201,)" computerName="ip-10-130-163-242" duration="00:00:01.0861105" startTime="2025-09-05T12:26:14.6929971+12:00" endTime="2025-09-05T12:26:15.7792370+12:00" testType="13cdc9d9-ddb5-4fa4-a97d-d965ccfc6d4b" outcome="Passed" testListId="8c84fa94-04c1-424b-9868-57a2d4851a1d" relativeResultsDirectory="e11534c4-2575-4c91-8165-223e28b040be">
      <Output>
        <StdOut>[2025-09-05 12:26:14 INF] Starting Test Execution: POrchAPI_UltracsToTMV_Valid_Debtor_Particulars_Return_Success:["[DebtorParticularsValue, =@#_%,.]","[StatusCode, 201]"]
[2025-09-05 12:26:14 INF] Mocks are not ready after 1 / 5 attempt(s). Expected 2 mock(s) to be registered with the manager and got 0.
[2025-09-05 12:26:14 INF] Successfully created map AdpsMock_Success_91310ede-9c3c-48ee-b1ae-9a373fd18bdb for /api/v1/payment-instruction/domestic/immediate
[2025-09-05 12:26:14 INF] Successfully created map MiddlewareMock_Success_ecb1864e-d75b-4bf3-bf30-b6d84ee92aec for /initialisepaymentorder/basic
[2025-09-05 12:26:15 INF] Response has PaymentId: eedd4ce9-6658-474a-a8cc-f47fb66099a5
[2025-09-05 12:26:15 INF] Finished Test Execution: POrchAPI_UltracsToTMV_Valid_Debtor_Particulars_Return_Success
[2025-09-05 12:26:15 INF] ---------------------------------------------------



TestContext Messages:
Given a Ultracs to TMV POrch TransferRequest is created
-&gt; done: POrchAPIStepDefinitions.ConditionalPOrchTransferRequestIsCreated("Ultracs", "TMV") (0.0s)
And the Transfer Debtor particulars is =@#_%,.
-&gt; done: POrchAPIStepDefinitions.WhenTheDebtorParticularsIs("Transfer", "=@#_%,.") (0.0s)
And ADPS Response is Success
-&gt; done: POrchAPIStepDefinitions.SetAdpsResponse("Success") (0.0s)
And MiddleWare Response is Success
-&gt; done: POrchAPIStepDefinitions.SetMiddlewareResponse("Success") (0.0s)
When POrch Transfer API is called
-&gt; done: POrchAPIStepDefinitions.WhenPOrchAPIIsCalled("Transfer") (1.1s)
Then the request should return status code 201
-&gt; done: POrchAPIStepDefinitions.ThenTheRequestShouldReturnStatusCode(201) (0.0s)</StdOut>
      </Output>
    </UnitTestResult>
    <UnitTestResult executionId="69321422-b2ed-4240-9e0b-576c921507eb" testId="e0c97504-1436-a1ed-d7df-2c297bbad90c" testName="POrchAPI_UltracsToTMV_Negative_MiddleWare_Response_409 (ClosedAccountError,409,)" computerName="ip-10-130-163-242" startTime="2025-09-05T12:26:26.6942940+12:00" endTime="2025-09-05T12:26:26.6943277+12:00" testType="13cdc9d9-ddb5-4fa4-a97d-d965ccfc6d4b" outcome="NotExecuted" testListId="8c84fa94-04c1-424b-9868-57a2d4851a1d" relativeResultsDirectory="69321422-b2ed-4240-9e0b-576c921507eb">
      <Output></Output>
    </UnitTestResult>
    <UnitTestResult executionId="79443206-c1af-43d5-bf56-e14786d2d4f3" testId="7e4ff303-6afd-4499-de8d-cb38653a6f34" testName="POrchAPI_PAS_Retries (500,,)" computerName="ip-10-130-163-242" duration="00:00:01.1858833" startTime="2025-09-05T12:25:04.4932526+12:00" endTime="2025-09-05T12:25:05.6797519+12:00" testType="13cdc9d9-ddb5-4fa4-a97d-d965ccfc6d4b" outcome="Passed" testListId="8c84fa94-04c1-424b-9868-57a2d4851a1d" relativeResultsDirectory="79443206-c1af-43d5-bf56-e14786d2d4f3">
      <Output>
        <StdOut>[2025-09-05 12:25:04 INF] Starting Test Execution: POrchAPI_PAS_Retries:["[ErrorCode, 500]"]
[2025-09-05 12:25:04 INF] Successfully created map FraudcheckMock_Decline_dbbb8f6f-b527-4992-b16a-fe4ba81c905f for /api/v1/financial-transaction-fraud-checks
[2025-09-05 12:25:04 INF] Successfully created map PASErrorResponse_500_0aa27a64-cd99-4720-b615-d8b8f6f1e666_1 for /v2/activities
[2025-09-05 12:25:04 INF] Successfully created map PASSuccess_9fc1ca63-09d3-4273-ad08-3727fbbca120 for /v2/activities
[2025-09-05 12:25:05 INF] Response has PaymentId: 3278faee-6b04-404c-930b-6f79c7d3c689
[2025-09-05 12:25:05 INF] Finished Test Execution: POrchAPI_PAS_Retries
[2025-09-05 12:25:05 INF] ---------------------------------------------------



TestContext Messages:
Given a POrch PaymentRequest is created
-&gt; done: POrchAPIStepDefinitions.GivenAPOrchPaymentRequestIsCreated() (0.0s)
And FraudCheck Response is Decline
-&gt; done: POrchAPIStepDefinitions.SetFraudCheckResponse("Decline") (0.0s)
And the PAS mock response will return 500 then 200
-&gt; done: POrchAPIStepDefinitions.GivenThePASMockResponseWillReturnThen("500") (0.5s)
When POrch Payment API is called
-&gt; done: POrchAPIStepDefinitions.WhenPOrchAPIIsCalled("Payment") (0.6s)
Then the request should return status code 409
-&gt; done: POrchAPIStepDefinitions.ThenTheRequestShouldReturnStatusCode(409) (0.0s)
And there are 1 calls to the PASErrorResponse mock
-&gt; done: POrchAPIStepDefinitions.ThenThereAreCallsToThePasMock(1, "PASErrorResponse") (0.0s)
And there are 1 calls to the PASSuccess mock
-&gt; done: POrchAPIStepDefinitions.ThenThereAreCallsToThePasMock(1, "PASSuccess") (0.0s)</StdOut>
      </Output>
    </UnitTestResult>
    <UnitTestResult executionId="3cf8db41-3b3f-43d0-8101-7163a850829c" testId="9e425f6e-42f2-b256-89c2-edfb5efac27a" testName="POrchAPI_Invalid_PAS_Response_Doesnt_Retry (400,,)" computerName="ip-10-130-163-242" duration="00:00:00.6210021" startTime="2025-09-05T12:25:12.8114637+12:00" endTime="2025-09-05T12:25:13.4326141+12:00" testType="13cdc9d9-ddb5-4fa4-a97d-d965ccfc6d4b" outcome="Passed" testListId="8c84fa94-04c1-424b-9868-57a2d4851a1d" relativeResultsDirectory="3cf8db41-3b3f-43d0-8101-7163a850829c">
      <Output>
        <StdOut>[2025-09-05 12:25:12 INF] Starting Test Execution: POrchAPI_Invalid_PAS_Response_Doesn't_Retry:["[PASResponse, 400]"]
[2025-09-05 12:25:12 INF] Successfully created map FraudcheckMock_Decline_9d1f0f15-307d-47e6-ac95-7abc94467a42 for /api/v1/financial-transaction-fraud-checks
[2025-09-05 12:25:12 INF] Successfully created map PASErrorResponse_400_cc85db8b-eb13-4a35-8108-1c7a9cc8dc33_1 for /v2/activities
[2025-09-05 12:25:12 INF] Successfully created map PASSuccess_9d6ade57-46d7-4da9-bb40-baf939dc062f for /v2/activities
[2025-09-05 12:25:13 INF] Response has PaymentId: d6a36ece-90a1-48e5-a369-2131698fdd7b
[2025-09-05 12:25:13 INF] Finished Test Execution: POrchAPI_Invalid_PAS_Response_Doesn't_Retry
[2025-09-05 12:25:13 INF] ---------------------------------------------------



TestContext Messages:
Given a POrch PaymentRequest is created
-&gt; done: POrchAPIStepDefinitions.GivenAPOrchPaymentRequestIsCreated() (0.0s)
And FraudCheck Response is Decline
-&gt; done: POrchAPIStepDefinitions.SetFraudCheckResponse("Decline") (0.0s)
And the PAS mock response will return 400 then 200
-&gt; done: POrchAPIStepDefinitions.GivenThePASMockResponseWillReturnThen("400") (0.5s)
When POrch Payment API is called
-&gt; done: POrchAPIStepDefinitions.WhenPOrchAPIIsCalled("Payment") (0.1s)
Then the request should return status code 409
-&gt; done: POrchAPIStepDefinitions.ThenTheRequestShouldReturnStatusCode(409) (0.0s)
And there are 1 calls to the PASErrorResponse mock
-&gt; done: POrchAPIStepDefinitions.ThenThereAreCallsToThePasMock(1, "PASErrorResponse") (0.0s)</StdOut>
      </Output>
    </UnitTestResult>
    <UnitTestResult executionId="7fd89628-c6d1-4b09-8e0c-759d97c9f194" testId="dc6df0ef-6815-0cab-7d5e-39c1193f19d2" testName="POrchNRT_Unsuccessful_Response_From_FraudCheck_Unsuccessful_From_NRT (PaymentNrtUnauthorized,,)" computerName="ip-10-130-163-242" duration="00:00:00.0512243" startTime="2025-09-05T12:25:04.2092517+12:00" endTime="2025-09-05T12:25:04.2606578+12:00" testType="13cdc9d9-ddb5-4fa4-a97d-d965ccfc6d4b" outcome="Passed" testListId="8c84fa94-04c1-424b-9868-57a2d4851a1d" relativeResultsDirectory="7fd89628-c6d1-4b09-8e0c-759d97c9f194">
      <Output>
        <StdOut>[2025-09-05 12:25:04 INF] Starting Test Execution: POrchNRT_Unsuccessful_Response_From_FraudCheck_Unsuccessful_From_NRT:["[result, PaymentNrtUnauthorized]"]
[2025-09-05 12:25:04 INF] Executed DbCommand (1ms) [Parameters=[], CommandType='Text', CommandTimeout='30']
SELECT n.id, n.attempts, n.created_at, n.payment_id, n.status, n.updated_at
FROM net.nrt_outbox AS n
WHERE n.attempts &gt;= 0
[2025-09-05 12:25:04 INF] Executed DbCommand (1ms) [Parameters=[@p0='?' (DbType = Guid)], CommandType='Text', CommandTimeout='30']
DELETE FROM net.nrt_outbox
WHERE id = @p0;
[2025-09-05 12:25:04 INF] Executed DbCommand (1ms) [Parameters=[@p0='?' (DbType = Guid), @p1='?', @p2='?' (DbType = Decimal), @p3='?' (DbType = DateTime), @p4='?', @p5='?', @p6='?', @p7='?', @p8='?' (DbType = Object), @p9='?' (DbType = Object), @p10='?', @p11='?', @p12='?', @p13='?', @p14='?' (DbType = Object), @p15='?' (DbType = Object), @p16='?' (DbType = Object), @p17='?' (DbType = DateTime), @p18='?' (DbType = Object), @p19='?' (DbType = DateTime), @p20='?' (DbType = Guid), @p21='?' (DbType = Int32), @p22='?' (DbType = DateTime), @p23='?' (DbType = Guid), @p24='?' (DbType = Object), @p25='?' (DbType = DateTime)], CommandType='Text', CommandTimeout='30']
INSERT INTO net.payment (id, access_number, amount, created_at, creditor_account_code, creditor_account_number, creditor_account_particulars, creditor_account_reference, creditor_account_source, currency, debtor_account_code, debtor_account_number, debtor_account_particulars, debtor_account_reference, debtor_account_source, fraud_check_disposition, payment_type, processed_at, status, updated_at)
VALUES (@p0, @p1, @p2, @p3, @p4, @p5, @p6, @p7, @p8, @p9, @p10, @p11, @p12, @p13, @p14, @p15, @p16, @p17, @p18, @p19);
INSERT INTO net.nrt_outbox (id, attempts, created_at, payment_id, status, updated_at)
VALUES (@p20, @p21, @p22, @p23, @p24, @p25);
[2025-09-05 12:25:04 INF] Successfully created map FraudCheckNRTMock_PaymentNrtUnauthorized_f3bf0bf1-0b10-48f7-9938-913fa376266a for /api/v1/financial-transaction-fraud-checks/368939a7-7886-463b-9507-d76e7e110e14
[2025-09-05 12:25:04 INF] Executed DbCommand (1ms) [Parameters=[@__p_0='?' (DbType = Guid)], CommandType='Text', CommandTimeout='30']
SELECT n.id, n.attempts, n.created_at, n.payment_id, n.status, n.updated_at
FROM net.nrt_outbox AS n
WHERE n.id = @__p_0
LIMIT 1
[2025-09-05 12:25:04 INF] Finished Test Execution: POrchNRT_Unsuccessful_Response_From_FraudCheck_Unsuccessful_From_NRT
[2025-09-05 12:25:04 INF] ---------------------------------------------------



TestContext Messages:
Given The NRT table is clean
-&gt; done: POrchAPIStepDefinitions.GivenTheNrtTableIsClean() (0.0s)
And there is an NRT entry with payment FraudFailed to process
-&gt; done: POrchAPIStepDefinitions.GivenThereIsAnNrtEntryToProcess("FraudFailed") (0.0s)
And the NRT entry should be processed with PaymentNrtUnauthorized
-&gt; done: POrchAPIStepDefinitions.GivenTheNrtEntryShouldBeProcessedWithUnsuccessfulResult("PaymentNrtUnautho...") (0.0s)
When the NRT Processor Has Run for at most 1 entry
-&gt; done: POrchAPIStepDefinitions.WhenTheNrtProcessorHasRunForAtMostXEntry(1) (0.0s)
Then the NRT entry has status NotSent
-&gt; done: POrchAPIStepDefinitions.ThenTheNrtEntryHasStatus("NotSent") (0.0s)</StdOut>
      </Output>
    </UnitTestResult>
    <UnitTestResult executionId="4e8564b7-54e6-4e5e-bb18-72c12cc1da10" testId="53b6770d-123b-c33a-2e83-ccd7b92d6331" testName="POrchAPI_Invalid_Creditor_Particulars_Return_Error (abcdefghijklmnsey,400,)" computerName="ip-10-130-163-242" duration="00:00:00.0089358" startTime="2025-09-05T12:25:02.8021290+12:00" endTime="2025-09-05T12:25:02.8111845+12:00" testType="13cdc9d9-ddb5-4fa4-a97d-d965ccfc6d4b" outcome="Passed" testListId="8c84fa94-04c1-424b-9868-57a2d4851a1d" relativeResultsDirectory="4e8564b7-54e6-4e5e-bb18-72c12cc1da10">
      <Output>
        <StdOut>[2025-09-05 12:25:02 INF] Starting Test Execution: POrchAPI_Invalid_Creditor_Particulars_Return_Error:["[PayeeParticularsValue, abcdefghijklmnsey]","[StatusCode, 400]"]
[2025-09-05 12:25:02 INF] Finished Test Execution: POrchAPI_Invalid_Creditor_Particulars_Return_Error
[2025-09-05 12:25:02 INF] ---------------------------------------------------



TestContext Messages:
Given a POrch PaymentRequest is created
-&gt; done: POrchAPIStepDefinitions.GivenAPOrchPaymentRequestIsCreated() (0.0s)
And the Payment Creditor particulars is abcdefghijklmnsey
-&gt; done: POrchAPIStepDefinitions.WhenTheCreditorParticularsIs("Payment", "abcdefghijklmnsey") (0.0s)
When POrch Payment API is called
-&gt; done: POrchAPIStepDefinitions.WhenPOrchAPIIsCalled("Payment") (0.0s)
Then the request should return status code 400
-&gt; done: POrchAPIStepDefinitions.ThenTheRequestShouldReturnStatusCode(400) (0.0s)</StdOut>
      </Output>
    </UnitTestResult>
    <UnitTestResult executionId="1c9f33b2-7778-4b0e-8c04-8ac44eb1eaf6" testId="1eba9d5f-108c-2454-5cfd-d38f970f6020" testName="POrchAPI_Invalid_Debtor_Reference_Return_Error (abcdefghijklmnsey,400,)" computerName="ip-10-130-163-242" duration="00:00:00.0093774" startTime="2025-09-05T12:25:02.9270291+12:00" endTime="2025-09-05T12:25:02.9365403+12:00" testType="13cdc9d9-ddb5-4fa4-a97d-d965ccfc6d4b" outcome="Passed" testListId="8c84fa94-04c1-424b-9868-57a2d4851a1d" relativeResultsDirectory="1c9f33b2-7778-4b0e-8c04-8ac44eb1eaf6">
      <Output>
        <StdOut>[2025-09-05 12:25:02 INF] Starting Test Execution: POrchAPI_Invalid_Debtor_Reference_Return_Error:["[DebtorReferenceValue, abcdefghijklmnsey]","[StatusCode, 400]"]
[2025-09-05 12:25:02 INF] Finished Test Execution: POrchAPI_Invalid_Debtor_Reference_Return_Error
[2025-09-05 12:25:02 INF] ---------------------------------------------------



TestContext Messages:
Given a POrch PaymentRequest is created
-&gt; done: POrchAPIStepDefinitions.GivenAPOrchPaymentRequestIsCreated() (0.0s)
And the Payment Debtor Reference is abcdefghijklmnsey
-&gt; done: POrchAPIStepDefinitions.WhenTheDebtorReferenceIs("Payment", "abcdefghijklmnsey") (0.0s)
When POrch Payment API is called
-&gt; done: POrchAPIStepDefinitions.WhenPOrchAPIIsCalled("Payment") (0.0s)
Then the request should return status code 400
-&gt; done: POrchAPIStepDefinitions.ThenTheRequestShouldReturnStatusCode(400) (0.0s)</StdOut>
      </Output>
    </UnitTestResult>
    <UnitTestResult executionId="d16252d6-6a99-449a-aac9-d8d179fa500a" testId="f77da77f-ccab-db1f-b601-b20ad8accc1c" testName="POrchAPI_Invalid_Debtor_Particulars_Return_Error (\,400,)" computerName="ip-10-130-163-242" duration="00:00:00.0097960" startTime="2025-09-05T12:25:02.7844487+12:00" endTime="2025-09-05T12:25:02.7944212+12:00" testType="13cdc9d9-ddb5-4fa4-a97d-d965ccfc6d4b" outcome="Passed" testListId="8c84fa94-04c1-424b-9868-57a2d4851a1d" relativeResultsDirectory="d16252d6-6a99-449a-aac9-d8d179fa500a">
      <Output>
        <StdOut>[2025-09-05 12:25:02 INF] Starting Test Execution: POrchAPI_Invalid_Debtor_Particulars_Return_Error:["[PayerParticularsValue, \\]","[StatusCode, 400]"]
[2025-09-05 12:25:02 INF] Finished Test Execution: POrchAPI_Invalid_Debtor_Particulars_Return_Error
[2025-09-05 12:25:02 INF] ---------------------------------------------------



TestContext Messages:
Given a POrch PaymentRequest is created
-&gt; done: POrchAPIStepDefinitions.GivenAPOrchPaymentRequestIsCreated() (0.0s)
And the Payment Debtor particulars is \
-&gt; done: POrchAPIStepDefinitions.WhenTheDebtorParticularsIs("Payment", "\") (0.0s)
When POrch Payment API is called
-&gt; done: POrchAPIStepDefinitions.WhenPOrchAPIIsCalled("Payment") (0.0s)
Then the request should return status code 400
-&gt; done: POrchAPIStepDefinitions.ThenTheRequestShouldReturnStatusCode(400) (0.0s)</StdOut>
      </Output>
    </UnitTestResult>
    <UnitTestResult executionId="cc083c09-0b6b-4f33-87bc-61a420b34a81" testId="6e0b63eb-2fd6-39bc-279e-348579ae6eae" testName="POrchAPI_UltracsUltracs_Transfer_Send_Transfer_Reference_Return_Error (TRANSFER FROM MR Test - 00,400,)" computerName="ip-10-130-163-242" duration="00:00:00.0073162" startTime="2025-09-05T12:26:27.1371436+12:00" endTime="2025-09-05T12:26:27.1498513+12:00" testType="13cdc9d9-ddb5-4fa4-a97d-d965ccfc6d4b" outcome="Passed" testListId="8c84fa94-04c1-424b-9868-57a2d4851a1d" relativeResultsDirectory="cc083c09-0b6b-4f33-87bc-61a420b34a81">
      <Output>
        <StdOut>[2025-09-05 12:26:27 INF] Starting Test Execution: POrchAPI_UltracsUltracs_Transfer_Send_Transfer_Reference_Return_Error:["[TransferRefValue, TRANSFER FROM MR Test - 00]","[StatusCode, 400]"]
[2025-09-05 12:26:27 INF] Finished Test Execution: POrchAPI_UltracsUltracs_Transfer_Send_Transfer_Reference_Return_Error
[2025-09-05 12:26:27 INF] ---------------------------------------------------



TestContext Messages:
Given a Ultracs to Ultracs POrch TransferRequest is created
-&gt; done: POrchAPIStepDefinitions.ConditionalPOrchTransferRequestIsCreated("Ultracs", "Ultracs") (0.0s)
And the Transfer Reference is TRANSFER FROM MR Test - 00
-&gt; done: POrchAPIStepDefinitions.TheTransferReferenceIs("TRANSFER FROM MR ...") (0.0s)
When POrch Transfer API is called
-&gt; done: POrchAPIStepDefinitions.WhenPOrchAPIIsCalled("Transfer") (0.0s)
Then the request should return status code 400
-&gt; done: POrchAPIStepDefinitions.ThenTheRequestShouldReturnStatusCode(400) (0.0s)</StdOut>
      </Output>
    </UnitTestResult>
    <UnitTestResult executionId="82616774-6c87-4be6-b74c-a02db1314736" testId="01a614b6-dddf-0daf-b823-0fab31c9f504" testName="POrchAPI_UltracsToTMV_Valid_Creditor_Code_Return_Success (()+$*!;-/?:,201,)" computerName="ip-10-130-163-242" duration="00:00:01.0898698" startTime="2025-09-05T12:26:20.1458124+12:00" endTime="2025-09-05T12:26:21.2358276+12:00" testType="13cdc9d9-ddb5-4fa4-a97d-d965ccfc6d4b" outcome="Passed" testListId="8c84fa94-04c1-424b-9868-57a2d4851a1d" relativeResultsDirectory="82616774-6c87-4be6-b74c-a02db1314736">
      <Output>
        <StdOut>[2025-09-05 12:26:20 INF] Starting Test Execution: POrchAPI_UltracsToTMV_Valid_Creditor_Code_Return_Success:["[CreditorCodeValue, ()+$*!;-/?:]","[StatusCode, 201]"]
[2025-09-05 12:26:20 INF] Mocks are not ready after 1 / 5 attempt(s). Expected 2 mock(s) to be registered with the manager and got 0.
[2025-09-05 12:26:20 INF] Successfully created map AdpsMock_Success_0cd8d7e2-8724-4282-b66f-c1d6154ace44 for /api/v1/payment-instruction/domestic/immediate
[2025-09-05 12:26:20 INF] Successfully created map MiddlewareMock_Success_b1cca249-45d8-45b0-b2f1-db8c2c05e447 for /initialisepaymentorder/basic
[2025-09-05 12:26:21 INF] Response has PaymentId: 3256b7ee-6161-4945-bf89-b23946eec896
[2025-09-05 12:26:21 INF] Finished Test Execution: POrchAPI_UltracsToTMV_Valid_Creditor_Code_Return_Success
[2025-09-05 12:26:21 INF] ---------------------------------------------------



TestContext Messages:
Given a Ultracs to TMV POrch TransferRequest is created
-&gt; done: POrchAPIStepDefinitions.ConditionalPOrchTransferRequestIsCreated("Ultracs", "TMV") (0.0s)
And the Transfer Creditor Code is ()+$*!;-/?:
-&gt; done: POrchAPIStepDefinitions.WhenTheCreditorCodeIs("Transfer", "()+$*!;-/?:") (0.0s)
And ADPS Response is Success
-&gt; done: POrchAPIStepDefinitions.SetAdpsResponse("Success") (0.0s)
And MiddleWare Response is Success
-&gt; done: POrchAPIStepDefinitions.SetMiddlewareResponse("Success") (0.0s)
When POrch Transfer API is called
-&gt; done: POrchAPIStepDefinitions.WhenPOrchAPIIsCalled("Transfer") (1.1s)
Then the request should return status code 201
-&gt; done: POrchAPIStepDefinitions.ThenTheRequestShouldReturnStatusCode(201) (0.0s)</StdOut>
      </Output>
    </UnitTestResult>
    <UnitTestResult executionId="30550091-5860-4cf1-81a8-3981fdb825f7" testId="5e0f1cfa-75f6-24c9-04dc-0016c4d99c0e" testName="POrchAPI_Idempotency_Multiple_Identical_Requests_Gives_409" computerName="ip-10-130-163-242" duration="00:00:01.5755714" startTime="2025-09-05T12:24:53.3830839+12:00" endTime="2025-09-05T12:24:54.9588456+12:00" testType="13cdc9d9-ddb5-4fa4-a97d-d965ccfc6d4b" outcome="Passed" testListId="8c84fa94-04c1-424b-9868-57a2d4851a1d" relativeResultsDirectory="30550091-5860-4cf1-81a8-3981fdb825f7">
      <Output>
        <StdOut>[2025-09-05 12:24:53 INF] Starting Test Execution: POrchAPI_Idempotency_Multiple_Identical_Requests_Gives_409:[]
[2025-09-05 12:24:53 INF] Successfully created map FraudcheckMock_Authorize_b3372ed0-6cf8-4c5e-a333-9eddd5022b6f for /api/v1/financial-transaction-fraud-checks
[2025-09-05 12:24:53 INF] Successfully created map MiddlewareMock_Success_02aafe26-80cd-47b3-b422-3078a82300ef for /initialisepaymentorder/basic
[2025-09-05 12:24:54 INF] Finished Test Execution: POrchAPI_Idempotency_Multiple_Identical_Requests_Gives_409
[2025-09-05 12:24:54 INF] ---------------------------------------------------



TestContext Messages:
Given a POrch PaymentRequest is created
-&gt; done: POrchAPIStepDefinitions.GivenAPOrchPaymentRequestIsCreated() (0.0s)
And the Payment Credit Account field is 389300099302202
-&gt; done: POrchAPIStepDefinitions.WhenTheCreditAccountFieldIs("Payment", "389300099302202") (0.0s)
And FraudCheck Response is Authorize
-&gt; done: POrchAPIStepDefinitions.SetFraudCheckResponse("Authorize") (0.0s)
And MiddleWare Response will be Success with a delay of 1500ms
-&gt; done: POrchAPIStepDefinitions.SetMiddlewareResponse("Success", 1500) (0.0s)
When two identical requests are sent to POrch API and the second is delayed by 500ms
-&gt; done: POrchAPIStepDefinitions.WhenTwoIdenticalRequestsAreSentToPOrchApi(500) (1.6s)
Then the first response code is 201
-&gt; done: POrchAPIStepDefinitions.ThenTheFirstResponseCodeIs(201) (0.0s)
And the second response code is 429
-&gt; done: POrchAPIStepDefinitions.ThenTheSecondResponseCodeIs(429) (0.0s)</StdOut>
      </Output>
    </UnitTestResult>
    <UnitTestResult executionId="5baa0953-9055-481d-9677-fff1d8b98235" testId="53c1eb3d-2c21-ebf0-7781-bbd510504b80" testName="POrchAPI_TMVToUltracs_Valid_Debtor_Reference_Return_Success (=@#_%,.,201,)" computerName="ip-10-130-163-242" duration="00:00:01.0865684" startTime="2025-09-05T12:26:11.4140627+12:00" endTime="2025-09-05T12:26:12.5007739+12:00" testType="13cdc9d9-ddb5-4fa4-a97d-d965ccfc6d4b" outcome="Passed" testListId="8c84fa94-04c1-424b-9868-57a2d4851a1d" relativeResultsDirectory="5baa0953-9055-481d-9677-fff1d8b98235">
      <Output>
        <StdOut>[2025-09-05 12:26:11 INF] Starting Test Execution: POrchAPI_TMVToUltracs_Valid_Debtor_Reference_Return_Success:["[DebtorReferenceValue, =@#_%,.]","[StatusCode, 201]"]
[2025-09-05 12:26:11 INF] Mocks are not ready after 1 / 5 attempt(s). Expected 2 mock(s) to be registered with the manager and got 0.
[2025-09-05 12:26:11 INF] Successfully created map AdpsMock_Success_a7a7861b-b60c-4374-af92-506d61ded9e3 for /api/v1/payment-instruction/domestic/immediate
[2025-09-05 12:26:11 INF] Successfully created map MiddlewareMock_Success_6310fee2-999f-4821-89c0-0837778badc3 for /initialisepaymentorder/basic
[2025-09-05 12:26:12 INF] Response has PaymentId: fb34c435-0c02-43e5-82e6-6860ff53adb9
[2025-09-05 12:26:12 INF] Finished Test Execution: POrchAPI_TMVToUltracs_Valid_Debtor_Reference_Return_Success
[2025-09-05 12:26:12 INF] ---------------------------------------------------



TestContext Messages:
Given a TMV to Ultracs POrch TransferRequest is created
[...]
    <TestEntry testId="67b89cf1-9fd9-82c6-35df-146c899a8938" executionId="47879d25-046d-42ed-922d-cab716af29a3" testListId="8c84fa94-04c1-424b-9868-57a2d4851a1d" />
    <TestEntry testId="7732a642-5f4c-48dd-1d7e-985649745b2b" executionId="ebb053eb-a66d-4003-b558-44d5997ad258" testListId="8c84fa94-04c1-424b-9868-57a2d4851a1d" />
    <TestEntry testId="fdea718c-e7bf-5aa2-3704-8a4192cbbb7b" executionId="e7fcb0a4-8876-4ebe-bb21-6d7ca2267502" testListId="8c84fa94-04c1-424b-9868-57a2d4851a1d" />
    <TestEntry testId="44f7b27f-f1c3-703c-68cf-d37045e86af9" executionId="c079ae95-bd0e-4a4a-9950-0e42dbb537f6" testListId="8c84fa94-04c1-424b-9868-57a2d4851a1d" />
    <TestEntry testId="b9c9f4bb-12e2-f31d-1164-f61d3e0a5f5b" executionId="c728088f-1844-42dd-b400-5fea5b5ade3e" testListId="8c84fa94-04c1-424b-9868-57a2d4851a1d" />
    <TestEntry testId="bd7de458-b30d-1d8e-6031-b0f25ccd5a5d" executionId="61977cca-b7cf-4f1a-8fbb-257f3a53c62e" testListId="8c84fa94-04c1-424b-9868-57a2d4851a1d" />
    <TestEntry testId="f2eac08d-8d7d-c6e7-2cda-0b64c57484bd" executionId="0aab82db-ff89-42ce-8adf-d49627ed03da" testListId="8c84fa94-04c1-424b-9868-57a2d4851a1d" />
    <TestEntry testId="9906dcd0-ae4b-525a-9295-634f86d82a75" executionId="59b111c3-2087-4450-96b4-0d63d48a496a" testListId="8c84fa94-04c1-424b-9868-57a2d4851a1d" />
    <TestEntry testId="f4caa0e6-6e3d-c131-c429-ec5067fe0c26" executionId="699575e3-c139-407f-8648-43600f324263" testListId="8c84fa94-04c1-424b-9868-57a2d4851a1d" />
    <TestEntry testId="6dffef42-0f67-d446-3f31-7148f50c92b8" executionId="29332ad9-dd13-4595-972f-96fd8594c852" testListId="8c84fa94-04c1-424b-9868-57a2d4851a1d" />
    <TestEntry testId="2312b328-8686-77ae-427a-1dc0d27ceadb" executionId="2072c5c0-762b-465e-8d7a-3ae956bc0272" testListId="8c84fa94-04c1-424b-9868-57a2d4851a1d" />
    <TestEntry testId="e03ebe14-51b2-e036-9a55-b41a897e8ee7" executionId="30618e96-54ab-4513-ba03-de10863c66d5" testListId="8c84fa94-04c1-424b-9868-57a2d4851a1d" />
    <TestEntry testId="5255dc6d-608f-75ea-b670-2bf8b7b45263" executionId="52ea02bc-a415-450c-887d-461fcb4875a5" testListId="8c84fa94-04c1-424b-9868-57a2d4851a1d" />
    <TestEntry testId="87658b8d-a2b9-fc3e-5c2d-d98073969a68" executionId="df039abd-a817-4591-8dce-6b49456bde6a" testListId="8c84fa94-04c1-424b-9868-57a2d4851a1d" />
    <TestEntry testId="549ae9f4-6b0c-80f5-d847-88cbb37cd83c" executionId="f97c3dcd-5e85-4c12-a26f-8f248c792c51" testListId="8c84fa94-04c1-424b-9868-57a2d4851a1d" />
    <TestEntry testId="790b325d-3abd-eec1-3755-0e7f95bfd137" executionId="a9c6e9ac-7374-4dbc-8c40-45a012fd8f53" testListId="8c84fa94-04c1-424b-9868-57a2d4851a1d" />
    <TestEntry testId="41320dfe-3b5a-f638-b9f5-066020b7f9fb" executionId="78f250cd-7326-4bc8-97a7-57c52c48f769" testListId="8c84fa94-04c1-424b-9868-57a2d4851a1d" />
    <TestEntry testId="3788b87d-2ea5-28d2-d757-7cb0d28c8b09" executionId="ad237a55-4776-4aa6-b384-f70509701198" testListId="8c84fa94-04c1-424b-9868-57a2d4851a1d" />
    <TestEntry testId="713e31be-1e71-4306-14c3-db35d3aa1175" executionId="c0383ea3-82fa-4283-a8f7-c3fc970cec50" testListId="8c84fa94-04c1-424b-9868-57a2d4851a1d" />
    <TestEntry testId="654ef9ea-1882-bb3a-85cf-3a634c0819fe" executionId="7844548a-41ff-461b-8ab2-863807fa15d0" testListId="8c84fa94-04c1-424b-9868-57a2d4851a1d" />
    <TestEntry testId="625b0c4f-ae51-ad6c-59ca-a92337c32e20" executionId="97cffdfe-441f-44a4-b6b6-7a5557d08b30" testListId="8c84fa94-04c1-424b-9868-57a2d4851a1d" />
    <TestEntry testId="97df8d55-ad90-bd8f-de70-c9dc2b92e2c7" executionId="6fe39774-bd8c-4e3b-baa6-3b82e9ca24c1" testListId="8c84fa94-04c1-424b-9868-57a2d4851a1d" />
    <TestEntry testId="ab6d71d0-ee6a-f04c-a6dd-a8a8852d24a1" executionId="f1a0e84f-ed8a-4faa-baf3-94151d487b3d" testListId="8c84fa94-04c1-424b-9868-57a2d4851a1d" />
    <TestEntry testId="3d69c8e0-c71d-c253-b1df-d8f83d8df8e6" executionId="2800d386-5b73-4ac9-817a-510999e43fd7" testListId="8c84fa94-04c1-424b-9868-57a2d4851a1d" />
    <TestEntry testId="4efea0b2-fd13-8c87-2ec9-0987481ae174" executionId="c1ca8cf0-b481-4556-acb1-a0e3c4554061" testListId="8c84fa94-04c1-424b-9868-57a2d4851a1d" />
    <TestEntry testId="25a77e9b-f7a6-9cd0-b29d-d08216a5d765" executionId="8d1d3814-6923-484b-bdc2-89ec4c1799c1" testListId="8c84fa94-04c1-424b-9868-57a2d4851a1d" />
    <TestEntry testId="d474115b-5d44-792f-c0b3-6286fc08511c" executionId="f16e6d9d-a279-4f53-8a4d-230b5c4a1df9" testListId="8c84fa94-04c1-424b-9868-57a2d4851a1d" />
    <TestEntry testId="0c35ab26-c024-d956-23a5-b4f2d6aef4c2" executionId="c1c59567-e417-47fe-b53e-a313bb333547" testListId="8c84fa94-04c1-424b-9868-57a2d4851a1d" />
    <TestEntry testId="ecec72ae-4a1b-0909-ceb8-34060384e02f" executionId="16c9a881-e078-4411-8c33-eec3ce3f5945" testListId="8c84fa94-04c1-424b-9868-57a2d4851a1d" />
    <TestEntry testId="01acd6f1-ea71-38f7-18ae-626b04ac3478" executionId="58721519-6fc8-4a7b-bfbd-a616b0d7c8d1" testListId="8c84fa94-04c1-424b-9868-57a2d4851a1d" />
    <TestEntry testId="0ab27023-6f4f-398c-0875-29e91f222b81" executionId="8487e1d6-3976-4547-8363-29c48fa15113" testListId="8c84fa94-04c1-424b-9868-57a2d4851a1d" />
    <TestEntry testId="0cf8d1ee-2aa5-1f26-f781-4fea09aaca63" executionId="cdfd5138-d2a6-4369-acb2-f5f9c0e0d285" testListId="8c84fa94-04c1-424b-9868-57a2d4851a1d" />
    <TestEntry testId="86732163-4051-7399-a1b7-021a42dcb384" executionId="908f0259-6bf4-4963-9965-890975d9fa5c" testListId="8c84fa94-04c1-424b-9868-57a2d4851a1d" />
    <TestEntry testId="04b793ec-5c62-ae5e-cd50-abedc55872c6" executionId="ff47184c-350b-4f13-bc30-1e4d333e69eb" testListId="8c84fa94-04c1-424b-9868-57a2d4851a1d" />
    <TestEntry testId="9fa4029e-04c2-4fbb-0305-224cc2bc4579" executionId="6755ac91-6f26-4595-919f-f50e83de8171" testListId="8c84fa94-04c1-424b-9868-57a2d4851a1d" />
    <TestEntry testId="bc26215c-221b-e92a-8858-77f541750414" executionId="90c71f82-8ec4-4147-9a6f-1c3587e6f317" testListId="8c84fa94-04c1-424b-9868-57a2d4851a1d" />
    <TestEntry testId="1012c324-8161-0942-c41e-efe0e24c3068" executionId="245d61a9-5de9-4c48-bbd9-28f339af83b5" testListId="8c84fa94-04c1-424b-9868-57a2d4851a1d" />
    <TestEntry testId="71d1c267-cd8e-60d5-e61b-182ab1bdc68a" executionId="4e2535fb-3428-4932-aa19-44c711cd03e0" testListId="8c84fa94-04c1-424b-9868-57a2d4851a1d" />
    <TestEntry testId="6c1c4578-a7af-aca4-9467-6b8db73501c1" executionId="5f88eaab-15c6-494a-bb5d-b69567654081" testListId="8c84fa94-04c1-424b-9868-57a2d4851a1d" />
    <TestEntry testId="9458c6ec-e5a8-9efa-fa5f-996f70cbe542" executionId="f4706df5-9ae2-4955-acad-d1c141bc8438" testListId="8c84fa94-04c1-424b-9868-57a2d4851a1d" />
    <TestEntry testId="22e8c9f5-18cd-e757-dd99-5b5cabca4c49" executionId="78b27764-6cc9-4240-8038-aca60891804a" testListId="8c84fa94-04c1-424b-9868-57a2d4851a1d" />
    <TestEntry testId="478f3d78-10b6-28a4-5366-966921546be8" executionId="7375f639-20b3-4c79-bc7e-91df50297e69" testListId="8c84fa94-04c1-424b-9868-57a2d4851a1d" />
    <TestEntry testId="af19f751-b680-6600-9f8b-34f9762fb7cf" executionId="af9a748f-b998-49e5-aea4-8cb86874f981" testListId="8c84fa94-04c1-424b-9868-57a2d4851a1d" />
    <TestEntry testId="00c87c90-5fed-a59e-5da9-bdf8fc828b36" executionId="bf852900-5376-403b-8f55-ae5856f0c1c8" testListId="8c84fa94-04c1-424b-9868-57a2d4851a1d" />
    <TestEntry testId="fcc87965-3b73-69f4-c122-fdfc94e1d8cb" executionId="fbebe2b2-72e9-453f-a735-c456eb742588" testListId="8c84fa94-04c1-424b-9868-57a2d4851a1d" />
    <TestEntry testId="321a1e37-ed3f-fdc1-45f5-8b14a2fd9d22" executionId="ecf83111-eef2-44f5-9ba5-ccb43755664b" testListId="8c84fa94-04c1-424b-9868-57a2d4851a1d" />
    <TestEntry testId="9509b487-31fb-cc34-9fec-375f308c64f1" executionId="5b59a1b2-4752-4cd7-b193-3d74daea50be" testListId="8c84fa94-04c1-424b-9868-57a2d4851a1d" />
    <TestEntry testId="37af9221-1044-bb39-76f3-d33c0e92bc2d" executionId="2b93a5e9-cb0c-41e3-a373-e38a23d7a749" testListId="8c84fa94-04c1-424b-9868-57a2d4851a1d" />
    <TestEntry testId="adf1aabf-ee1c-1eb6-cb0b-7dfcdb73cc2e" executionId="403c5d60-2039-4d32-b510-38a34f073321" testListId="8c84fa94-04c1-424b-9868-57a2d4851a1d" />
    <TestEntry testId="ea760280-3855-9de7-a46e-864928aef426" executionId="7d3212be-657b-445f-8333-b11e8447eadc" testListId="8c84fa94-04c1-424b-9868-57a2d4851a1d" />
    <TestEntry testId="3c51f788-470f-b068-a20a-cd42a6521795" executionId="0c3a31bf-06d2-4f08-bf5c-253f9b36d6c9" testListId="8c84fa94-04c1-424b-9868-57a2d4851a1d" />
    <TestEntry testId="7056a748-e4f9-329a-3b22-50df97f55acf" executionId="b2f3f8be-6193-48c4-81a2-679255a2eb87" testListId="8c84fa94-04c1-424b-9868-57a2d4851a1d" />
    <TestEntry testId="14113774-8076-c027-eb5f-ce9b50496561" executionId="8adf0cb5-1009-4f5a-963d-56fcf67e1900" testListId="8c84fa94-04c1-424b-9868-57a2d4851a1d" />
    <TestEntry testId="706ab6ba-2b51-b9db-cf4d-e95f5e95f91d" executionId="997164c0-a597-4d2c-94a5-2ad716d1ce31" testListId="8c84fa94-04c1-424b-9868-57a2d4851a1d" />
    <TestEntry testId="65bae37c-f475-9189-ca2c-8a760a3f92ff" executionId="08d362ec-f9bd-4077-a9eb-5ded81b1e942" testListId="8c84fa94-04c1-424b-9868-57a2d4851a1d" />
    <TestEntry testId="a0157183-2b9e-596f-c60a-e365112807dc" executionId="11cdd206-adc7-4baf-93a0-42cd971e9299" testListId="8c84fa94-04c1-424b-9868-57a2d4851a1d" />
    <TestEntry testId="8f91f03b-52eb-2c3c-675c-55cedbafec7f" executionId="b6d5714a-5cc9-43d9-86a0-dfd6cdb111b0" testListId="8c84fa94-04c1-424b-9868-57a2d4851a1d" />
    <TestEntry testId="3546d9b7-4026-1f42-4d63-c78b4bd42ca5" executionId="79618824-e562-4c60-8f86-8e68ad3b8790" testListId="8c84fa94-04c1-424b-9868-57a2d4851a1d" />
    <TestEntry testId="3706f52f-501f-e437-b20e-47a7a96d2a24" executionId="7984247d-104d-46ec-8527-e84235c48af1" testListId="8c84fa94-04c1-424b-9868-57a2d4851a1d" />
    <TestEntry testId="67da564e-6940-64cf-631a-afe062bb1f5c" executionId="5c0403eb-3085-402f-9999-b09d5900485f" testListId="8c84fa94-04c1-424b-9868-57a2d4851a1d" />
    <TestEntry testId="0c59d76c-fcfa-911e-0eb0-a6a4bb0be5cb" executionId="4eb41e18-525e-4c7e-8402-c10c6a4cc907" testListId="8c84fa94-04c1-424b-9868-57a2d4851a1d" />
    <TestEntry testId="d9444b0f-2afc-6e33-3f17-3c6285628dbd" executionId="1bf925a6-ffc9-420d-9bb1-30fafdde90ff" testListId="8c84fa94-04c1-424b-9868-57a2d4851a1d" />
    <TestEntry testId="4a656428-a2cf-3901-edf6-8416647c8b40" executionId="d0bd783a-586c-4137-9493-b9465ba6b0b6" testListId="8c84fa94-04c1-424b-9868-57a2d4851a1d" />
    <TestEntry testId="682d9c8c-0c1a-75fd-a1d2-d379a05c7ce3" executionId="0938b8a2-3e81-4c82-a3d4-fa88940f9f00" testListId="8c84fa94-04c1-424b-9868-57a2d4851a1d" />
    <TestEntry testId="7701f5fd-cbf9-f23c-fedf-a0f75e421ca3" executionId="bf0ce6c9-08bf-4605-a0ac-da1896649e77" testListId="8c84fa94-04c1-424b-9868-57a2d4851a1d" />
    <TestEntry testId="9ed9400e-36e7-5296-9ea5-358c22b526a5" executionId="d53d7f85-c1e9-46c7-b12e-3ff78bd16ac8" testListId="8c84fa94-04c1-424b-9868-57a2d4851a1d" />
    <TestEntry testId="ff2a19eb-d274-bc17-d69b-1ac44c30935b" executionId="bb51f121-2b55-4b39-a7b5-8f5aa95fa9b9" testListId="8c84fa94-04c1-424b-9868-57a2d4851a1d" />
    <TestEntry testId="66b2a30f-8850-0f1e-aa89-5d56c4f90710" executionId="1668f1ec-29f5-4449-ae9b-a2885d192ccf" testListId="8c84fa94-04c1-424b-9868-57a2d4851a1d" />
    <TestEntry testId="3d6e4665-1829-641c-4861-4af62b7a71a9" executionId="77d0c566-b642-40aa-8836-c73bc55cf0c8" testListId="8c84fa94-04c1-424b-9868-57a2d4851a1d" />
    <TestEntry testId="ffc04f98-ebde-4d4a-8364-6dbb9f652689" executionId="3b8b3567-85d1-4490-b13f-1e1566f48298" testListId="8c84fa94-04c1-424b-9868-57a2d4851a1d" />
    <TestEntry testId="f6d0521c-fa56-8a50-37b1-66020c9096c5" executionId="2d1892f7-e437-40b4-8d28-7697eb52aac8" testListId="8c84fa94-04c1-424b-9868-57a2d4851a1d" />
    <TestEntry testId="04a0a07d-6748-3fda-40b9-fa38276ccd33" executionId="ebb0e09d-034d-49e3-8054-3358d0064bc3" testListId="8c84fa94-04c1-424b-9868-57a2d4851a1d" />
    <TestEntry testId="e6a694f9-d3f0-9a3a-82cb-9c48c0d4fe95" executionId="9a0b6b7a-0f0c-4547-867b-af14905e5ae3" testListId="8c84fa94-04c1-424b-9868-57a2d4851a1d" />
    <TestEntry testId="40b05d2c-3508-4dea-d68b-5b8372859f2c" executionId="df98b166-d101-4e6a-93fb-fa0daa3be0f8" testListId="8c84fa94-04c1-424b-9868-57a2d4851a1d" />
    <TestEntry testId="f8a4a244-dbd0-c4f9-e484-9d9cd1b3f176" executionId="bc1502e3-f2d9-4426-869d-6b6661a588ed" testListId="8c84fa94-04c1-424b-9868-57a2d4851a1d" />
    <TestEntry testId="9be046ce-d5fd-9427-1050-dab4a1484a22" executionId="3229451f-3be1-499d-8e9b-d760b0527b39" testListId="8c84fa94-04c1-424b-9868-57a2d4851a1d" />
    <TestEntry testId="ae49b406-a129-4a99-756f-9445e7e0bcb8" executionId="18cbc141-4caf-442c-812f-6cfc8d0c6562" testListId="8c84fa94-04c1-424b-9868-57a2d4851a1d" />
    <TestEntry testId="440dfa76-f2d6-e073-a941-9c06f5701cb8" executionId="a2116134-7ac4-47d8-a4bf-eb113479f71f" testListId="8c84fa94-04c1-424b-9868-57a2d4851a1d" />
    <TestEntry testId="4d49d458-cfe1-d6c1-2067-018152c6cee1" executionId="43af8fb7-fb42-41f9-9bc3-93959d672a3c" testListId="8c84fa94-04c1-424b-9868-57a2d4851a1d" />
    <TestEntry testId="4c10f3c4-fd8c-41f9-b944-356e748b698a" executionId="8c058f78-2c40-4f9c-b9d9-6891b9d4fdf2" testListId="8c84fa94-04c1-424b-9868-57a2d4851a1d" />
    <TestEntry testId="6929a334-af19-28ff-1261-b86a33752757" executionId="c0369c08-36b6-4ebe-9640-f8fcba67a35c" testListId="8c84fa94-04c1-424b-9868-57a2d4851a1d" />
    <TestEntry testId="b62d72e0-9de4-5866-12c5-253681d0df88" executionId="ed08c973-a6e7-4ee2-aaba-9f54404a3a94" testListId="8c84fa94-04c1-424b-9868-57a2d4851a1d" />
    <TestEntry testId="a96aeaab-ab34-d0c0-ddcf-e1f5c6aa6924" executionId="68543ef6-a45a-44dc-be55-5a5c0fd5e467" testListId="8c84fa94-04c1-424b-9868-57a2d4851a1d" />
    <TestEntry testId="100430cd-6565-18f3-c294-373025ab087e" executionId="948655c8-f9f9-4cb0-8dfc-bf7a7ddfc35f" testListId="8c84fa94-04c1-424b-9868-57a2d4851a1d" />
    <TestEntry testId="af75ef55-0542-65e8-b2ae-a8714b1b6ee8" executionId="3f5c7a2e-328c-4fa7-aee7-b474e12e34bd" testListId="8c84fa94-04c1-424b-9868-57a2d4851a1d" />
    <TestEntry testId="4744d4ae-2521-b24e-d5ed-700cfccee5b6" executionId="8ecb3682-4ce5-4368-bf1d-e2883216a97b" testListId="8c84fa94-04c1-424b-9868-57a2d4851a1d" />
    <TestEntry testId="a7dcfefc-4bb1-7cd3-999f-cc58af315ef6" executionId="9c3b495c-ac93-400a-9eb8-f3a7acfff616" testListId="8c84fa94-04c1-424b-9868-57a2d4851a1d" />
    <TestEntry testId="17123aeb-362b-66b0-2981-2994bc93be84" executionId="f9fb6078-076c-4358-a247-f2f3cbf55472" testListId="8c84fa94-04c1-424b-9868-57a2d4851a1d" />
    <TestEntry testId="7a356f2b-a14c-5916-12db-273db6c151e1" executionId="5b5665ba-e458-4cbe-aab9-4fdb90353138" testListId="8c84fa94-04c1-424b-9868-57a2d4851a1d" />
    <TestEntry testId="72321927-3b83-84e2-bb23-4e4ef51fbf75" executionId="804dedd5-26b2-4b84-9a87-c4d2683cd92b" testListId="8c84fa94-04c1-424b-9868-57a2d4851a1d" />
    <TestEntry testId="b9a13a5b-81a8-ca23-bb4b-d95c063257a2" executionId="d9dfb967-9885-405d-9868-8c31f7100188" testListId="8c84fa94-04c1-424b-9868-57a2d4851a1d" />
    <TestEntry testId="5a784b05-d140-3c48-a864-8715e0cfaed9" executionId="5afde45b-42f2-471e-9d04-7a28df607773" testListId="8c84fa94-04c1-424b-9868-57a2d4851a1d" />
    <TestEntry testId="75c9d967-90eb-dc3b-3504-20fd3872b6a3" executionId="edcd4532-d2fb-4e84-800e-0d2c7d03887c" testListId="8c84fa94-04c1-424b-9868-57a2d4851a1d" />
    <TestEntry testId="50e25875-2c25-fb3c-95d0-d87b9191fafb" executionId="150df723-f9b3-4dbe-ad32-9551cd215aa7" testListId="8c84fa94-04c1-424b-9868-57a2d4851a1d" />
    <TestEntry testId="124a5e80-5b0d-71a0-1c67-af5274a72cea" executionId="54e9e4e2-de8b-4ac2-8790-a0e7bdbafe71" testListId="8c84fa94-04c1-424b-9868-57a2d4851a1d" />
    <TestEntry testId="3359bec4-f88f-6930-585f-325fb5905ea7" executionId="6e797f42-25df-4be5-9bf8-b4c09c3d4b22" testListId="8c84fa94-04c1-424b-9868-57a2d4851a1d" />
    <TestEntry testId="567aecf6-8050-60d3-0df1-56b65b0170fd" executionId="29ff748a-3b63-4172-9083-a4b1969d44fd" testListId="8c84fa94-04c1-424b-9868-57a2d4851a1d" />
    <TestEntry testId="cf8e917f-8493-b13d-e6de-2124749937b2" executionId="9d23e45d-1abe-4a35-b088-8b4c0a9f563a" testListId="8c84fa94-04c1-424b-9868-57a2d4851a1d" />
    <TestEntry testId="bd1a2810-75db-7add-94a1-1261e7ac4845" executionId="ab5bd98f-18b3-4310-942c-e34bc3fd82f9" testListId="8c84fa94-04c1-424b-9868-57a2d4851a1d" />
    <TestEntry testId="99c8a6bf-0fcb-9ae5-1df7-fe0771c61c89" executionId="c0211e4d-77c2-4095-bdd6-f7bb3b6408f3" testListId="8c84fa94-04c1-424b-9868-57a2d4851a1d" />
    <TestEntry testId="f77ab445-72c1-9358-91c3-ed101d29fad1" executionId="930b1cdb-c26e-4772-9807-9fc7d6ba7e75" testListId="8c84fa94-04c1-424b-9868-57a2d4851a1d" />
  </TestEntries>
  <TestLists>
    <TestList name="Results Not in a List" id="8c84fa94-04c1-424b-9868-57a2d4851a1d" />
    <TestList name="All Loaded Results" id="19431567-8539-422a-85d7-44ee4e166bda" />
  </TestLists>
  <ResultSummary outcome="Completed">
    <Counters total="249" executed="229" passed="229" failed="0" error="0" timeout="0" aborted="0" inconclusive="0" passedButRunAborted="0" notRunnable="0" notExecuted="0" disconnected="0" warning="0" completed="0" inProgress="0" pending="0" />
    <Output>
      <StdOut>[xUnit.net 00:00:00.00] xUnit.net VSTest Adapter v2.8.2+699d445a1a (64-bit .NET 8.0.19)
[xUnit.net 00:00:00.08]   Discovering: Kiwibank.Payments.PaymentsOrchestrator.Testings.Integration.Mocked
[xUnit.net 00:00:00.10]   Discovered:  Kiwibank.Payments.PaymentsOrchestrator.Testings.Integration.Mocked
Test 'POrchAPI_Valid_Payee_Reference_Return_Success_Todo (&amp;&lt;&gt;,201,)' was skipped in the test run.
Test 'POrchAPI_Middleware_Retries_To_Maximum_Failure_Limit' was skipped in the test run.
Test 'POrchAPI_TMVToUltracs_Negative_MiddleWare_Response_409 (FrozenError,409,)' was skipped in the test run.
Test 'POrchAPI_TMVToUltracs_Negative_MiddleWare_Response_409 (ClosedAccountError,409,)' was skipped in the test run.
Test 'POrchAPI_TMVToUltracs_Negative_MiddleWare_Response_409 (InsufficientFundsError,409,)' was skipped in the test run.
Test 'POrchAPI_TMVToUltracs_Negative_MiddleWare_Response_409 (InvalidBankBranchNumberError,409,)' was skipped in the test run.
Test 'POrchAPI_TMVToUltracs_Negative_MiddleWare_Response_409 (AccountDetectionFailedError,409,)' was skipped in the test run.
Test 'POrchAPI_TMVToUltracs_Negative_MiddleWare_Response_409 (WithdrawalNotPermittedError,409,)' was skipped in the test run.
Test 'POrchAPI_TMVToUltracs_Negative_MiddleWare_Response_409 (AccountNumberIsInvalidError,409,)' was skipped in the test run.
Test 'POrchAPI_TMVToUltracs_Negative_MiddleWare_Response_409 (AccountIdentificationInsufficientError,409,)' was skipped in the test run.
Test 'POrchAPI_TMVToUltracs_Negative_MiddleWare_Response_409 (UnknownError,500,)' was skipped in the test run.
Test 'POrchAPI_UltracsToTMV_Negative_MiddleWare_Response_409 (FrozenError,409,)' was skipped in the test run.
Test 'POrchAPI_UltracsToTMV_Negative_MiddleWare_Response_409 (ClosedAccountError,409,)' was skipped in the test run.
Test 'POrchAPI_UltracsToTMV_Negative_MiddleWare_Response_409 (InsufficientFundsError,409,)' was skipped in the test run.
Test 'POrchAPI_UltracsToTMV_Negative_MiddleWare_Response_409 (InvalidBankBranchNumberError,409,)' was skipped in the test run.
Test 'POrchAPI_UltracsToTMV_Negative_MiddleWare_Response_409 (AccountDetectionFailedError,409,)' was skipped in the test run.
Test 'POrchAPI_UltracsToTMV_Negative_MiddleWare_Response_409 (WithdrawalNotPermittedError,409,)' was skipped in the test run.
Test 'POrchAPI_UltracsToTMV_Negative_MiddleWare_Response_409 (AccountNumberIsInvalidError,409,)' was skipped in the test run.
Test 'POrchAPI_UltracsToTMV_Negative_MiddleWare_Response_409 (AccountIdentificationInsufficientError,409,)' was skipped in the test run.
Test 'POrchAPI_UltracsToTMV_Negative_MiddleWare_Response_409 (UnknownError,500,)' was skipped in the test run.
</StdOut>
    </Output>
  </ResultSummary>
</TestRun>